ARM GAS  /tmp/ccqC49Gj.s 			page 1


   1              		.cpu cortex-m3
   2              		.eabi_attribute 20, 1
   3              		.eabi_attribute 21, 1
   4              		.eabi_attribute 23, 3
   5              		.eabi_attribute 24, 1
   6              		.eabi_attribute 25, 1
   7              		.eabi_attribute 26, 1
   8              		.eabi_attribute 30, 4
   9              		.eabi_attribute 34, 1
  10              		.eabi_attribute 18, 4
  11              		.file	"stm32f1xx_hal_rtc_ex.c"
  12              		.section	.text.HAL_RTCEx_SetTamper,"ax",%progbits
  13              		.align	1
  14              		.global	HAL_RTCEx_SetTamper
  15              		.syntax unified
  16              		.thumb
  17              		.thumb_func
  18              		.fpu softvfp
  20              	HAL_RTCEx_SetTamper:
  21              		@ args = 0, pretend = 0, frame = 0
  22              		@ frame_needed = 0, uses_anonymous_args = 0
  23 0000 70B5     		push	{r4, r5, r6, lr}
  24 0002 88B1     		cbz	r0, .L5
  25 0004 81B1     		cbz	r1, .L5
  26 0006 037C     		ldrb	r3, [r0, #16]	@ zero_extendqisi2
  27 0008 012B     		cmp	r3, #1
  28 000a 4FF00203 		mov	r3, #2
  29 000e 16D0     		beq	.L6
  30 0010 0124     		movs	r4, #1
  31 0012 0C4D     		ldr	r5, .L7
  32 0014 4374     		strb	r3, [r0, #17]
  33 0016 EB6A     		ldr	r3, [r5, #44]
  34 0018 0474     		strb	r4, [r0, #16]
  35 001a 13F4C073 		ands	r3, r3, #384
  36 001e 05D0     		beq	.L3
  37 0020 0423     		movs	r3, #4
  38 0022 4374     		strb	r3, [r0, #17]
  39 0024 0023     		movs	r3, #0
  40 0026 0374     		strb	r3, [r0, #16]
  41              	.L5:
  42 0028 0120     		movs	r0, #1
  43 002a 70BD     		pop	{r4, r5, r6, pc}
  44              	.L3:
  45 002c 2E6B     		ldr	r6, [r5, #48]
  46 002e 06C9     		ldm	r1, {r1, r2}
  47 0030 0A43     		orrs	r2, r2, r1
  48 0032 26F00301 		bic	r1, r6, #3
  49 0036 0A43     		orrs	r2, r2, r1
  50 0038 2A63     		str	r2, [r5, #48]
  51 003a 4474     		strb	r4, [r0, #17]
  52 003c 0374     		strb	r3, [r0, #16]
  53              	.L6:
  54 003e 1846     		mov	r0, r3
  55 0040 70BD     		pop	{r4, r5, r6, pc}
  56              	.L8:
  57 0042 00BF     		.align	2
  58              	.L7:
ARM GAS  /tmp/ccqC49Gj.s 			page 2


  59 0044 006C0040 		.word	1073769472
  61              		.section	.text.HAL_RTCEx_SetTamper_IT,"ax",%progbits
  62              		.align	1
  63              		.global	HAL_RTCEx_SetTamper_IT
  64              		.syntax unified
  65              		.thumb
  66              		.thumb_func
  67              		.fpu softvfp
  69              	HAL_RTCEx_SetTamper_IT:
  70              		@ args = 0, pretend = 0, frame = 0
  71              		@ frame_needed = 0, uses_anonymous_args = 0
  72 0000 70B5     		push	{r4, r5, r6, lr}
  73 0002 88B1     		cbz	r0, .L13
  74 0004 81B1     		cbz	r1, .L13
  75 0006 037C     		ldrb	r3, [r0, #16]	@ zero_extendqisi2
  76 0008 012B     		cmp	r3, #1
  77 000a 4FF00203 		mov	r3, #2
  78 000e 1AD0     		beq	.L14
  79 0010 0125     		movs	r5, #1
  80 0012 0E4A     		ldr	r2, .L15
  81 0014 4374     		strb	r3, [r0, #17]
  82 0016 D36A     		ldr	r3, [r2, #44]
  83 0018 0574     		strb	r5, [r0, #16]
  84 001a 13F4C073 		ands	r3, r3, #384
  85 001e 05D0     		beq	.L11
  86 0020 0423     		movs	r3, #4
  87 0022 4374     		strb	r3, [r0, #17]
  88 0024 0023     		movs	r3, #0
  89 0026 0374     		strb	r3, [r0, #16]
  90              	.L13:
  91 0028 0120     		movs	r0, #1
  92 002a 70BD     		pop	{r4, r5, r6, pc}
  93              	.L11:
  94 002c 166B     		ldr	r6, [r2, #48]
  95 002e 12C9     		ldm	r1, {r1, r4}
  96 0030 2143     		orrs	r1, r1, r4
  97 0032 26F00304 		bic	r4, r6, #3
  98 0036 2143     		orrs	r1, r1, r4
  99 0038 1163     		str	r1, [r2, #48]
 100 003a 516B     		ldr	r1, [r2, #52]
 101 003c 41F00401 		orr	r1, r1, #4
 102 0040 5163     		str	r1, [r2, #52]
 103 0042 4574     		strb	r5, [r0, #17]
 104 0044 0374     		strb	r3, [r0, #16]
 105              	.L14:
 106 0046 1846     		mov	r0, r3
 107 0048 70BD     		pop	{r4, r5, r6, pc}
 108              	.L16:
 109 004a 00BF     		.align	2
 110              	.L15:
 111 004c 006C0040 		.word	1073769472
 113              		.section	.text.HAL_RTCEx_DeactivateTamper,"ax",%progbits
 114              		.align	1
 115              		.global	HAL_RTCEx_DeactivateTamper
 116              		.syntax unified
 117              		.thumb
 118              		.thumb_func
ARM GAS  /tmp/ccqC49Gj.s 			page 3


 119              		.fpu softvfp
 121              	HAL_RTCEx_DeactivateTamper:
 122              		@ args = 0, pretend = 0, frame = 0
 123              		@ frame_needed = 0, uses_anonymous_args = 0
 124              		@ link register save eliminated.
 125 0000 E0B1     		cbz	r0, .L19
 126 0002 037C     		ldrb	r3, [r0, #16]	@ zero_extendqisi2
 127 0004 012B     		cmp	r3, #1
 128 0006 4FF00203 		mov	r3, #2
 129 000a 15D0     		beq	.L20
 130 000c 4374     		strb	r3, [r0, #17]
 131 000e 0C4B     		ldr	r3, .L21
 132 0010 1A6B     		ldr	r2, [r3, #48]
 133 0012 22F00102 		bic	r2, r2, #1
 134 0016 1A63     		str	r2, [r3, #48]
 135 0018 5A6B     		ldr	r2, [r3, #52]
 136 001a 22F00402 		bic	r2, r2, #4
 137 001e 5A63     		str	r2, [r3, #52]
 138 0020 5A6B     		ldr	r2, [r3, #52]
 139 0022 42F00302 		orr	r2, r2, #3
 140 0026 5A63     		str	r2, [r3, #52]
 141 0028 5A6B     		ldr	r2, [r3, #52]
 142 002a 42F00102 		orr	r2, r2, #1
 143 002e 5A63     		str	r2, [r3, #52]
 144 0030 0123     		movs	r3, #1
 145 0032 4374     		strb	r3, [r0, #17]
 146 0034 0023     		movs	r3, #0
 147 0036 0374     		strb	r3, [r0, #16]
 148              	.L20:
 149 0038 1846     		mov	r0, r3
 150 003a 7047     		bx	lr
 151              	.L19:
 152 003c 0120     		movs	r0, #1
 153 003e 7047     		bx	lr
 154              	.L22:
 155              		.align	2
 156              	.L21:
 157 0040 006C0040 		.word	1073769472
 159              		.section	.text.HAL_RTCEx_Tamper1EventCallback,"ax",%progbits
 160              		.align	1
 161              		.weak	HAL_RTCEx_Tamper1EventCallback
 162              		.syntax unified
 163              		.thumb
 164              		.thumb_func
 165              		.fpu softvfp
 167              	HAL_RTCEx_Tamper1EventCallback:
 168              		@ args = 0, pretend = 0, frame = 0
 169              		@ frame_needed = 0, uses_anonymous_args = 0
 170              		@ link register save eliminated.
 171 0000 7047     		bx	lr
 173              		.section	.text.HAL_RTCEx_TamperIRQHandler,"ax",%progbits
 174              		.align	1
 175              		.global	HAL_RTCEx_TamperIRQHandler
 176              		.syntax unified
 177              		.thumb
 178              		.thumb_func
 179              		.fpu softvfp
ARM GAS  /tmp/ccqC49Gj.s 			page 4


 181              	HAL_RTCEx_TamperIRQHandler:
 182              		@ args = 0, pretend = 0, frame = 0
 183              		@ frame_needed = 0, uses_anonymous_args = 0
 184 0000 38B5     		push	{r3, r4, r5, lr}
 185 0002 084C     		ldr	r4, .L32
 186 0004 0546     		mov	r5, r0
 187 0006 636B     		ldr	r3, [r4, #52]
 188 0008 5A07     		lsls	r2, r3, #29
 189 000a 08D5     		bpl	.L25
 190 000c 636B     		ldr	r3, [r4, #52]
 191 000e DB05     		lsls	r3, r3, #23
 192 0010 05D5     		bpl	.L25
 193 0012 FFF7FEFF 		bl	HAL_RTCEx_Tamper1EventCallback
 194 0016 636B     		ldr	r3, [r4, #52]
 195 0018 43F00303 		orr	r3, r3, #3
 196 001c 6363     		str	r3, [r4, #52]
 197              	.L25:
 198 001e 0123     		movs	r3, #1
 199 0020 6B74     		strb	r3, [r5, #17]
 200 0022 38BD     		pop	{r3, r4, r5, pc}
 201              	.L33:
 202              		.align	2
 203              	.L32:
 204 0024 006C0040 		.word	1073769472
 206              		.section	.text.HAL_RTCEx_PollForTamper1Event,"ax",%progbits
 207              		.align	1
 208              		.global	HAL_RTCEx_PollForTamper1Event
 209              		.syntax unified
 210              		.thumb
 211              		.thumb_func
 212              		.fpu softvfp
 214              	HAL_RTCEx_PollForTamper1Event:
 215              		@ args = 0, pretend = 0, frame = 0
 216              		@ frame_needed = 0, uses_anonymous_args = 0
 217 0000 F8B5     		push	{r3, r4, r5, r6, r7, lr}
 218 0002 0446     		mov	r4, r0
 219 0004 0E46     		mov	r6, r1
 220 0006 FFF7FEFF 		bl	HAL_GetTick
 221 000a 0746     		mov	r7, r0
 222 000c BCB1     		cbz	r4, .L41
 223 000e 0D4D     		ldr	r5, .L44
 224              	.L37:
 225 0010 6B6B     		ldr	r3, [r5, #52]
 226 0012 DB05     		lsls	r3, r3, #23
 227 0014 07D5     		bpl	.L40
 228 0016 6B6B     		ldr	r3, [r5, #52]
 229 0018 0020     		movs	r0, #0
 230 001a 43F00303 		orr	r3, r3, #3
 231 001e 6B63     		str	r3, [r5, #52]
 232 0020 0123     		movs	r3, #1
 233 0022 6374     		strb	r3, [r4, #17]
 234 0024 F8BD     		pop	{r3, r4, r5, r6, r7, pc}
 235              	.L40:
 236 0026 721C     		adds	r2, r6, #1
 237 0028 F2D0     		beq	.L37
 238 002a 16B9     		cbnz	r6, .L38
 239              	.L39:
ARM GAS  /tmp/ccqC49Gj.s 			page 5


 240 002c 0320     		movs	r0, #3
 241 002e 6074     		strb	r0, [r4, #17]
 242 0030 F8BD     		pop	{r3, r4, r5, r6, r7, pc}
 243              	.L38:
 244 0032 FFF7FEFF 		bl	HAL_GetTick
 245 0036 C01B     		subs	r0, r0, r7
 246 0038 8642     		cmp	r6, r0
 247 003a E9D2     		bcs	.L37
 248 003c F6E7     		b	.L39
 249              	.L41:
 250 003e 0120     		movs	r0, #1
 251 0040 F8BD     		pop	{r3, r4, r5, r6, r7, pc}
 252              	.L45:
 253 0042 00BF     		.align	2
 254              	.L44:
 255 0044 006C0040 		.word	1073769472
 257              		.section	.text.HAL_RTCEx_SetSecond_IT,"ax",%progbits
 258              		.align	1
 259              		.global	HAL_RTCEx_SetSecond_IT
 260              		.syntax unified
 261              		.thumb
 262              		.thumb_func
 263              		.fpu softvfp
 265              	HAL_RTCEx_SetSecond_IT:
 266              		@ args = 0, pretend = 0, frame = 0
 267              		@ frame_needed = 0, uses_anonymous_args = 0
 268              		@ link register save eliminated.
 269 0000 80B1     		cbz	r0, .L48
 270 0002 037C     		ldrb	r3, [r0, #16]	@ zero_extendqisi2
 271 0004 012B     		cmp	r3, #1
 272 0006 4FF00203 		mov	r3, #2
 273 000a 09D0     		beq	.L49
 274 000c 0268     		ldr	r2, [r0]
 275 000e 4374     		strb	r3, [r0, #17]
 276 0010 1368     		ldr	r3, [r2]
 277 0012 43F00103 		orr	r3, r3, #1
 278 0016 1360     		str	r3, [r2]
 279 0018 0123     		movs	r3, #1
 280 001a 4374     		strb	r3, [r0, #17]
 281 001c 0023     		movs	r3, #0
 282 001e 0374     		strb	r3, [r0, #16]
 283              	.L49:
 284 0020 1846     		mov	r0, r3
 285 0022 7047     		bx	lr
 286              	.L48:
 287 0024 0120     		movs	r0, #1
 288 0026 7047     		bx	lr
 290              		.section	.text.HAL_RTCEx_DeactivateSecond,"ax",%progbits
 291              		.align	1
 292              		.global	HAL_RTCEx_DeactivateSecond
 293              		.syntax unified
 294              		.thumb
 295              		.thumb_func
 296              		.fpu softvfp
 298              	HAL_RTCEx_DeactivateSecond:
 299              		@ args = 0, pretend = 0, frame = 0
 300              		@ frame_needed = 0, uses_anonymous_args = 0
ARM GAS  /tmp/ccqC49Gj.s 			page 6


 301              		@ link register save eliminated.
 302 0000 80B1     		cbz	r0, .L52
 303 0002 037C     		ldrb	r3, [r0, #16]	@ zero_extendqisi2
 304 0004 012B     		cmp	r3, #1
 305 0006 4FF00203 		mov	r3, #2
 306 000a 09D0     		beq	.L53
 307 000c 0268     		ldr	r2, [r0]
 308 000e 4374     		strb	r3, [r0, #17]
 309 0010 1368     		ldr	r3, [r2]
 310 0012 23F00103 		bic	r3, r3, #1
 311 0016 1360     		str	r3, [r2]
 312 0018 0123     		movs	r3, #1
 313 001a 4374     		strb	r3, [r0, #17]
 314 001c 0023     		movs	r3, #0
 315 001e 0374     		strb	r3, [r0, #16]
 316              	.L53:
 317 0020 1846     		mov	r0, r3
 318 0022 7047     		bx	lr
 319              	.L52:
 320 0024 0120     		movs	r0, #1
 321 0026 7047     		bx	lr
 323              		.section	.text.HAL_RTCEx_RTCEventCallback,"ax",%progbits
 324              		.align	1
 325              		.weak	HAL_RTCEx_RTCEventCallback
 326              		.syntax unified
 327              		.thumb
 328              		.thumb_func
 329              		.fpu softvfp
 331              	HAL_RTCEx_RTCEventCallback:
 332              		@ args = 0, pretend = 0, frame = 0
 333              		@ frame_needed = 0, uses_anonymous_args = 0
 334              		@ link register save eliminated.
 335 0000 7047     		bx	lr
 337              		.section	.text.HAL_RTCEx_RTCEventErrorCallback,"ax",%progbits
 338              		.align	1
 339              		.weak	HAL_RTCEx_RTCEventErrorCallback
 340              		.syntax unified
 341              		.thumb
 342              		.thumb_func
 343              		.fpu softvfp
 345              	HAL_RTCEx_RTCEventErrorCallback:
 346              		@ args = 0, pretend = 0, frame = 0
 347              		@ frame_needed = 0, uses_anonymous_args = 0
 348              		@ link register save eliminated.
 349 0000 7047     		bx	lr
 351              		.section	.text.HAL_RTCEx_RTCIRQHandler,"ax",%progbits
 352              		.align	1
 353              		.global	HAL_RTCEx_RTCIRQHandler
 354              		.syntax unified
 355              		.thumb
 356              		.thumb_func
 357              		.fpu softvfp
 359              	HAL_RTCEx_RTCIRQHandler:
 360              		@ args = 0, pretend = 0, frame = 0
 361              		@ frame_needed = 0, uses_anonymous_args = 0
 362 0000 0368     		ldr	r3, [r0]
 363 0002 10B5     		push	{r4, lr}
ARM GAS  /tmp/ccqC49Gj.s 			page 7


 364 0004 1A68     		ldr	r2, [r3]
 365 0006 0446     		mov	r4, r0
 366 0008 D107     		lsls	r1, r2, #31
 367 000a 11D5     		bpl	.L56
 368 000c 5A68     		ldr	r2, [r3, #4]
 369 000e D207     		lsls	r2, r2, #31
 370 0010 0ED5     		bpl	.L56
 371 0012 5B68     		ldr	r3, [r3, #4]
 372 0014 5B07     		lsls	r3, r3, #29
 373 0016 0CD5     		bpl	.L58
 374 0018 FFF7FEFF 		bl	HAL_RTCEx_RTCEventErrorCallback
 375 001c 6FF00402 		mvn	r2, #4
 376 0020 2368     		ldr	r3, [r4]
 377 0022 5A60     		str	r2, [r3, #4]
 378 0024 0423     		movs	r3, #4
 379              	.L66:
 380 0026 6FF00102 		mvn	r2, #1
 381 002a 6374     		strb	r3, [r4, #17]
 382 002c 2368     		ldr	r3, [r4]
 383 002e 5A60     		str	r2, [r3, #4]
 384              	.L56:
 385 0030 10BD     		pop	{r4, pc}
 386              	.L58:
 387 0032 FFF7FEFF 		bl	HAL_RTCEx_RTCEventCallback
 388 0036 0123     		movs	r3, #1
 389 0038 F5E7     		b	.L66
 391              		.section	.text.HAL_RTCEx_BKUPWrite,"ax",%progbits
 392              		.align	1
 393              		.global	HAL_RTCEx_BKUPWrite
 394              		.syntax unified
 395              		.thumb
 396              		.thumb_func
 397              		.fpu softvfp
 399              	HAL_RTCEx_BKUPWrite:
 400              		@ args = 0, pretend = 0, frame = 0
 401              		@ frame_needed = 0, uses_anonymous_args = 0
 402              		@ link register save eliminated.
 403 0000 8900     		lsls	r1, r1, #2
 404 0002 01F18041 		add	r1, r1, #1073741824
 405 0006 01F5D841 		add	r1, r1, #27648
 406 000a 92B2     		uxth	r2, r2
 407 000c 0A60     		str	r2, [r1]
 408 000e 7047     		bx	lr
 410              		.section	.text.HAL_RTCEx_BKUPRead,"ax",%progbits
 411              		.align	1
 412              		.global	HAL_RTCEx_BKUPRead
 413              		.syntax unified
 414              		.thumb
 415              		.thumb_func
 416              		.fpu softvfp
 418              	HAL_RTCEx_BKUPRead:
 419              		@ args = 0, pretend = 0, frame = 0
 420              		@ frame_needed = 0, uses_anonymous_args = 0
 421              		@ link register save eliminated.
 422 0000 8900     		lsls	r1, r1, #2
 423 0002 01F18041 		add	r1, r1, #1073741824
 424 0006 01F5D841 		add	r1, r1, #27648
ARM GAS  /tmp/ccqC49Gj.s 			page 8


 425 000a 0868     		ldr	r0, [r1]
 426 000c 80B2     		uxth	r0, r0
 427 000e 7047     		bx	lr
 429              		.section	.text.HAL_RTCEx_SetSmoothCalib,"ax",%progbits
 430              		.align	1
 431              		.global	HAL_RTCEx_SetSmoothCalib
 432              		.syntax unified
 433              		.thumb
 434              		.thumb_func
 435              		.fpu softvfp
 437              	HAL_RTCEx_SetSmoothCalib:
 438              		@ args = 0, pretend = 0, frame = 0
 439              		@ frame_needed = 0, uses_anonymous_args = 0
 440              		@ link register save eliminated.
 441 0000 88B1     		cbz	r0, .L71
 442 0002 027C     		ldrb	r2, [r0, #16]	@ zero_extendqisi2
 443 0004 012A     		cmp	r2, #1
 444 0006 4FF00202 		mov	r2, #2
 445 000a 0ED0     		beq	.L72
 446 000c 0849     		ldr	r1, .L73
 447 000e 4274     		strb	r2, [r0, #17]
 448 0010 CA6A     		ldr	r2, [r1, #44]
 449 0012 22F07F02 		bic	r2, r2, #127
 450 0016 1343     		orrs	r3, r3, r2
 451 0018 CB62     		str	r3, [r1, #44]
 452 001a 0123     		movs	r3, #1
 453 001c 4374     		strb	r3, [r0, #17]
 454 001e 0023     		movs	r3, #0
 455 0020 0374     		strb	r3, [r0, #16]
 456 0022 1846     		mov	r0, r3
 457 0024 7047     		bx	lr
 458              	.L71:
 459 0026 0120     		movs	r0, #1
 460 0028 7047     		bx	lr
 461              	.L72:
 462 002a 1046     		mov	r0, r2
 463 002c 7047     		bx	lr
 464              	.L74:
 465 002e 00BF     		.align	2
 466              	.L73:
 467 0030 006C0040 		.word	1073769472
 469              		.ident	"GCC: (15:6.3.1+svn253039-1build1) 6.3.1 20170620"
ARM GAS  /tmp/ccqC49Gj.s 			page 9


DEFINED SYMBOLS
                            *ABS*:0000000000000000 stm32f1xx_hal_rtc_ex.c
     /tmp/ccqC49Gj.s:13     .text.HAL_RTCEx_SetTamper:0000000000000000 $t
     /tmp/ccqC49Gj.s:20     .text.HAL_RTCEx_SetTamper:0000000000000000 HAL_RTCEx_SetTamper
     /tmp/ccqC49Gj.s:59     .text.HAL_RTCEx_SetTamper:0000000000000044 $d
     /tmp/ccqC49Gj.s:62     .text.HAL_RTCEx_SetTamper_IT:0000000000000000 $t
     /tmp/ccqC49Gj.s:69     .text.HAL_RTCEx_SetTamper_IT:0000000000000000 HAL_RTCEx_SetTamper_IT
     /tmp/ccqC49Gj.s:111    .text.HAL_RTCEx_SetTamper_IT:000000000000004c $d
     /tmp/ccqC49Gj.s:114    .text.HAL_RTCEx_DeactivateTamper:0000000000000000 $t
     /tmp/ccqC49Gj.s:121    .text.HAL_RTCEx_DeactivateTamper:0000000000000000 HAL_RTCEx_DeactivateTamper
     /tmp/ccqC49Gj.s:157    .text.HAL_RTCEx_DeactivateTamper:0000000000000040 $d
     /tmp/ccqC49Gj.s:160    .text.HAL_RTCEx_Tamper1EventCallback:0000000000000000 $t
     /tmp/ccqC49Gj.s:167    .text.HAL_RTCEx_Tamper1EventCallback:0000000000000000 HAL_RTCEx_Tamper1EventCallback
     /tmp/ccqC49Gj.s:174    .text.HAL_RTCEx_TamperIRQHandler:0000000000000000 $t
     /tmp/ccqC49Gj.s:181    .text.HAL_RTCEx_TamperIRQHandler:0000000000000000 HAL_RTCEx_TamperIRQHandler
     /tmp/ccqC49Gj.s:204    .text.HAL_RTCEx_TamperIRQHandler:0000000000000024 $d
     /tmp/ccqC49Gj.s:207    .text.HAL_RTCEx_PollForTamper1Event:0000000000000000 $t
     /tmp/ccqC49Gj.s:214    .text.HAL_RTCEx_PollForTamper1Event:0000000000000000 HAL_RTCEx_PollForTamper1Event
     /tmp/ccqC49Gj.s:255    .text.HAL_RTCEx_PollForTamper1Event:0000000000000044 $d
     /tmp/ccqC49Gj.s:258    .text.HAL_RTCEx_SetSecond_IT:0000000000000000 $t
     /tmp/ccqC49Gj.s:265    .text.HAL_RTCEx_SetSecond_IT:0000000000000000 HAL_RTCEx_SetSecond_IT
     /tmp/ccqC49Gj.s:291    .text.HAL_RTCEx_DeactivateSecond:0000000000000000 $t
     /tmp/ccqC49Gj.s:298    .text.HAL_RTCEx_DeactivateSecond:0000000000000000 HAL_RTCEx_DeactivateSecond
     /tmp/ccqC49Gj.s:324    .text.HAL_RTCEx_RTCEventCallback:0000000000000000 $t
     /tmp/ccqC49Gj.s:331    .text.HAL_RTCEx_RTCEventCallback:0000000000000000 HAL_RTCEx_RTCEventCallback
     /tmp/ccqC49Gj.s:338    .text.HAL_RTCEx_RTCEventErrorCallback:0000000000000000 $t
     /tmp/ccqC49Gj.s:345    .text.HAL_RTCEx_RTCEventErrorCallback:0000000000000000 HAL_RTCEx_RTCEventErrorCallback
     /tmp/ccqC49Gj.s:352    .text.HAL_RTCEx_RTCIRQHandler:0000000000000000 $t
     /tmp/ccqC49Gj.s:359    .text.HAL_RTCEx_RTCIRQHandler:0000000000000000 HAL_RTCEx_RTCIRQHandler
     /tmp/ccqC49Gj.s:392    .text.HAL_RTCEx_BKUPWrite:0000000000000000 $t
     /tmp/ccqC49Gj.s:399    .text.HAL_RTCEx_BKUPWrite:0000000000000000 HAL_RTCEx_BKUPWrite
     /tmp/ccqC49Gj.s:411    .text.HAL_RTCEx_BKUPRead:0000000000000000 $t
     /tmp/ccqC49Gj.s:418    .text.HAL_RTCEx_BKUPRead:0000000000000000 HAL_RTCEx_BKUPRead
     /tmp/ccqC49Gj.s:430    .text.HAL_RTCEx_SetSmoothCalib:0000000000000000 $t
     /tmp/ccqC49Gj.s:437    .text.HAL_RTCEx_SetSmoothCalib:0000000000000000 HAL_RTCEx_SetSmoothCalib
     /tmp/ccqC49Gj.s:467    .text.HAL_RTCEx_SetSmoothCalib:0000000000000030 $d

UNDEFINED SYMBOLS
HAL_GetTick
