ARM GAS  /tmp/ccpGHjKq.s 			page 1


   1              		.cpu cortex-m3
   2              		.eabi_attribute 20, 1
   3              		.eabi_attribute 21, 1
   4              		.eabi_attribute 23, 3
   5              		.eabi_attribute 24, 1
   6              		.eabi_attribute 25, 1
   7              		.eabi_attribute 26, 1
   8              		.eabi_attribute 30, 4
   9              		.eabi_attribute 34, 1
  10              		.eabi_attribute 18, 4
  11              		.file	"stm32f1xx_hal_irda.c"
  12              		.section	.text.IRDA_EndRxTransfer,"ax",%progbits
  13              		.align	1
  14              		.syntax unified
  15              		.thumb
  16              		.thumb_func
  17              		.fpu softvfp
  19              	IRDA_EndRxTransfer:
  20              		@ args = 0, pretend = 0, frame = 0
  21              		@ frame_needed = 0, uses_anonymous_args = 0
  22              		@ link register save eliminated.
  23 0000 0368     		ldr	r3, [r0]
  24 0002 DA68     		ldr	r2, [r3, #12]
  25 0004 22F49072 		bic	r2, r2, #288
  26 0008 DA60     		str	r2, [r3, #12]
  27 000a 5A69     		ldr	r2, [r3, #20]
  28 000c 22F00102 		bic	r2, r2, #1
  29 0010 5A61     		str	r2, [r3, #20]
  30 0012 2023     		movs	r3, #32
  31 0014 80F83630 		strb	r3, [r0, #54]
  32 0018 7047     		bx	lr
  34              		.section	.text.IRDA_WaitOnFlagUntilTimeout.constprop.3,"ax",%progbits
  35              		.align	1
  36              		.syntax unified
  37              		.thumb
  38              		.thumb_func
  39              		.fpu softvfp
  41              	IRDA_WaitOnFlagUntilTimeout.constprop.3:
  42              		@ args = 0, pretend = 0, frame = 0
  43              		@ frame_needed = 0, uses_anonymous_args = 0
  44 0000 F8B5     		push	{r3, r4, r5, r6, r7, lr}
  45 0002 0446     		mov	r4, r0
  46 0004 0E46     		mov	r6, r1
  47 0006 1746     		mov	r7, r2
  48 0008 1D46     		mov	r5, r3
  49              	.L3:
  50 000a 2168     		ldr	r1, [r4]
  51              	.L4:
  52 000c 0B68     		ldr	r3, [r1]
  53 000e 36EA0303 		bics	r3, r6, r3
  54 0012 01D1     		bne	.L8
  55 0014 0020     		movs	r0, #0
  56 0016 F8BD     		pop	{r3, r4, r5, r6, r7, pc}
  57              	.L8:
  58 0018 6B1C     		adds	r3, r5, #1
  59 001a F7D0     		beq	.L4
  60 001c 95B9     		cbnz	r5, .L5
ARM GAS  /tmp/ccpGHjKq.s 			page 2


  61              	.L7:
  62 001e 2368     		ldr	r3, [r4]
  63 0020 0320     		movs	r0, #3
  64 0022 DA68     		ldr	r2, [r3, #12]
  65 0024 22F4D072 		bic	r2, r2, #416
  66 0028 DA60     		str	r2, [r3, #12]
  67 002a 5A69     		ldr	r2, [r3, #20]
  68 002c 22F00102 		bic	r2, r2, #1
  69 0030 5A61     		str	r2, [r3, #20]
  70 0032 2023     		movs	r3, #32
  71 0034 84F83530 		strb	r3, [r4, #53]
  72 0038 84F83630 		strb	r3, [r4, #54]
  73 003c 0023     		movs	r3, #0
  74 003e 84F83430 		strb	r3, [r4, #52]
  75 0042 F8BD     		pop	{r3, r4, r5, r6, r7, pc}
  76              	.L5:
  77 0044 FFF7FEFF 		bl	HAL_GetTick
  78 0048 C01B     		subs	r0, r0, r7
  79 004a 8542     		cmp	r5, r0
  80 004c DDD2     		bcs	.L3
  81 004e E6E7     		b	.L7
  83              		.section	.text.HAL_IRDA_MspInit,"ax",%progbits
  84              		.align	1
  85              		.weak	HAL_IRDA_MspInit
  86              		.syntax unified
  87              		.thumb
  88              		.thumb_func
  89              		.fpu softvfp
  91              	HAL_IRDA_MspInit:
  92              		@ args = 0, pretend = 0, frame = 0
  93              		@ frame_needed = 0, uses_anonymous_args = 0
  94              		@ link register save eliminated.
  95 0000 7047     		bx	lr
  97              		.section	.text.HAL_IRDA_Init,"ax",%progbits
  98              		.align	1
  99              		.global	HAL_IRDA_Init
 100              		.syntax unified
 101              		.thumb
 102              		.thumb_func
 103              		.fpu softvfp
 105              	HAL_IRDA_Init:
 106              		@ args = 0, pretend = 0, frame = 0
 107              		@ frame_needed = 0, uses_anonymous_args = 0
 108 0000 70B5     		push	{r4, r5, r6, lr}
 109 0002 0446     		mov	r4, r0
 110 0004 0028     		cmp	r0, #0
 111 0006 68D0     		beq	.L17
 112 0008 90F83530 		ldrb	r3, [r0, #53]	@ zero_extendqisi2
 113 000c 03F0FF02 		and	r2, r3, #255
 114 0010 1BB9     		cbnz	r3, .L14
 115 0012 80F83420 		strb	r2, [r0, #52]
 116 0016 FFF7FEFF 		bl	HAL_IRDA_MspInit
 117              	.L14:
 118 001a 2423     		movs	r3, #36
 119 001c 84F83530 		strb	r3, [r4, #53]
 120 0020 2368     		ldr	r3, [r4]
 121 0022 E068     		ldr	r0, [r4, #12]
ARM GAS  /tmp/ccpGHjKq.s 			page 3


 122 0024 DA68     		ldr	r2, [r3, #12]
 123 0026 22F40052 		bic	r2, r2, #8192
 124 002a DA60     		str	r2, [r3, #12]
 125 002c 1A69     		ldr	r2, [r3, #16]
 126 002e 22F44052 		bic	r2, r2, #12288
 127 0032 1A61     		str	r2, [r3, #16]
 128 0034 DA68     		ldr	r2, [r3, #12]
 129 0036 22F4B052 		bic	r2, r2, #5632
 130 003a 22F00C02 		bic	r2, r2, #12
 131 003e DA60     		str	r2, [r3, #12]
 132 0040 A268     		ldr	r2, [r4, #8]
 133 0042 D968     		ldr	r1, [r3, #12]
 134 0044 0243     		orrs	r2, r2, r0
 135 0046 2069     		ldr	r0, [r4, #16]
 136 0048 0243     		orrs	r2, r2, r0
 137 004a 0A43     		orrs	r2, r2, r1
 138 004c DA60     		str	r2, [r3, #12]
 139 004e 5A69     		ldr	r2, [r3, #20]
 140 0050 22F44072 		bic	r2, r2, #768
 141 0054 5A61     		str	r2, [r3, #20]
 142 0056 224A     		ldr	r2, .L19
 143 0058 9342     		cmp	r3, r2
 144 005a 3BD1     		bne	.L15
 145 005c FFF7FEFF 		bl	HAL_RCC_GetPCLK2Freq
 146              	.L18:
 147 0060 1923     		movs	r3, #25
 148 0062 5843     		muls	r0, r3, r0
 149 0064 6268     		ldr	r2, [r4, #4]
 150 0066 2168     		ldr	r1, [r4]
 151 0068 9200     		lsls	r2, r2, #2
 152 006a B0FBF2F0 		udiv	r0, r0, r2
 153 006e 6422     		movs	r2, #100
 154 0070 B0FBF2F6 		udiv	r6, r0, r2
 155 0074 02FB1600 		mls	r0, r2, r6, r0
 156 0078 0301     		lsls	r3, r0, #4
 157 007a 3233     		adds	r3, r3, #50
 158 007c B3FBF2F3 		udiv	r3, r3, r2
 159 0080 8D68     		ldr	r5, [r1, #8]
 160 0082 03EB0613 		add	r3, r3, r6, lsl #4
 161 0086 2B43     		orrs	r3, r3, r5
 162 0088 8B60     		str	r3, [r1, #8]
 163 008a 2368     		ldr	r3, [r4]
 164 008c 0020     		movs	r0, #0
 165 008e 1A69     		ldr	r2, [r3, #16]
 166 0090 22F4F042 		bic	r2, r2, #30720
 167 0094 1A61     		str	r2, [r3, #16]
 168 0096 5A69     		ldr	r2, [r3, #20]
 169 0098 22F02802 		bic	r2, r2, #40
 170 009c 5A61     		str	r2, [r3, #20]
 171 009e DA68     		ldr	r2, [r3, #12]
 172 00a0 42F40052 		orr	r2, r2, #8192
 173 00a4 DA60     		str	r2, [r3, #12]
 174 00a6 9A69     		ldr	r2, [r3, #24]
 175 00a8 217D     		ldrb	r1, [r4, #20]	@ zero_extendqisi2
 176 00aa 22F0FF02 		bic	r2, r2, #255
 177 00ae 0A43     		orrs	r2, r2, r1
 178 00b0 9A61     		str	r2, [r3, #24]
ARM GAS  /tmp/ccpGHjKq.s 			page 4


 179 00b2 5A69     		ldr	r2, [r3, #20]
 180 00b4 A169     		ldr	r1, [r4, #24]
 181 00b6 22F00402 		bic	r2, r2, #4
 182 00ba 0A43     		orrs	r2, r2, r1
 183 00bc 5A61     		str	r2, [r3, #20]
 184 00be 5A69     		ldr	r2, [r3, #20]
 185 00c0 42F00202 		orr	r2, r2, #2
 186 00c4 5A61     		str	r2, [r3, #20]
 187 00c6 2023     		movs	r3, #32
 188 00c8 A063     		str	r0, [r4, #56]
 189 00ca 84F83530 		strb	r3, [r4, #53]
 190 00ce 84F83630 		strb	r3, [r4, #54]
 191 00d2 70BD     		pop	{r4, r5, r6, pc}
 192              	.L15:
 193 00d4 FFF7FEFF 		bl	HAL_RCC_GetPCLK1Freq
 194 00d8 C2E7     		b	.L18
 195              	.L17:
 196 00da 0120     		movs	r0, #1
 197 00dc 70BD     		pop	{r4, r5, r6, pc}
 198              	.L20:
 199 00de 00BF     		.align	2
 200              	.L19:
 201 00e0 00380140 		.word	1073821696
 203              		.section	.text.HAL_IRDA_MspDeInit,"ax",%progbits
 204              		.align	1
 205              		.weak	HAL_IRDA_MspDeInit
 206              		.syntax unified
 207              		.thumb
 208              		.thumb_func
 209              		.fpu softvfp
 211              	HAL_IRDA_MspDeInit:
 212              		@ args = 0, pretend = 0, frame = 0
 213              		@ frame_needed = 0, uses_anonymous_args = 0
 214              		@ link register save eliminated.
 215 0000 7047     		bx	lr
 217              		.section	.text.HAL_IRDA_DeInit,"ax",%progbits
 218              		.align	1
 219              		.global	HAL_IRDA_DeInit
 220              		.syntax unified
 221              		.thumb
 222              		.thumb_func
 223              		.fpu softvfp
 225              	HAL_IRDA_DeInit:
 226              		@ args = 0, pretend = 0, frame = 0
 227              		@ frame_needed = 0, uses_anonymous_args = 0
 228 0000 10B5     		push	{r4, lr}
 229 0002 0446     		mov	r4, r0
 230 0004 90B1     		cbz	r0, .L24
 231 0006 2423     		movs	r3, #36
 232 0008 0268     		ldr	r2, [r0]
 233 000a 80F83530 		strb	r3, [r0, #53]
 234 000e D368     		ldr	r3, [r2, #12]
 235 0010 23F40053 		bic	r3, r3, #8192
 236 0014 D360     		str	r3, [r2, #12]
 237 0016 FFF7FEFF 		bl	HAL_IRDA_MspDeInit
 238 001a 0020     		movs	r0, #0
 239 001c A063     		str	r0, [r4, #56]
ARM GAS  /tmp/ccpGHjKq.s 			page 5


 240 001e 84F83400 		strb	r0, [r4, #52]
 241 0022 84F83500 		strb	r0, [r4, #53]
 242 0026 84F83600 		strb	r0, [r4, #54]
 243 002a 10BD     		pop	{r4, pc}
 244              	.L24:
 245 002c 0120     		movs	r0, #1
 246 002e 10BD     		pop	{r4, pc}
 248              		.section	.text.HAL_IRDA_Transmit,"ax",%progbits
 249              		.align	1
 250              		.global	HAL_IRDA_Transmit
 251              		.syntax unified
 252              		.thumb
 253              		.thumb_func
 254              		.fpu softvfp
 256              	HAL_IRDA_Transmit:
 257              		@ args = 0, pretend = 0, frame = 0
 258              		@ frame_needed = 0, uses_anonymous_args = 0
 259 0000 2DE9F041 		push	{r4, r5, r6, r7, r8, lr}
 260 0004 1F46     		mov	r7, r3
 261 0006 90F83530 		ldrb	r3, [r0, #53]	@ zero_extendqisi2
 262 000a 0446     		mov	r4, r0
 263 000c 202B     		cmp	r3, #32
 264 000e 0D46     		mov	r5, r1
 265 0010 9046     		mov	r8, r2
 266 0012 4ED1     		bne	.L37
 267 0014 0029     		cmp	r1, #0
 268 0016 49D0     		beq	.L36
 269 0018 002A     		cmp	r2, #0
 270 001a 47D0     		beq	.L36
 271 001c 90F83430 		ldrb	r3, [r0, #52]	@ zero_extendqisi2
 272 0020 012B     		cmp	r3, #1
 273 0022 46D0     		beq	.L37
 274 0024 0123     		movs	r3, #1
 275 0026 80F83430 		strb	r3, [r0, #52]
 276 002a 0023     		movs	r3, #0
 277 002c 8363     		str	r3, [r0, #56]
 278 002e 2123     		movs	r3, #33
 279 0030 80F83530 		strb	r3, [r0, #53]
 280 0034 FFF7FEFF 		bl	HAL_GetTick
 281 0038 0646     		mov	r6, r0
 282 003a A4F82080 		strh	r8, [r4, #32]	@ movhi
 283 003e A4F82280 		strh	r8, [r4, #34]	@ movhi
 284              	.L27:
 285 0042 638C     		ldrh	r3, [r4, #34]
 286 0044 9BB2     		uxth	r3, r3
 287 0046 6BB9     		cbnz	r3, .L33
 288 0048 3B46     		mov	r3, r7
 289 004a 3246     		mov	r2, r6
 290 004c 4021     		movs	r1, #64
 291 004e 2046     		mov	r0, r4
 292 0050 FFF7FEFF 		bl	IRDA_WaitOnFlagUntilTimeout.constprop.3
 293 0054 A8B9     		cbnz	r0, .L32
 294 0056 2023     		movs	r3, #32
 295 0058 84F83400 		strb	r0, [r4, #52]
 296 005c 84F83530 		strb	r3, [r4, #53]
 297 0060 BDE8F081 		pop	{r4, r5, r6, r7, r8, pc}
 298              	.L33:
ARM GAS  /tmp/ccpGHjKq.s 			page 6


 299 0064 638C     		ldrh	r3, [r4, #34]
 300 0066 3246     		mov	r2, r6
 301 0068 013B     		subs	r3, r3, #1
 302 006a 9BB2     		uxth	r3, r3
 303 006c 6384     		strh	r3, [r4, #34]	@ movhi
 304 006e A368     		ldr	r3, [r4, #8]
 305 0070 8021     		movs	r1, #128
 306 0072 B3F5805F 		cmp	r3, #4096
 307 0076 2046     		mov	r0, r4
 308 0078 3B46     		mov	r3, r7
 309 007a 0ED1     		bne	.L28
 310 007c FFF7FEFF 		bl	IRDA_WaitOnFlagUntilTimeout.constprop.3
 311 0080 10B1     		cbz	r0, .L29
 312              	.L32:
 313 0082 0320     		movs	r0, #3
 314 0084 BDE8F081 		pop	{r4, r5, r6, r7, r8, pc}
 315              	.L29:
 316 0088 2B88     		ldrh	r3, [r5]
 317 008a 2268     		ldr	r2, [r4]
 318 008c C3F30803 		ubfx	r3, r3, #0, #9
 319 0090 5360     		str	r3, [r2, #4]
 320 0092 E368     		ldr	r3, [r4, #12]
 321 0094 43B9     		cbnz	r3, .L38
 322 0096 0235     		adds	r5, r5, #2
 323 0098 D3E7     		b	.L27
 324              	.L28:
 325 009a FFF7FEFF 		bl	IRDA_WaitOnFlagUntilTimeout.constprop.3
 326 009e 0028     		cmp	r0, #0
 327 00a0 EFD1     		bne	.L32
 328 00a2 2368     		ldr	r3, [r4]
 329 00a4 2A78     		ldrb	r2, [r5]	@ zero_extendqisi2
 330 00a6 5A60     		str	r2, [r3, #4]
 331              	.L38:
 332 00a8 0135     		adds	r5, r5, #1
 333 00aa CAE7     		b	.L27
 334              	.L36:
 335 00ac 0120     		movs	r0, #1
 336 00ae BDE8F081 		pop	{r4, r5, r6, r7, r8, pc}
 337              	.L37:
 338 00b2 0220     		movs	r0, #2
 339 00b4 BDE8F081 		pop	{r4, r5, r6, r7, r8, pc}
 341              		.section	.text.HAL_IRDA_Receive,"ax",%progbits
 342              		.align	1
 343              		.global	HAL_IRDA_Receive
 344              		.syntax unified
 345              		.thumb
 346              		.thumb_func
 347              		.fpu softvfp
 349              	HAL_IRDA_Receive:
 350              		@ args = 0, pretend = 0, frame = 0
 351              		@ frame_needed = 0, uses_anonymous_args = 0
 352 0000 2DE9F041 		push	{r4, r5, r6, r7, r8, lr}
 353 0004 1F46     		mov	r7, r3
 354 0006 90F83630 		ldrb	r3, [r0, #54]	@ zero_extendqisi2
 355 000a 0446     		mov	r4, r0
 356 000c 202B     		cmp	r3, #32
 357 000e 0D46     		mov	r5, r1
ARM GAS  /tmp/ccpGHjKq.s 			page 7


 358 0010 9046     		mov	r8, r2
 359 0012 51D1     		bne	.L52
 360 0014 0029     		cmp	r1, #0
 361 0016 4CD0     		beq	.L51
 362 0018 002A     		cmp	r2, #0
 363 001a 4AD0     		beq	.L51
 364 001c 90F83430 		ldrb	r3, [r0, #52]	@ zero_extendqisi2
 365 0020 012B     		cmp	r3, #1
 366 0022 49D0     		beq	.L52
 367 0024 0123     		movs	r3, #1
 368 0026 80F83430 		strb	r3, [r0, #52]
 369 002a 0023     		movs	r3, #0
 370 002c 8363     		str	r3, [r0, #56]
 371 002e 2223     		movs	r3, #34
 372 0030 80F83630 		strb	r3, [r0, #54]
 373 0034 FFF7FEFF 		bl	HAL_GetTick
 374 0038 0646     		mov	r6, r0
 375 003a A4F82880 		strh	r8, [r4, #40]	@ movhi
 376 003e A4F82A80 		strh	r8, [r4, #42]	@ movhi
 377              	.L41:
 378 0042 608D     		ldrh	r0, [r4, #42]
 379 0044 80B2     		uxth	r0, r0
 380 0046 30B9     		cbnz	r0, .L48
 381 0048 2023     		movs	r3, #32
 382 004a 84F83400 		strb	r0, [r4, #52]
 383 004e 84F83630 		strb	r3, [r4, #54]
 384 0052 BDE8F081 		pop	{r4, r5, r6, r7, r8, pc}
 385              	.L48:
 386 0056 638D     		ldrh	r3, [r4, #42]
 387 0058 3246     		mov	r2, r6
 388 005a 013B     		subs	r3, r3, #1
 389 005c 9BB2     		uxth	r3, r3
 390 005e 6385     		strh	r3, [r4, #42]	@ movhi
 391 0060 A368     		ldr	r3, [r4, #8]
 392 0062 2021     		movs	r1, #32
 393 0064 B3F5805F 		cmp	r3, #4096
 394 0068 2046     		mov	r0, r4
 395 006a 3B46     		mov	r3, r7
 396 006c 12D1     		bne	.L42
 397 006e FFF7FEFF 		bl	IRDA_WaitOnFlagUntilTimeout.constprop.3
 398 0072 10B1     		cbz	r0, .L43
 399              	.L46:
 400 0074 0320     		movs	r0, #3
 401 0076 BDE8F081 		pop	{r4, r5, r6, r7, r8, pc}
 402              	.L43:
 403 007a 2368     		ldr	r3, [r4]
 404 007c E268     		ldr	r2, [r4, #12]
 405 007e 5B68     		ldr	r3, [r3, #4]
 406 0080 22B9     		cbnz	r2, .L44
 407 0082 C3F30803 		ubfx	r3, r3, #0, #9
 408 0086 25F8023B 		strh	r3, [r5], #2	@ movhi
 409 008a DAE7     		b	.L41
 410              	.L44:
 411 008c DBB2     		uxtb	r3, r3
 412 008e 25F8013B 		strh	r3, [r5], #1	@ movhi
 413 0092 D6E7     		b	.L41
 414              	.L42:
ARM GAS  /tmp/ccpGHjKq.s 			page 8


 415 0094 FFF7FEFF 		bl	IRDA_WaitOnFlagUntilTimeout.constprop.3
 416 0098 0028     		cmp	r0, #0
 417 009a EBD1     		bne	.L46
 418 009c 2368     		ldr	r3, [r4]
 419 009e E168     		ldr	r1, [r4, #12]
 420 00a0 6A1C     		adds	r2, r5, #1
 421 00a2 5B68     		ldr	r3, [r3, #4]
 422 00a4 11B9     		cbnz	r1, .L47
 423              	.L53:
 424 00a6 2B70     		strb	r3, [r5]
 425 00a8 1546     		mov	r5, r2
 426 00aa CAE7     		b	.L41
 427              	.L47:
 428 00ac 03F07F03 		and	r3, r3, #127
 429 00b0 F9E7     		b	.L53
 430              	.L51:
 431 00b2 0120     		movs	r0, #1
 432 00b4 BDE8F081 		pop	{r4, r5, r6, r7, r8, pc}
 433              	.L52:
 434 00b8 0220     		movs	r0, #2
 435 00ba BDE8F081 		pop	{r4, r5, r6, r7, r8, pc}
 437              		.section	.text.HAL_IRDA_Transmit_IT,"ax",%progbits
 438              		.align	1
 439              		.global	HAL_IRDA_Transmit_IT
 440              		.syntax unified
 441              		.thumb
 442              		.thumb_func
 443              		.fpu softvfp
 445              	HAL_IRDA_Transmit_IT:
 446              		@ args = 0, pretend = 0, frame = 0
 447              		@ frame_needed = 0, uses_anonymous_args = 0
 448              		@ link register save eliminated.
 449 0000 90F83530 		ldrb	r3, [r0, #53]	@ zero_extendqisi2
 450 0004 202B     		cmp	r3, #32
 451 0006 18D1     		bne	.L59
 452 0008 A9B1     		cbz	r1, .L58
 453 000a A2B1     		cbz	r2, .L58
 454 000c 90F83430 		ldrb	r3, [r0, #52]	@ zero_extendqisi2
 455 0010 012B     		cmp	r3, #1
 456 0012 12D0     		beq	.L59
 457 0014 4284     		strh	r2, [r0, #34]	@ movhi
 458 0016 0284     		strh	r2, [r0, #32]	@ movhi
 459 0018 0023     		movs	r3, #0
 460 001a 2122     		movs	r2, #33
 461 001c C161     		str	r1, [r0, #28]
 462 001e 0168     		ldr	r1, [r0]
 463 0020 8363     		str	r3, [r0, #56]
 464 0022 80F83520 		strb	r2, [r0, #53]
 465 0026 CA68     		ldr	r2, [r1, #12]
 466 0028 80F83430 		strb	r3, [r0, #52]
 467 002c 42F08002 		orr	r2, r2, #128
 468 0030 CA60     		str	r2, [r1, #12]
 469 0032 1846     		mov	r0, r3
 470 0034 7047     		bx	lr
 471              	.L58:
 472 0036 0120     		movs	r0, #1
 473 0038 7047     		bx	lr
ARM GAS  /tmp/ccpGHjKq.s 			page 9


 474              	.L59:
 475 003a 0220     		movs	r0, #2
 476 003c 7047     		bx	lr
 478              		.section	.text.HAL_IRDA_Receive_IT,"ax",%progbits
 479              		.align	1
 480              		.global	HAL_IRDA_Receive_IT
 481              		.syntax unified
 482              		.thumb
 483              		.thumb_func
 484              		.fpu softvfp
 486              	HAL_IRDA_Receive_IT:
 487              		@ args = 0, pretend = 0, frame = 0
 488              		@ frame_needed = 0, uses_anonymous_args = 0
 489              		@ link register save eliminated.
 490 0000 90F83630 		ldrb	r3, [r0, #54]	@ zero_extendqisi2
 491 0004 202B     		cmp	r3, #32
 492 0006 1CD1     		bne	.L65
 493 0008 C9B1     		cbz	r1, .L64
 494 000a C2B1     		cbz	r2, .L64
 495 000c 90F83430 		ldrb	r3, [r0, #52]	@ zero_extendqisi2
 496 0010 012B     		cmp	r3, #1
 497 0012 16D0     		beq	.L65
 498 0014 4285     		strh	r2, [r0, #42]	@ movhi
 499 0016 0285     		strh	r2, [r0, #40]	@ movhi
 500 0018 0023     		movs	r3, #0
 501 001a 2222     		movs	r2, #34
 502 001c 8363     		str	r3, [r0, #56]
 503 001e 80F83620 		strb	r2, [r0, #54]
 504 0022 0268     		ldr	r2, [r0]
 505 0024 4162     		str	r1, [r0, #36]
 506 0026 D168     		ldr	r1, [r2, #12]
 507 0028 80F83430 		strb	r3, [r0, #52]
 508 002c 41F49071 		orr	r1, r1, #288
 509 0030 D160     		str	r1, [r2, #12]
 510 0032 5169     		ldr	r1, [r2, #20]
 511 0034 1846     		mov	r0, r3
 512 0036 41F00101 		orr	r1, r1, #1
 513 003a 5161     		str	r1, [r2, #20]
 514 003c 7047     		bx	lr
 515              	.L64:
 516 003e 0120     		movs	r0, #1
 517 0040 7047     		bx	lr
 518              	.L65:
 519 0042 0220     		movs	r0, #2
 520 0044 7047     		bx	lr
 522              		.section	.text.HAL_IRDA_Transmit_DMA,"ax",%progbits
 523              		.align	1
 524              		.global	HAL_IRDA_Transmit_DMA
 525              		.syntax unified
 526              		.thumb
 527              		.thumb_func
 528              		.fpu softvfp
 530              	HAL_IRDA_Transmit_DMA:
 531              		@ args = 0, pretend = 0, frame = 0
 532              		@ frame_needed = 0, uses_anonymous_args = 0
 533 0000 38B5     		push	{r3, r4, r5, lr}
 534 0002 0446     		mov	r4, r0
ARM GAS  /tmp/ccpGHjKq.s 			page 10


 535 0004 1346     		mov	r3, r2
 536 0006 94F83520 		ldrb	r2, [r4, #53]	@ zero_extendqisi2
 537 000a 202A     		cmp	r2, #32
 538 000c 2AD1     		bne	.L71
 539 000e 39B3     		cbz	r1, .L70
 540 0010 33B3     		cbz	r3, .L70
 541 0012 94F83420 		ldrb	r2, [r4, #52]	@ zero_extendqisi2
 542 0016 012A     		cmp	r2, #1
 543 0018 24D0     		beq	.L71
 544 001a 0122     		movs	r2, #1
 545 001c 0025     		movs	r5, #0
 546 001e 84F83420 		strb	r2, [r4, #52]
 547 0022 2122     		movs	r2, #33
 548 0024 6384     		strh	r3, [r4, #34]	@ movhi
 549 0026 E06A     		ldr	r0, [r4, #44]
 550 0028 A563     		str	r5, [r4, #56]
 551 002a 84F83520 		strb	r2, [r4, #53]
 552 002e 0E4A     		ldr	r2, .L72
 553 0030 2384     		strh	r3, [r4, #32]	@ movhi
 554 0032 E161     		str	r1, [r4, #28]
 555 0034 8262     		str	r2, [r0, #40]
 556 0036 0D4A     		ldr	r2, .L72+4
 557 0038 4563     		str	r5, [r0, #52]
 558 003a C262     		str	r2, [r0, #44]
 559 003c 0C4A     		ldr	r2, .L72+8
 560 003e 0263     		str	r2, [r0, #48]
 561 0040 2268     		ldr	r2, [r4]
 562 0042 0432     		adds	r2, r2, #4
 563 0044 FFF7FEFF 		bl	HAL_DMA_Start_IT
 564 0048 6FF04002 		mvn	r2, #64
 565 004c 2368     		ldr	r3, [r4]
 566 004e 2846     		mov	r0, r5
 567 0050 1A60     		str	r2, [r3]
 568 0052 5A69     		ldr	r2, [r3, #20]
 569 0054 84F83450 		strb	r5, [r4, #52]
 570 0058 42F08002 		orr	r2, r2, #128
 571 005c 5A61     		str	r2, [r3, #20]
 572 005e 38BD     		pop	{r3, r4, r5, pc}
 573              	.L70:
 574 0060 0120     		movs	r0, #1
 575 0062 38BD     		pop	{r3, r4, r5, pc}
 576              	.L71:
 577 0064 0220     		movs	r0, #2
 578 0066 38BD     		pop	{r3, r4, r5, pc}
 579              	.L73:
 580              		.align	2
 581              	.L72:
 582 0068 00000000 		.word	IRDA_DMATransmitCplt
 583 006c 00000000 		.word	IRDA_DMATransmitHalfCplt
 584 0070 00000000 		.word	IRDA_DMAError
 586              		.section	.text.HAL_IRDA_Receive_DMA,"ax",%progbits
 587              		.align	1
 588              		.global	HAL_IRDA_Receive_DMA
 589              		.syntax unified
 590              		.thumb
 591              		.thumb_func
 592              		.fpu softvfp
ARM GAS  /tmp/ccpGHjKq.s 			page 11


 594              	HAL_IRDA_Receive_DMA:
 595              		@ args = 0, pretend = 0, frame = 8
 596              		@ frame_needed = 0, uses_anonymous_args = 0
 597 0000 1346     		mov	r3, r2
 598 0002 90F83620 		ldrb	r2, [r0, #54]	@ zero_extendqisi2
 599 0006 73B5     		push	{r0, r1, r4, r5, r6, lr}
 600 0008 202A     		cmp	r2, #32
 601 000a 0546     		mov	r5, r0
 602 000c 38D1     		bne	.L79
 603 000e 0029     		cmp	r1, #0
 604 0010 34D0     		beq	.L78
 605 0012 002B     		cmp	r3, #0
 606 0014 32D0     		beq	.L78
 607 0016 90F83420 		ldrb	r2, [r0, #52]	@ zero_extendqisi2
 608 001a 012A     		cmp	r2, #1
 609 001c 30D0     		beq	.L79
 610 001e 0122     		movs	r2, #1
 611 0020 0024     		movs	r4, #0
 612 0022 80F83420 		strb	r2, [r0, #52]
 613 0026 2222     		movs	r2, #34
 614 0028 0385     		strh	r3, [r0, #40]	@ movhi
 615 002a 4162     		str	r1, [r0, #36]
 616 002c 8463     		str	r4, [r0, #56]
 617 002e 80F83620 		strb	r2, [r0, #54]
 618 0032 006B     		ldr	r0, [r0, #48]
 619 0034 134A     		ldr	r2, .L80
 620 0036 2E68     		ldr	r6, [r5]
 621 0038 8262     		str	r2, [r0, #40]
 622 003a 134A     		ldr	r2, .L80+4
 623 003c 4463     		str	r4, [r0, #52]
 624 003e C262     		str	r2, [r0, #44]
 625 0040 124A     		ldr	r2, .L80+8
 626 0042 0263     		str	r2, [r0, #48]
 627 0044 0A46     		mov	r2, r1
 628 0046 311D     		adds	r1, r6, #4
 629 0048 FFF7FEFF 		bl	HAL_DMA_Start_IT
 630 004c 2046     		mov	r0, r4
 631 004e 2B68     		ldr	r3, [r5]
 632 0050 0194     		str	r4, [sp, #4]
 633 0052 1A68     		ldr	r2, [r3]
 634 0054 0192     		str	r2, [sp, #4]
 635 0056 5A68     		ldr	r2, [r3, #4]
 636 0058 85F83440 		strb	r4, [r5, #52]
 637 005c 0192     		str	r2, [sp, #4]
 638 005e 019A     		ldr	r2, [sp, #4]
 639 0060 DA68     		ldr	r2, [r3, #12]
 640 0062 42F48072 		orr	r2, r2, #256
 641 0066 DA60     		str	r2, [r3, #12]
 642 0068 5A69     		ldr	r2, [r3, #20]
 643 006a 42F00102 		orr	r2, r2, #1
 644 006e 5A61     		str	r2, [r3, #20]
 645 0070 5A69     		ldr	r2, [r3, #20]
 646 0072 42F04002 		orr	r2, r2, #64
 647 0076 5A61     		str	r2, [r3, #20]
 648              	.L75:
 649 0078 02B0     		add	sp, sp, #8
 650              		@ sp needed
ARM GAS  /tmp/ccpGHjKq.s 			page 12


 651 007a 70BD     		pop	{r4, r5, r6, pc}
 652              	.L78:
 653 007c 0120     		movs	r0, #1
 654 007e FBE7     		b	.L75
 655              	.L79:
 656 0080 0220     		movs	r0, #2
 657 0082 F9E7     		b	.L75
 658              	.L81:
 659              		.align	2
 660              	.L80:
 661 0084 00000000 		.word	IRDA_DMAReceiveCplt
 662 0088 00000000 		.word	IRDA_DMAReceiveHalfCplt
 663 008c 00000000 		.word	IRDA_DMAError
 665              		.section	.text.HAL_IRDA_DMAPause,"ax",%progbits
 666              		.align	1
 667              		.global	HAL_IRDA_DMAPause
 668              		.syntax unified
 669              		.thumb
 670              		.thumb_func
 671              		.fpu softvfp
 673              	HAL_IRDA_DMAPause:
 674              		@ args = 0, pretend = 0, frame = 0
 675              		@ frame_needed = 0, uses_anonymous_args = 0
 676              		@ link register save eliminated.
 677 0000 90F83430 		ldrb	r3, [r0, #52]	@ zero_extendqisi2
 678 0004 012B     		cmp	r3, #1
 679 0006 26D0     		beq	.L86
 680 0008 0123     		movs	r3, #1
 681 000a 80F83430 		strb	r3, [r0, #52]
 682 000e 0368     		ldr	r3, [r0]
 683 0010 5A69     		ldr	r2, [r3, #20]
 684 0012 90F83510 		ldrb	r1, [r0, #53]	@ zero_extendqisi2
 685 0016 2129     		cmp	r1, #33
 686 0018 05D1     		bne	.L84
 687 001a 1106     		lsls	r1, r2, #24
 688 001c 42BF     		ittt	mi
 689 001e 5A69     		ldrmi	r2, [r3, #20]
 690 0020 22F08002 		bicmi	r2, r2, #128
 691 0024 5A61     		strmi	r2, [r3, #20]
 692              	.L84:
 693 0026 5A69     		ldr	r2, [r3, #20]
 694 0028 90F83610 		ldrb	r1, [r0, #54]	@ zero_extendqisi2
 695 002c 2229     		cmp	r1, #34
 696 002e 0DD1     		bne	.L85
 697 0030 5206     		lsls	r2, r2, #25
 698 0032 0BD5     		bpl	.L85
 699 0034 DA68     		ldr	r2, [r3, #12]
 700 0036 22F48072 		bic	r2, r2, #256
 701 003a DA60     		str	r2, [r3, #12]
 702 003c 5A69     		ldr	r2, [r3, #20]
 703 003e 22F00102 		bic	r2, r2, #1
 704 0042 5A61     		str	r2, [r3, #20]
 705 0044 5A69     		ldr	r2, [r3, #20]
 706 0046 22F04002 		bic	r2, r2, #64
 707 004a 5A61     		str	r2, [r3, #20]
 708              	.L85:
 709 004c 0023     		movs	r3, #0
ARM GAS  /tmp/ccpGHjKq.s 			page 13


 710 004e 80F83430 		strb	r3, [r0, #52]
 711 0052 1846     		mov	r0, r3
 712 0054 7047     		bx	lr
 713              	.L86:
 714 0056 0220     		movs	r0, #2
 715 0058 7047     		bx	lr
 717              		.section	.text.HAL_IRDA_DMAResume,"ax",%progbits
 718              		.align	1
 719              		.global	HAL_IRDA_DMAResume
 720              		.syntax unified
 721              		.thumb
 722              		.thumb_func
 723              		.fpu softvfp
 725              	HAL_IRDA_DMAResume:
 726              		@ args = 0, pretend = 0, frame = 8
 727              		@ frame_needed = 0, uses_anonymous_args = 0
 728              		@ link register save eliminated.
 729 0000 90F83430 		ldrb	r3, [r0, #52]	@ zero_extendqisi2
 730 0004 82B0     		sub	sp, sp, #8
 731 0006 012B     		cmp	r3, #1
 732 0008 29D0     		beq	.L97
 733 000a 0123     		movs	r3, #1
 734 000c 80F83430 		strb	r3, [r0, #52]
 735 0010 90F83530 		ldrb	r3, [r0, #53]	@ zero_extendqisi2
 736 0014 212B     		cmp	r3, #33
 737 0016 01BF     		itttt	eq
 738 0018 0268     		ldreq	r2, [r0]
 739 001a 5369     		ldreq	r3, [r2, #20]
 740 001c 43F08003 		orreq	r3, r3, #128
 741 0020 5361     		streq	r3, [r2, #20]
 742 0022 90F83630 		ldrb	r3, [r0, #54]	@ zero_extendqisi2
 743 0026 222B     		cmp	r3, #34
 744 0028 13D1     		bne	.L96
 745 002a 0023     		movs	r3, #0
 746 002c 0193     		str	r3, [sp, #4]
 747 002e 0368     		ldr	r3, [r0]
 748 0030 1A68     		ldr	r2, [r3]
 749 0032 0192     		str	r2, [sp, #4]
 750 0034 5A68     		ldr	r2, [r3, #4]
 751 0036 0192     		str	r2, [sp, #4]
 752 0038 019A     		ldr	r2, [sp, #4]
 753 003a DA68     		ldr	r2, [r3, #12]
 754 003c 42F48072 		orr	r2, r2, #256
 755 0040 DA60     		str	r2, [r3, #12]
 756 0042 5A69     		ldr	r2, [r3, #20]
 757 0044 42F00102 		orr	r2, r2, #1
 758 0048 5A61     		str	r2, [r3, #20]
 759 004a 5A69     		ldr	r2, [r3, #20]
 760 004c 42F04002 		orr	r2, r2, #64
 761 0050 5A61     		str	r2, [r3, #20]
 762              	.L96:
 763 0052 0023     		movs	r3, #0
 764 0054 80F83430 		strb	r3, [r0, #52]
 765 0058 1846     		mov	r0, r3
 766              	.L94:
 767 005a 02B0     		add	sp, sp, #8
 768              		@ sp needed
ARM GAS  /tmp/ccpGHjKq.s 			page 14


 769 005c 7047     		bx	lr
 770              	.L97:
 771 005e 0220     		movs	r0, #2
 772 0060 FBE7     		b	.L94
 774              		.section	.text.HAL_IRDA_DMAStop,"ax",%progbits
 775              		.align	1
 776              		.global	HAL_IRDA_DMAStop
 777              		.syntax unified
 778              		.thumb
 779              		.thumb_func
 780              		.fpu softvfp
 782              	HAL_IRDA_DMAStop:
 783              		@ args = 0, pretend = 0, frame = 0
 784              		@ frame_needed = 0, uses_anonymous_args = 0
 785 0000 0368     		ldr	r3, [r0]
 786 0002 10B5     		push	{r4, lr}
 787 0004 5A69     		ldr	r2, [r3, #20]
 788 0006 90F83510 		ldrb	r1, [r0, #53]	@ zero_extendqisi2
 789 000a 0446     		mov	r4, r0
 790 000c 2129     		cmp	r1, #33
 791 000e 11D1     		bne	.L99
 792 0010 1106     		lsls	r1, r2, #24
 793 0012 0FD5     		bpl	.L99
 794 0014 5A69     		ldr	r2, [r3, #20]
 795 0016 C06A     		ldr	r0, [r0, #44]
 796 0018 22F08002 		bic	r2, r2, #128
 797 001c 5A61     		str	r2, [r3, #20]
 798 001e 08B1     		cbz	r0, .L100
 799 0020 FFF7FEFF 		bl	HAL_DMA_Abort
 800              	.L100:
 801 0024 2268     		ldr	r2, [r4]
 802 0026 D368     		ldr	r3, [r2, #12]
 803 0028 23F0C003 		bic	r3, r3, #192
 804 002c D360     		str	r3, [r2, #12]
 805 002e 2023     		movs	r3, #32
 806 0030 84F83530 		strb	r3, [r4, #53]
 807              	.L99:
 808 0034 2368     		ldr	r3, [r4]
 809 0036 5A69     		ldr	r2, [r3, #20]
 810 0038 94F83610 		ldrb	r1, [r4, #54]	@ zero_extendqisi2
 811 003c 2229     		cmp	r1, #34
 812 003e 0CD1     		bne	.L101
 813 0040 5206     		lsls	r2, r2, #25
 814 0042 0AD5     		bpl	.L101
 815 0044 5A69     		ldr	r2, [r3, #20]
 816 0046 206B     		ldr	r0, [r4, #48]
 817 0048 22F04002 		bic	r2, r2, #64
 818 004c 5A61     		str	r2, [r3, #20]
 819 004e 08B1     		cbz	r0, .L102
 820 0050 FFF7FEFF 		bl	HAL_DMA_Abort
 821              	.L102:
 822 0054 2046     		mov	r0, r4
 823 0056 FFF7FEFF 		bl	IRDA_EndRxTransfer
 824              	.L101:
 825 005a 0020     		movs	r0, #0
 826 005c 10BD     		pop	{r4, pc}
 828              		.section	.text.HAL_IRDA_Abort,"ax",%progbits
ARM GAS  /tmp/ccpGHjKq.s 			page 15


 829              		.align	1
 830              		.global	HAL_IRDA_Abort
 831              		.syntax unified
 832              		.thumb
 833              		.thumb_func
 834              		.fpu softvfp
 836              	HAL_IRDA_Abort:
 837              		@ args = 0, pretend = 0, frame = 0
 838              		@ frame_needed = 0, uses_anonymous_args = 0
 839 0000 0368     		ldr	r3, [r0]
 840 0002 10B5     		push	{r4, lr}
 841 0004 DA68     		ldr	r2, [r3, #12]
 842 0006 0446     		mov	r4, r0
 843 0008 22F4F072 		bic	r2, r2, #480
 844 000c DA60     		str	r2, [r3, #12]
 845 000e 5A69     		ldr	r2, [r3, #20]
 846 0010 22F00102 		bic	r2, r2, #1
 847 0014 5A61     		str	r2, [r3, #20]
 848 0016 5A69     		ldr	r2, [r3, #20]
 849 0018 1106     		lsls	r1, r2, #24
 850 001a 09D5     		bpl	.L117
 851 001c 5A69     		ldr	r2, [r3, #20]
 852 001e C06A     		ldr	r0, [r0, #44]
 853 0020 22F08002 		bic	r2, r2, #128
 854 0024 5A61     		str	r2, [r3, #20]
 855 0026 18B1     		cbz	r0, .L117
 856 0028 0023     		movs	r3, #0
 857 002a 4363     		str	r3, [r0, #52]
 858 002c FFF7FEFF 		bl	HAL_DMA_Abort
 859              	.L117:
 860 0030 2368     		ldr	r3, [r4]
 861 0032 5A69     		ldr	r2, [r3, #20]
 862 0034 5206     		lsls	r2, r2, #25
 863 0036 09D5     		bpl	.L120
 864 0038 5A69     		ldr	r2, [r3, #20]
 865 003a 206B     		ldr	r0, [r4, #48]
 866 003c 22F04002 		bic	r2, r2, #64
 867 0040 5A61     		str	r2, [r3, #20]
 868 0042 18B1     		cbz	r0, .L120
 869 0044 0023     		movs	r3, #0
 870 0046 4363     		str	r3, [r0, #52]
 871 0048 FFF7FEFF 		bl	HAL_DMA_Abort
 872              	.L120:
 873 004c 0020     		movs	r0, #0
 874 004e 2023     		movs	r3, #32
 875 0050 6084     		strh	r0, [r4, #34]	@ movhi
 876 0052 6085     		strh	r0, [r4, #42]	@ movhi
 877 0054 A063     		str	r0, [r4, #56]
 878 0056 84F83630 		strb	r3, [r4, #54]
 879 005a 84F83530 		strb	r3, [r4, #53]
 880 005e 10BD     		pop	{r4, pc}
 882              		.section	.text.HAL_IRDA_AbortTransmit,"ax",%progbits
 883              		.align	1
 884              		.global	HAL_IRDA_AbortTransmit
 885              		.syntax unified
 886              		.thumb
 887              		.thumb_func
ARM GAS  /tmp/ccpGHjKq.s 			page 16


 888              		.fpu softvfp
 890              	HAL_IRDA_AbortTransmit:
 891              		@ args = 0, pretend = 0, frame = 0
 892              		@ frame_needed = 0, uses_anonymous_args = 0
 893 0000 0368     		ldr	r3, [r0]
 894 0002 10B5     		push	{r4, lr}
 895 0004 DA68     		ldr	r2, [r3, #12]
 896 0006 0446     		mov	r4, r0
 897 0008 22F0C002 		bic	r2, r2, #192
 898 000c DA60     		str	r2, [r3, #12]
 899 000e 5A69     		ldr	r2, [r3, #20]
 900 0010 1206     		lsls	r2, r2, #24
 901 0012 09D5     		bpl	.L130
 902 0014 5A69     		ldr	r2, [r3, #20]
 903 0016 C06A     		ldr	r0, [r0, #44]
 904 0018 22F08002 		bic	r2, r2, #128
 905 001c 5A61     		str	r2, [r3, #20]
 906 001e 18B1     		cbz	r0, .L130
 907 0020 0023     		movs	r3, #0
 908 0022 4363     		str	r3, [r0, #52]
 909 0024 FFF7FEFF 		bl	HAL_DMA_Abort
 910              	.L130:
 911 0028 0020     		movs	r0, #0
 912 002a 2023     		movs	r3, #32
 913 002c 6084     		strh	r0, [r4, #34]	@ movhi
 914 002e 84F83530 		strb	r3, [r4, #53]
 915 0032 10BD     		pop	{r4, pc}
 917              		.section	.text.HAL_IRDA_AbortReceive,"ax",%progbits
 918              		.align	1
 919              		.global	HAL_IRDA_AbortReceive
 920              		.syntax unified
 921              		.thumb
 922              		.thumb_func
 923              		.fpu softvfp
 925              	HAL_IRDA_AbortReceive:
 926              		@ args = 0, pretend = 0, frame = 0
 927              		@ frame_needed = 0, uses_anonymous_args = 0
 928 0000 0368     		ldr	r3, [r0]
 929 0002 10B5     		push	{r4, lr}
 930 0004 DA68     		ldr	r2, [r3, #12]
 931 0006 0446     		mov	r4, r0
 932 0008 22F49072 		bic	r2, r2, #288
 933 000c DA60     		str	r2, [r3, #12]
 934 000e 5A69     		ldr	r2, [r3, #20]
 935 0010 22F00102 		bic	r2, r2, #1
 936 0014 5A61     		str	r2, [r3, #20]
 937 0016 5A69     		ldr	r2, [r3, #20]
 938 0018 5206     		lsls	r2, r2, #25
 939 001a 09D5     		bpl	.L137
 940 001c 5A69     		ldr	r2, [r3, #20]
 941 001e 006B     		ldr	r0, [r0, #48]
 942 0020 22F04002 		bic	r2, r2, #64
 943 0024 5A61     		str	r2, [r3, #20]
 944 0026 18B1     		cbz	r0, .L137
 945 0028 0023     		movs	r3, #0
 946 002a 4363     		str	r3, [r0, #52]
 947 002c FFF7FEFF 		bl	HAL_DMA_Abort
ARM GAS  /tmp/ccpGHjKq.s 			page 17


 948              	.L137:
 949 0030 0020     		movs	r0, #0
 950 0032 2023     		movs	r3, #32
 951 0034 6085     		strh	r0, [r4, #42]	@ movhi
 952 0036 84F83630 		strb	r3, [r4, #54]
 953 003a 10BD     		pop	{r4, pc}
 955              		.section	.text.HAL_IRDA_TxCpltCallback,"ax",%progbits
 956              		.align	1
 957              		.weak	HAL_IRDA_TxCpltCallback
 958              		.syntax unified
 959              		.thumb
 960              		.thumb_func
 961              		.fpu softvfp
 963              	HAL_IRDA_TxCpltCallback:
 964              		@ args = 0, pretend = 0, frame = 0
 965              		@ frame_needed = 0, uses_anonymous_args = 0
 966              		@ link register save eliminated.
 967 0000 7047     		bx	lr
 969              		.section	.text.IRDA_DMATransmitCplt,"ax",%progbits
 970              		.align	1
 971              		.syntax unified
 972              		.thumb
 973              		.thumb_func
 974              		.fpu softvfp
 976              	IRDA_DMATransmitCplt:
 977              		@ args = 0, pretend = 0, frame = 0
 978              		@ frame_needed = 0, uses_anonymous_args = 0
 979 0000 08B5     		push	{r3, lr}
 980 0002 0368     		ldr	r3, [r0]
 981 0004 426A     		ldr	r2, [r0, #36]
 982 0006 1B68     		ldr	r3, [r3]
 983 0008 13F02003 		ands	r3, r3, #32
 984 000c 0AD1     		bne	.L144
 985 000e 5384     		strh	r3, [r2, #34]	@ movhi
 986 0010 1368     		ldr	r3, [r2]
 987 0012 5A69     		ldr	r2, [r3, #20]
 988 0014 22F08002 		bic	r2, r2, #128
 989 0018 5A61     		str	r2, [r3, #20]
 990 001a DA68     		ldr	r2, [r3, #12]
 991 001c 42F04002 		orr	r2, r2, #64
 992 0020 DA60     		str	r2, [r3, #12]
 993 0022 08BD     		pop	{r3, pc}
 994              	.L144:
 995 0024 1046     		mov	r0, r2
 996 0026 FFF7FEFF 		bl	HAL_IRDA_TxCpltCallback
 997 002a 08BD     		pop	{r3, pc}
 999              		.section	.text.HAL_IRDA_TxHalfCpltCallback,"ax",%progbits
 1000              		.align	1
 1001              		.weak	HAL_IRDA_TxHalfCpltCallback
 1002              		.syntax unified
 1003              		.thumb
 1004              		.thumb_func
 1005              		.fpu softvfp
 1007              	HAL_IRDA_TxHalfCpltCallback:
 1008              		@ args = 0, pretend = 0, frame = 0
 1009              		@ frame_needed = 0, uses_anonymous_args = 0
 1010              		@ link register save eliminated.
ARM GAS  /tmp/ccpGHjKq.s 			page 18


 1011 0000 7047     		bx	lr
 1013              		.section	.text.IRDA_DMATransmitHalfCplt,"ax",%progbits
 1014              		.align	1
 1015              		.syntax unified
 1016              		.thumb
 1017              		.thumb_func
 1018              		.fpu softvfp
 1020              	IRDA_DMATransmitHalfCplt:
 1021              		@ args = 0, pretend = 0, frame = 0
 1022              		@ frame_needed = 0, uses_anonymous_args = 0
 1023 0000 08B5     		push	{r3, lr}
 1024 0002 406A     		ldr	r0, [r0, #36]
 1025 0004 FFF7FEFF 		bl	HAL_IRDA_TxHalfCpltCallback
 1026 0008 08BD     		pop	{r3, pc}
 1028              		.section	.text.HAL_IRDA_RxCpltCallback,"ax",%progbits
 1029              		.align	1
 1030              		.weak	HAL_IRDA_RxCpltCallback
 1031              		.syntax unified
 1032              		.thumb
 1033              		.thumb_func
 1034              		.fpu softvfp
 1036              	HAL_IRDA_RxCpltCallback:
 1037              		@ args = 0, pretend = 0, frame = 0
 1038              		@ frame_needed = 0, uses_anonymous_args = 0
 1039              		@ link register save eliminated.
 1040 0000 7047     		bx	lr
 1042              		.section	.text.IRDA_DMAReceiveCplt,"ax",%progbits
 1043              		.align	1
 1044              		.syntax unified
 1045              		.thumb
 1046              		.thumb_func
 1047              		.fpu softvfp
 1049              	IRDA_DMAReceiveCplt:
 1050              		@ args = 0, pretend = 0, frame = 0
 1051              		@ frame_needed = 0, uses_anonymous_args = 0
 1052 0000 08B5     		push	{r3, lr}
 1053 0002 0368     		ldr	r3, [r0]
 1054 0004 426A     		ldr	r2, [r0, #36]
 1055 0006 1B68     		ldr	r3, [r3]
 1056 0008 13F02003 		ands	r3, r3, #32
 1057 000c 10D1     		bne	.L150
 1058 000e 5385     		strh	r3, [r2, #42]	@ movhi
 1059 0010 1368     		ldr	r3, [r2]
 1060 0012 D968     		ldr	r1, [r3, #12]
 1061 0014 21F48071 		bic	r1, r1, #256
 1062 0018 D960     		str	r1, [r3, #12]
 1063 001a 5969     		ldr	r1, [r3, #20]
 1064 001c 21F00101 		bic	r1, r1, #1
 1065 0020 5961     		str	r1, [r3, #20]
 1066 0022 5969     		ldr	r1, [r3, #20]
 1067 0024 21F04001 		bic	r1, r1, #64
 1068 0028 5961     		str	r1, [r3, #20]
 1069 002a 2023     		movs	r3, #32
 1070 002c 82F83630 		strb	r3, [r2, #54]
 1071              	.L150:
 1072 0030 1046     		mov	r0, r2
 1073 0032 FFF7FEFF 		bl	HAL_IRDA_RxCpltCallback
ARM GAS  /tmp/ccpGHjKq.s 			page 19


 1074 0036 08BD     		pop	{r3, pc}
 1076              		.section	.text.IRDA_Receive_IT,"ax",%progbits
 1077              		.align	1
 1078              		.syntax unified
 1079              		.thumb
 1080              		.thumb_func
 1081              		.fpu softvfp
 1083              	IRDA_Receive_IT:
 1084              		@ args = 0, pretend = 0, frame = 0
 1085              		@ frame_needed = 0, uses_anonymous_args = 0
 1086 0000 90F83630 		ldrb	r3, [r0, #54]	@ zero_extendqisi2
 1087 0004 10B5     		push	{r4, lr}
 1088 0006 222B     		cmp	r3, #34
 1089 0008 35D1     		bne	.L157
 1090 000a 0368     		ldr	r3, [r0]
 1091 000c C168     		ldr	r1, [r0, #12]
 1092 000e 5A68     		ldr	r2, [r3, #4]
 1093 0010 8368     		ldr	r3, [r0, #8]
 1094 0012 B3F5805F 		cmp	r3, #4096
 1095 0016 436A     		ldr	r3, [r0, #36]
 1096 0018 23D1     		bne	.L153
 1097 001a 92B2     		uxth	r2, r2
 1098 001c E9B9     		cbnz	r1, .L154
 1099 001e C2F30802 		ubfx	r2, r2, #0, #9
 1100 0022 23F8022B 		strh	r2, [r3], #2	@ movhi
 1101              	.L159:
 1102 0026 4362     		str	r3, [r0, #36]
 1103              	.L155:
 1104 0028 448D     		ldrh	r4, [r0, #42]
 1105 002a 013C     		subs	r4, r4, #1
 1106 002c A4B2     		uxth	r4, r4
 1107 002e 4485     		strh	r4, [r0, #42]	@ movhi
 1108 0030 8CB9     		cbnz	r4, .L158
 1109 0032 0368     		ldr	r3, [r0]
 1110 0034 DA68     		ldr	r2, [r3, #12]
 1111 0036 22F02002 		bic	r2, r2, #32
 1112 003a DA60     		str	r2, [r3, #12]
 1113 003c DA68     		ldr	r2, [r3, #12]
 1114 003e 22F48072 		bic	r2, r2, #256
 1115 0042 DA60     		str	r2, [r3, #12]
 1116 0044 5A69     		ldr	r2, [r3, #20]
 1117 0046 22F00102 		bic	r2, r2, #1
 1118 004a 5A61     		str	r2, [r3, #20]
 1119 004c 2023     		movs	r3, #32
 1120 004e 80F83630 		strb	r3, [r0, #54]
 1121 0052 FFF7FEFF 		bl	HAL_IRDA_RxCpltCallback
 1122              	.L158:
 1123 0056 0020     		movs	r0, #0
 1124 0058 10BD     		pop	{r4, pc}
 1125              	.L154:
 1126 005a D2B2     		uxtb	r2, r2
 1127 005c 23F8012B 		strh	r2, [r3], #1	@ movhi
 1128 0060 E1E7     		b	.L159
 1129              	.L153:
 1130 0062 19B9     		cbnz	r1, .L156
 1131 0064 591C     		adds	r1, r3, #1
 1132 0066 4162     		str	r1, [r0, #36]
ARM GAS  /tmp/ccpGHjKq.s 			page 20


 1133              	.L160:
 1134 0068 1A70     		strb	r2, [r3]
 1135 006a DDE7     		b	.L155
 1136              	.L156:
 1137 006c 591C     		adds	r1, r3, #1
 1138 006e 4162     		str	r1, [r0, #36]
 1139 0070 02F07F02 		and	r2, r2, #127
 1140 0074 F8E7     		b	.L160
 1141              	.L157:
 1142 0076 0220     		movs	r0, #2
 1143 0078 10BD     		pop	{r4, pc}
 1145              		.section	.text.HAL_IRDA_RxHalfCpltCallback,"ax",%progbits
 1146              		.align	1
 1147              		.weak	HAL_IRDA_RxHalfCpltCallback
 1148              		.syntax unified
 1149              		.thumb
 1150              		.thumb_func
 1151              		.fpu softvfp
 1153              	HAL_IRDA_RxHalfCpltCallback:
 1154              		@ args = 0, pretend = 0, frame = 0
 1155              		@ frame_needed = 0, uses_anonymous_args = 0
 1156              		@ link register save eliminated.
 1157 0000 7047     		bx	lr
 1159              		.section	.text.IRDA_DMAReceiveHalfCplt,"ax",%progbits
 1160              		.align	1
 1161              		.syntax unified
 1162              		.thumb
 1163              		.thumb_func
 1164              		.fpu softvfp
 1166              	IRDA_DMAReceiveHalfCplt:
 1167              		@ args = 0, pretend = 0, frame = 0
 1168              		@ frame_needed = 0, uses_anonymous_args = 0
 1169 0000 08B5     		push	{r3, lr}
 1170 0002 406A     		ldr	r0, [r0, #36]
 1171 0004 FFF7FEFF 		bl	HAL_IRDA_RxHalfCpltCallback
 1172 0008 08BD     		pop	{r3, pc}
 1174              		.section	.text.HAL_IRDA_ErrorCallback,"ax",%progbits
 1175              		.align	1
 1176              		.weak	HAL_IRDA_ErrorCallback
 1177              		.syntax unified
 1178              		.thumb
 1179              		.thumb_func
 1180              		.fpu softvfp
 1182              	HAL_IRDA_ErrorCallback:
 1183              		@ args = 0, pretend = 0, frame = 0
 1184              		@ frame_needed = 0, uses_anonymous_args = 0
 1185              		@ link register save eliminated.
 1186 0000 7047     		bx	lr
 1188              		.section	.text.IRDA_DMAError,"ax",%progbits
 1189              		.align	1
 1190              		.syntax unified
 1191              		.thumb
 1192              		.thumb_func
 1193              		.fpu softvfp
 1195              	IRDA_DMAError:
 1196              		@ args = 0, pretend = 0, frame = 0
 1197              		@ frame_needed = 0, uses_anonymous_args = 0
ARM GAS  /tmp/ccpGHjKq.s 			page 21


 1198 0000 416A     		ldr	r1, [r0, #36]
 1199 0002 08B5     		push	{r3, lr}
 1200 0004 0B68     		ldr	r3, [r1]
 1201 0006 5A69     		ldr	r2, [r3, #20]
 1202 0008 91F83500 		ldrb	r0, [r1, #53]	@ zero_extendqisi2
 1203 000c 2128     		cmp	r0, #33
 1204 000e 0AD1     		bne	.L165
 1205 0010 1206     		lsls	r2, r2, #24
 1206 0012 08D5     		bpl	.L165
 1207 0014 0022     		movs	r2, #0
 1208 0016 4A84     		strh	r2, [r1, #34]	@ movhi
 1209 0018 DA68     		ldr	r2, [r3, #12]
 1210 001a 22F0C002 		bic	r2, r2, #192
 1211 001e DA60     		str	r2, [r3, #12]
 1212 0020 2022     		movs	r2, #32
 1213 0022 81F83520 		strb	r2, [r1, #53]
 1214              	.L165:
 1215 0026 5B69     		ldr	r3, [r3, #20]
 1216 0028 91F83620 		ldrb	r2, [r1, #54]	@ zero_extendqisi2
 1217 002c 222A     		cmp	r2, #34
 1218 002e 06D1     		bne	.L166
 1219 0030 5B06     		lsls	r3, r3, #25
 1220 0032 04D5     		bpl	.L166
 1221 0034 0023     		movs	r3, #0
 1222 0036 0846     		mov	r0, r1
 1223 0038 4B85     		strh	r3, [r1, #42]	@ movhi
 1224 003a FFF7FEFF 		bl	IRDA_EndRxTransfer
 1225              	.L166:
 1226 003e 8B6B     		ldr	r3, [r1, #56]
 1227 0040 0846     		mov	r0, r1
 1228 0042 43F01003 		orr	r3, r3, #16
 1229 0046 8B63     		str	r3, [r1, #56]
 1230 0048 FFF7FEFF 		bl	HAL_IRDA_ErrorCallback
 1231 004c 08BD     		pop	{r3, pc}
 1233              		.section	.text.HAL_IRDA_IRQHandler,"ax",%progbits
 1234              		.align	1
 1235              		.global	HAL_IRDA_IRQHandler
 1236              		.syntax unified
 1237              		.thumb
 1238              		.thumb_func
 1239              		.fpu softvfp
 1241              	HAL_IRDA_IRQHandler:
 1242              		@ args = 0, pretend = 0, frame = 0
 1243              		@ frame_needed = 0, uses_anonymous_args = 0
 1244 0000 0368     		ldr	r3, [r0]
 1245 0002 70B5     		push	{r4, r5, r6, lr}
 1246 0004 1A68     		ldr	r2, [r3]
 1247 0006 0446     		mov	r4, r0
 1248 0008 1607     		lsls	r6, r2, #28
 1249 000a D968     		ldr	r1, [r3, #12]
 1250 000c 5D69     		ldr	r5, [r3, #20]
 1251 000e 07D1     		bne	.L174
 1252 0010 9606     		lsls	r6, r2, #26
 1253 0012 5AD5     		bpl	.L175
 1254 0014 8D06     		lsls	r5, r1, #26
 1255 0016 58D5     		bpl	.L175
 1256 0018 BDE87040 		pop	{r4, r5, r6, lr}
ARM GAS  /tmp/ccpGHjKq.s 			page 22


 1257 001c FFF7FEBF 		b	IRDA_Receive_IT
 1258              	.L174:
 1259 0020 15F00105 		ands	r5, r5, #1
 1260 0024 02D1     		bne	.L176
 1261 0026 11F4907F 		tst	r1, #288
 1262 002a 4ED0     		beq	.L175
 1263              	.L176:
 1264 002c D307     		lsls	r3, r2, #31
 1265 002e 05D5     		bpl	.L177
 1266 0030 CE05     		lsls	r6, r1, #23
 1267 0032 42BF     		ittt	mi
 1268 0034 A36B     		ldrmi	r3, [r4, #56]
 1269 0036 43F00103 		orrmi	r3, r3, #1
 1270 003a A363     		strmi	r3, [r4, #56]
 1271              	.L177:
 1272 003c 5007     		lsls	r0, r2, #29
 1273 003e 04D5     		bpl	.L178
 1274 0040 1DB1     		cbz	r5, .L178
 1275 0042 A36B     		ldr	r3, [r4, #56]
 1276 0044 43F00203 		orr	r3, r3, #2
 1277 0048 A363     		str	r3, [r4, #56]
 1278              	.L178:
 1279 004a 9307     		lsls	r3, r2, #30
 1280 004c 04D5     		bpl	.L179
 1281 004e 1DB1     		cbz	r5, .L179
 1282 0050 A36B     		ldr	r3, [r4, #56]
 1283 0052 43F00403 		orr	r3, r3, #4
 1284 0056 A363     		str	r3, [r4, #56]
 1285              	.L179:
 1286 0058 1607     		lsls	r6, r2, #28
 1287 005a 04D5     		bpl	.L180
 1288 005c 1DB1     		cbz	r5, .L180
 1289 005e A36B     		ldr	r3, [r4, #56]
 1290 0060 43F00803 		orr	r3, r3, #8
 1291 0064 A363     		str	r3, [r4, #56]
 1292              	.L180:
 1293 0066 A36B     		ldr	r3, [r4, #56]
 1294 0068 002B     		cmp	r3, #0
 1295 006a 6AD0     		beq	.L173
 1296 006c 9506     		lsls	r5, r2, #26
 1297 006e 04D5     		bpl	.L183
 1298 0070 8806     		lsls	r0, r1, #26
 1299 0072 02D5     		bpl	.L183
 1300 0074 2046     		mov	r0, r4
 1301 0076 FFF7FEFF 		bl	IRDA_Receive_IT
 1302              	.L183:
 1303 007a 2368     		ldr	r3, [r4]
 1304 007c 2046     		mov	r0, r4
 1305 007e 5D69     		ldr	r5, [r3, #20]
 1306 0080 A26B     		ldr	r2, [r4, #56]
 1307 0082 1107     		lsls	r1, r2, #28
 1308 0084 02D4     		bmi	.L184
 1309 0086 15F04005 		ands	r5, r5, #64
 1310 008a 1AD0     		beq	.L185
 1311              	.L184:
 1312 008c FFF7FEFF 		bl	IRDA_EndRxTransfer
 1313 0090 2368     		ldr	r3, [r4]
ARM GAS  /tmp/ccpGHjKq.s 			page 23


 1314 0092 5A69     		ldr	r2, [r3, #20]
 1315 0094 5206     		lsls	r2, r2, #25
 1316 0096 10D5     		bpl	.L186
 1317 0098 5A69     		ldr	r2, [r3, #20]
 1318 009a 206B     		ldr	r0, [r4, #48]
 1319 009c 22F04002 		bic	r2, r2, #64
 1320 00a0 5A61     		str	r2, [r3, #20]
 1321 00a2 50B1     		cbz	r0, .L186
 1322 00a4 274B     		ldr	r3, .L253
 1323 00a6 4363     		str	r3, [r0, #52]
 1324 00a8 FFF7FEFF 		bl	HAL_DMA_Abort_IT
 1325 00ac 0028     		cmp	r0, #0
 1326 00ae 48D0     		beq	.L173
 1327 00b0 206B     		ldr	r0, [r4, #48]
 1328 00b2 BDE87040 		pop	{r4, r5, r6, lr}
 1329 00b6 436B     		ldr	r3, [r0, #52]
 1330 00b8 1847     		bx	r3	@ indirect register sibling call
 1331              	.L186:
 1332 00ba 2046     		mov	r0, r4
 1333 00bc FFF7FEFF 		bl	HAL_IRDA_ErrorCallback
 1334 00c0 70BD     		pop	{r4, r5, r6, pc}
 1335              	.L185:
 1336 00c2 FFF7FEFF 		bl	HAL_IRDA_ErrorCallback
 1337 00c6 A563     		str	r5, [r4, #56]
 1338 00c8 70BD     		pop	{r4, r5, r6, pc}
 1339              	.L175:
 1340 00ca 1606     		lsls	r6, r2, #24
 1341 00cc 27D5     		bpl	.L188
 1342 00ce 0D06     		lsls	r5, r1, #24
 1343 00d0 25D5     		bpl	.L188
 1344 00d2 94F83520 		ldrb	r2, [r4, #53]	@ zero_extendqisi2
 1345 00d6 212A     		cmp	r2, #33
 1346 00d8 33D1     		bne	.L173
 1347 00da A268     		ldr	r2, [r4, #8]
 1348 00dc B2F5805F 		cmp	r2, #4096
 1349 00e0 E269     		ldr	r2, [r4, #28]
 1350 00e2 17D1     		bne	.L189
 1351 00e4 1188     		ldrh	r1, [r2]
 1352 00e6 C1F30801 		ubfx	r1, r1, #0, #9
 1353 00ea 5960     		str	r1, [r3, #4]
 1354 00ec E168     		ldr	r1, [r4, #12]
 1355 00ee 79B9     		cbnz	r1, .L190
 1356 00f0 0232     		adds	r2, r2, #2
 1357              	.L252:
 1358 00f2 E261     		str	r2, [r4, #28]
 1359              	.L191:
 1360 00f4 628C     		ldrh	r2, [r4, #34]
 1361 00f6 013A     		subs	r2, r2, #1
 1362 00f8 92B2     		uxth	r2, r2
 1363 00fa 6284     		strh	r2, [r4, #34]	@ movhi
 1364 00fc 0ABB     		cbnz	r2, .L173
 1365 00fe DA68     		ldr	r2, [r3, #12]
 1366 0100 22F08002 		bic	r2, r2, #128
 1367 0104 DA60     		str	r2, [r3, #12]
 1368 0106 DA68     		ldr	r2, [r3, #12]
 1369 0108 42F04002 		orr	r2, r2, #64
 1370 010c DA60     		str	r2, [r3, #12]
ARM GAS  /tmp/ccpGHjKq.s 			page 24


 1371 010e 70BD     		pop	{r4, r5, r6, pc}
 1372              	.L190:
 1373 0110 0132     		adds	r2, r2, #1
 1374 0112 EEE7     		b	.L252
 1375              	.L189:
 1376 0114 511C     		adds	r1, r2, #1
 1377 0116 E161     		str	r1, [r4, #28]
 1378 0118 1278     		ldrb	r2, [r2]	@ zero_extendqisi2
 1379 011a 5A60     		str	r2, [r3, #4]
 1380 011c EAE7     		b	.L191
 1381              	.L188:
 1382 011e 5006     		lsls	r0, r2, #25
 1383 0120 0FD5     		bpl	.L173
 1384 0122 4A06     		lsls	r2, r1, #25
 1385 0124 0DD5     		bpl	.L173
 1386 0126 DA68     		ldr	r2, [r3, #12]
 1387 0128 2046     		mov	r0, r4
 1388 012a 22F04002 		bic	r2, r2, #64
 1389 012e DA60     		str	r2, [r3, #12]
 1390 0130 5A69     		ldr	r2, [r3, #20]
 1391 0132 22F00102 		bic	r2, r2, #1
 1392 0136 5A61     		str	r2, [r3, #20]
 1393 0138 2023     		movs	r3, #32
 1394 013a 84F83530 		strb	r3, [r4, #53]
 1395 013e FFF7FEFF 		bl	HAL_IRDA_TxCpltCallback
 1396              	.L173:
 1397 0142 70BD     		pop	{r4, r5, r6, pc}
 1398              	.L254:
 1399              		.align	2
 1400              	.L253:
 1401 0144 00000000 		.word	IRDA_DMAAbortOnError
 1403              		.section	.text.IRDA_DMAAbortOnError,"ax",%progbits
 1404              		.align	1
 1405              		.syntax unified
 1406              		.thumb
 1407              		.thumb_func
 1408              		.fpu softvfp
 1410              	IRDA_DMAAbortOnError:
 1411              		@ args = 0, pretend = 0, frame = 0
 1412              		@ frame_needed = 0, uses_anonymous_args = 0
 1413 0000 08B5     		push	{r3, lr}
 1414 0002 0023     		movs	r3, #0
 1415 0004 406A     		ldr	r0, [r0, #36]
 1416 0006 4385     		strh	r3, [r0, #42]	@ movhi
 1417 0008 4384     		strh	r3, [r0, #34]	@ movhi
 1418 000a FFF7FEFF 		bl	HAL_IRDA_ErrorCallback
 1419 000e 08BD     		pop	{r3, pc}
 1421              		.section	.text.HAL_IRDA_AbortCpltCallback,"ax",%progbits
 1422              		.align	1
 1423              		.weak	HAL_IRDA_AbortCpltCallback
 1424              		.syntax unified
 1425              		.thumb
 1426              		.thumb_func
 1427              		.fpu softvfp
 1429              	HAL_IRDA_AbortCpltCallback:
 1430              		@ args = 0, pretend = 0, frame = 0
 1431              		@ frame_needed = 0, uses_anonymous_args = 0
ARM GAS  /tmp/ccpGHjKq.s 			page 25


 1432              		@ link register save eliminated.
 1433 0000 7047     		bx	lr
 1435              		.section	.text.HAL_IRDA_Abort_IT,"ax",%progbits
 1436              		.align	1
 1437              		.global	HAL_IRDA_Abort_IT
 1438              		.syntax unified
 1439              		.thumb
 1440              		.thumb_func
 1441              		.fpu softvfp
 1443              	HAL_IRDA_Abort_IT:
 1444              		@ args = 0, pretend = 0, frame = 0
 1445              		@ frame_needed = 0, uses_anonymous_args = 0
 1446 0000 0368     		ldr	r3, [r0]
 1447 0002 10B5     		push	{r4, lr}
 1448 0004 DA68     		ldr	r2, [r3, #12]
 1449 0006 0446     		mov	r4, r0
 1450 0008 22F4F072 		bic	r2, r2, #480
 1451 000c DA60     		str	r2, [r3, #12]
 1452 000e 5A69     		ldr	r2, [r3, #20]
 1453 0010 C06A     		ldr	r0, [r0, #44]
 1454 0012 22F00102 		bic	r2, r2, #1
 1455 0016 5A61     		str	r2, [r3, #20]
 1456 0018 28B1     		cbz	r0, .L258
 1457 001a 5A69     		ldr	r2, [r3, #20]
 1458 001c 12F08002 		ands	r2, r2, #128
 1459 0020 18BF     		it	ne
 1460 0022 1F4A     		ldrne	r2, .L287
 1461 0024 4263     		str	r2, [r0, #52]
 1462              	.L258:
 1463 0026 216B     		ldr	r1, [r4, #48]
 1464 0028 29B1     		cbz	r1, .L260
 1465 002a 5A69     		ldr	r2, [r3, #20]
 1466 002c 12F04002 		ands	r2, r2, #64
 1467 0030 18BF     		it	ne
 1468 0032 1C4A     		ldrne	r2, .L287+4
 1469 0034 4A63     		str	r2, [r1, #52]
 1470              	.L260:
 1471 0036 5A69     		ldr	r2, [r3, #20]
 1472 0038 1206     		lsls	r2, r2, #24
 1473 003a 1DD4     		bmi	.L262
 1474              	.L286:
 1475 003c 0123     		movs	r3, #1
 1476              	.L263:
 1477 003e 2268     		ldr	r2, [r4]
 1478 0040 5169     		ldr	r1, [r2, #20]
 1479 0042 4906     		lsls	r1, r1, #25
 1480 0044 27D5     		bpl	.L265
 1481 0046 5169     		ldr	r1, [r2, #20]
 1482 0048 206B     		ldr	r0, [r4, #48]
 1483 004a 21F04001 		bic	r1, r1, #64
 1484 004e 5161     		str	r1, [r2, #20]
 1485 0050 08B3     		cbz	r0, .L265
 1486 0052 FFF7FEFF 		bl	HAL_DMA_Abort_IT
 1487 0056 00B3     		cbz	r0, .L267
 1488 0058 0022     		movs	r2, #0
 1489 005a 236B     		ldr	r3, [r4, #48]
 1490 005c 5A63     		str	r2, [r3, #52]
ARM GAS  /tmp/ccpGHjKq.s 			page 26


 1491              	.L268:
 1492 005e 0023     		movs	r3, #0
 1493 0060 6384     		strh	r3, [r4, #34]	@ movhi
 1494 0062 6385     		strh	r3, [r4, #42]	@ movhi
 1495 0064 A363     		str	r3, [r4, #56]
 1496 0066 2023     		movs	r3, #32
 1497 0068 2046     		mov	r0, r4
 1498 006a 84F83530 		strb	r3, [r4, #53]
 1499 006e 84F83630 		strb	r3, [r4, #54]
 1500 0072 FFF7FEFF 		bl	HAL_IRDA_AbortCpltCallback
 1501 0076 10E0     		b	.L267
 1502              	.L262:
 1503 0078 5A69     		ldr	r2, [r3, #20]
 1504 007a 22F08002 		bic	r2, r2, #128
 1505 007e 5A61     		str	r2, [r3, #20]
 1506 0080 0028     		cmp	r0, #0
 1507 0082 DBD0     		beq	.L286
 1508 0084 FFF7FEFF 		bl	HAL_DMA_Abort_IT
 1509 0088 18B1     		cbz	r0, .L270
 1510 008a 0022     		movs	r2, #0
 1511 008c E36A     		ldr	r3, [r4, #44]
 1512 008e 5A63     		str	r2, [r3, #52]
 1513 0090 D4E7     		b	.L286
 1514              	.L270:
 1515 0092 0346     		mov	r3, r0
 1516 0094 D3E7     		b	.L263
 1517              	.L265:
 1518 0096 002B     		cmp	r3, #0
 1519 0098 E1D1     		bne	.L268
 1520              	.L267:
 1521 009a 0020     		movs	r0, #0
 1522 009c 10BD     		pop	{r4, pc}
 1523              	.L288:
 1524 009e 00BF     		.align	2
 1525              	.L287:
 1526 00a0 00000000 		.word	IRDA_DMATxAbortCallback
 1527 00a4 00000000 		.word	IRDA_DMARxAbortCallback
 1529              		.section	.text.IRDA_DMARxAbortCallback,"ax",%progbits
 1530              		.align	1
 1531              		.syntax unified
 1532              		.thumb
 1533              		.thumb_func
 1534              		.fpu softvfp
 1536              	IRDA_DMARxAbortCallback:
 1537              		@ args = 0, pretend = 0, frame = 0
 1538              		@ frame_needed = 0, uses_anonymous_args = 0
 1539 0000 08B5     		push	{r3, lr}
 1540 0002 0023     		movs	r3, #0
 1541 0004 406A     		ldr	r0, [r0, #36]
 1542 0006 026B     		ldr	r2, [r0, #48]
 1543 0008 5363     		str	r3, [r2, #52]
 1544 000a C26A     		ldr	r2, [r0, #44]
 1545 000c 0AB1     		cbz	r2, .L290
 1546 000e 526B     		ldr	r2, [r2, #52]
 1547 0010 4AB9     		cbnz	r2, .L289
 1548              	.L290:
 1549 0012 4384     		strh	r3, [r0, #34]	@ movhi
ARM GAS  /tmp/ccpGHjKq.s 			page 27


 1550 0014 4385     		strh	r3, [r0, #42]	@ movhi
 1551 0016 8363     		str	r3, [r0, #56]
 1552 0018 2023     		movs	r3, #32
 1553 001a 80F83530 		strb	r3, [r0, #53]
 1554 001e 80F83630 		strb	r3, [r0, #54]
 1555 0022 FFF7FEFF 		bl	HAL_IRDA_AbortCpltCallback
 1556              	.L289:
 1557 0026 08BD     		pop	{r3, pc}
 1559              		.section	.text.IRDA_DMATxAbortCallback,"ax",%progbits
 1560              		.align	1
 1561              		.syntax unified
 1562              		.thumb
 1563              		.thumb_func
 1564              		.fpu softvfp
 1566              	IRDA_DMATxAbortCallback:
 1567              		@ args = 0, pretend = 0, frame = 0
 1568              		@ frame_needed = 0, uses_anonymous_args = 0
 1569 0000 08B5     		push	{r3, lr}
 1570 0002 0023     		movs	r3, #0
 1571 0004 406A     		ldr	r0, [r0, #36]
 1572 0006 C26A     		ldr	r2, [r0, #44]
 1573 0008 5363     		str	r3, [r2, #52]
 1574 000a 026B     		ldr	r2, [r0, #48]
 1575 000c 0AB1     		cbz	r2, .L296
 1576 000e 526B     		ldr	r2, [r2, #52]
 1577 0010 4AB9     		cbnz	r2, .L295
 1578              	.L296:
 1579 0012 4384     		strh	r3, [r0, #34]	@ movhi
 1580 0014 4385     		strh	r3, [r0, #42]	@ movhi
 1581 0016 8363     		str	r3, [r0, #56]
 1582 0018 2023     		movs	r3, #32
 1583 001a 80F83530 		strb	r3, [r0, #53]
 1584 001e 80F83630 		strb	r3, [r0, #54]
 1585 0022 FFF7FEFF 		bl	HAL_IRDA_AbortCpltCallback
 1586              	.L295:
 1587 0026 08BD     		pop	{r3, pc}
 1589              		.section	.text.HAL_IRDA_AbortTransmitCpltCallback,"ax",%progbits
 1590              		.align	1
 1591              		.weak	HAL_IRDA_AbortTransmitCpltCallback
 1592              		.syntax unified
 1593              		.thumb
 1594              		.thumb_func
 1595              		.fpu softvfp
 1597              	HAL_IRDA_AbortTransmitCpltCallback:
 1598              		@ args = 0, pretend = 0, frame = 0
 1599              		@ frame_needed = 0, uses_anonymous_args = 0
 1600              		@ link register save eliminated.
 1601 0000 7047     		bx	lr
 1603              		.section	.text.HAL_IRDA_AbortTransmit_IT,"ax",%progbits
 1604              		.align	1
 1605              		.global	HAL_IRDA_AbortTransmit_IT
 1606              		.syntax unified
 1607              		.thumb
 1608              		.thumb_func
 1609              		.fpu softvfp
 1611              	HAL_IRDA_AbortTransmit_IT:
 1612              		@ args = 0, pretend = 0, frame = 0
ARM GAS  /tmp/ccpGHjKq.s 			page 28


 1613              		@ frame_needed = 0, uses_anonymous_args = 0
 1614 0000 0368     		ldr	r3, [r0]
 1615 0002 10B5     		push	{r4, lr}
 1616 0004 DA68     		ldr	r2, [r3, #12]
 1617 0006 0446     		mov	r4, r0
 1618 0008 22F0C002 		bic	r2, r2, #192
 1619 000c DA60     		str	r2, [r3, #12]
 1620 000e 5A69     		ldr	r2, [r3, #20]
 1621 0010 12F08002 		ands	r2, r2, #128
 1622 0014 17D0     		beq	.L303
 1623 0016 5A69     		ldr	r2, [r3, #20]
 1624 0018 22F08002 		bic	r2, r2, #128
 1625 001c 5A61     		str	r2, [r3, #20]
 1626 001e C36A     		ldr	r3, [r0, #44]
 1627 0020 53B1     		cbz	r3, .L304
 1628 0022 0A4A     		ldr	r2, .L310
 1629 0024 1846     		mov	r0, r3
 1630 0026 5A63     		str	r2, [r3, #52]
 1631 0028 FFF7FEFF 		bl	HAL_DMA_Abort_IT
 1632 002c 10B1     		cbz	r0, .L305
 1633 002e E06A     		ldr	r0, [r4, #44]
 1634 0030 436B     		ldr	r3, [r0, #52]
 1635 0032 9847     		blx	r3
 1636              	.L305:
 1637 0034 0020     		movs	r0, #0
 1638 0036 10BD     		pop	{r4, pc}
 1639              	.L304:
 1640 0038 4384     		strh	r3, [r0, #34]	@ movhi
 1641              	.L309:
 1642 003a 2023     		movs	r3, #32
 1643 003c 84F83530 		strb	r3, [r4, #53]
 1644 0040 FFF7FEFF 		bl	HAL_IRDA_AbortTransmitCpltCallback
 1645 0044 F6E7     		b	.L305
 1646              	.L303:
 1647 0046 4284     		strh	r2, [r0, #34]	@ movhi
 1648 0048 F7E7     		b	.L309
 1649              	.L311:
 1650 004a 00BF     		.align	2
 1651              	.L310:
 1652 004c 00000000 		.word	IRDA_DMATxOnlyAbortCallback
 1654              		.section	.text.IRDA_DMATxOnlyAbortCallback,"ax",%progbits
 1655              		.align	1
 1656              		.syntax unified
 1657              		.thumb
 1658              		.thumb_func
 1659              		.fpu softvfp
 1661              	IRDA_DMATxOnlyAbortCallback:
 1662              		@ args = 0, pretend = 0, frame = 0
 1663              		@ frame_needed = 0, uses_anonymous_args = 0
 1664 0000 08B5     		push	{r3, lr}
 1665 0002 0023     		movs	r3, #0
 1666 0004 406A     		ldr	r0, [r0, #36]
 1667 0006 4384     		strh	r3, [r0, #34]	@ movhi
 1668 0008 2023     		movs	r3, #32
 1669 000a 80F83530 		strb	r3, [r0, #53]
 1670 000e FFF7FEFF 		bl	HAL_IRDA_AbortTransmitCpltCallback
 1671 0012 08BD     		pop	{r3, pc}
ARM GAS  /tmp/ccpGHjKq.s 			page 29


 1673              		.section	.text.HAL_IRDA_AbortReceiveCpltCallback,"ax",%progbits
 1674              		.align	1
 1675              		.weak	HAL_IRDA_AbortReceiveCpltCallback
 1676              		.syntax unified
 1677              		.thumb
 1678              		.thumb_func
 1679              		.fpu softvfp
 1681              	HAL_IRDA_AbortReceiveCpltCallback:
 1682              		@ args = 0, pretend = 0, frame = 0
 1683              		@ frame_needed = 0, uses_anonymous_args = 0
 1684              		@ link register save eliminated.
 1685 0000 7047     		bx	lr
 1687              		.section	.text.HAL_IRDA_AbortReceive_IT,"ax",%progbits
 1688              		.align	1
 1689              		.global	HAL_IRDA_AbortReceive_IT
 1690              		.syntax unified
 1691              		.thumb
 1692              		.thumb_func
 1693              		.fpu softvfp
 1695              	HAL_IRDA_AbortReceive_IT:
 1696              		@ args = 0, pretend = 0, frame = 0
 1697              		@ frame_needed = 0, uses_anonymous_args = 0
 1698 0000 0368     		ldr	r3, [r0]
 1699 0002 10B5     		push	{r4, lr}
 1700 0004 DA68     		ldr	r2, [r3, #12]
 1701 0006 0446     		mov	r4, r0
 1702 0008 22F49072 		bic	r2, r2, #288
 1703 000c DA60     		str	r2, [r3, #12]
 1704 000e 5A69     		ldr	r2, [r3, #20]
 1705 0010 22F00102 		bic	r2, r2, #1
 1706 0014 5A61     		str	r2, [r3, #20]
 1707 0016 5A69     		ldr	r2, [r3, #20]
 1708 0018 12F04002 		ands	r2, r2, #64
 1709 001c 17D0     		beq	.L315
 1710 001e 5A69     		ldr	r2, [r3, #20]
 1711 0020 22F04002 		bic	r2, r2, #64
 1712 0024 5A61     		str	r2, [r3, #20]
 1713 0026 036B     		ldr	r3, [r0, #48]
 1714 0028 53B1     		cbz	r3, .L316
 1715 002a 0A4A     		ldr	r2, .L322
 1716 002c 1846     		mov	r0, r3
 1717 002e 5A63     		str	r2, [r3, #52]
 1718 0030 FFF7FEFF 		bl	HAL_DMA_Abort_IT
 1719 0034 10B1     		cbz	r0, .L317
 1720 0036 206B     		ldr	r0, [r4, #48]
 1721 0038 436B     		ldr	r3, [r0, #52]
 1722 003a 9847     		blx	r3
 1723              	.L317:
 1724 003c 0020     		movs	r0, #0
 1725 003e 10BD     		pop	{r4, pc}
 1726              	.L316:
 1727 0040 4385     		strh	r3, [r0, #42]	@ movhi
 1728              	.L321:
 1729 0042 2023     		movs	r3, #32
 1730 0044 84F83630 		strb	r3, [r4, #54]
 1731 0048 FFF7FEFF 		bl	HAL_IRDA_AbortReceiveCpltCallback
 1732 004c F6E7     		b	.L317
ARM GAS  /tmp/ccpGHjKq.s 			page 30


 1733              	.L315:
 1734 004e 4285     		strh	r2, [r0, #42]	@ movhi
 1735 0050 F7E7     		b	.L321
 1736              	.L323:
 1737 0052 00BF     		.align	2
 1738              	.L322:
 1739 0054 00000000 		.word	IRDA_DMARxOnlyAbortCallback
 1741              		.section	.text.IRDA_DMARxOnlyAbortCallback,"ax",%progbits
 1742              		.align	1
 1743              		.syntax unified
 1744              		.thumb
 1745              		.thumb_func
 1746              		.fpu softvfp
 1748              	IRDA_DMARxOnlyAbortCallback:
 1749              		@ args = 0, pretend = 0, frame = 0
 1750              		@ frame_needed = 0, uses_anonymous_args = 0
 1751 0000 08B5     		push	{r3, lr}
 1752 0002 0023     		movs	r3, #0
 1753 0004 406A     		ldr	r0, [r0, #36]
 1754 0006 4385     		strh	r3, [r0, #42]	@ movhi
 1755 0008 2023     		movs	r3, #32
 1756 000a 80F83630 		strb	r3, [r0, #54]
 1757 000e FFF7FEFF 		bl	HAL_IRDA_AbortReceiveCpltCallback
 1758 0012 08BD     		pop	{r3, pc}
 1760              		.section	.text.HAL_IRDA_GetState,"ax",%progbits
 1761              		.align	1
 1762              		.global	HAL_IRDA_GetState
 1763              		.syntax unified
 1764              		.thumb
 1765              		.thumb_func
 1766              		.fpu softvfp
 1768              	HAL_IRDA_GetState:
 1769              		@ args = 0, pretend = 0, frame = 0
 1770              		@ frame_needed = 0, uses_anonymous_args = 0
 1771              		@ link register save eliminated.
 1772 0000 90F83520 		ldrb	r2, [r0, #53]	@ zero_extendqisi2
 1773 0004 90F83600 		ldrb	r0, [r0, #54]	@ zero_extendqisi2
 1774 0008 1043     		orrs	r0, r0, r2
 1775 000a 7047     		bx	lr
 1777              		.section	.text.HAL_IRDA_GetError,"ax",%progbits
 1778              		.align	1
 1779              		.global	HAL_IRDA_GetError
 1780              		.syntax unified
 1781              		.thumb
 1782              		.thumb_func
 1783              		.fpu softvfp
 1785              	HAL_IRDA_GetError:
 1786              		@ args = 0, pretend = 0, frame = 0
 1787              		@ frame_needed = 0, uses_anonymous_args = 0
 1788              		@ link register save eliminated.
 1789 0000 806B     		ldr	r0, [r0, #56]
 1790 0002 7047     		bx	lr
 1792              		.ident	"GCC: (15:6.3.1+svn253039-1build1) 6.3.1 20170620"
ARM GAS  /tmp/ccpGHjKq.s 			page 31


DEFINED SYMBOLS
                            *ABS*:0000000000000000 stm32f1xx_hal_irda.c
     /tmp/ccpGHjKq.s:13     .text.IRDA_EndRxTransfer:0000000000000000 $t
     /tmp/ccpGHjKq.s:19     .text.IRDA_EndRxTransfer:0000000000000000 IRDA_EndRxTransfer
     /tmp/ccpGHjKq.s:35     .text.IRDA_WaitOnFlagUntilTimeout.constprop.3:0000000000000000 $t
     /tmp/ccpGHjKq.s:41     .text.IRDA_WaitOnFlagUntilTimeout.constprop.3:0000000000000000 IRDA_WaitOnFlagUntilTimeout.constprop.3
     /tmp/ccpGHjKq.s:84     .text.HAL_IRDA_MspInit:0000000000000000 $t
     /tmp/ccpGHjKq.s:91     .text.HAL_IRDA_MspInit:0000000000000000 HAL_IRDA_MspInit
     /tmp/ccpGHjKq.s:98     .text.HAL_IRDA_Init:0000000000000000 $t
     /tmp/ccpGHjKq.s:105    .text.HAL_IRDA_Init:0000000000000000 HAL_IRDA_Init
     /tmp/ccpGHjKq.s:201    .text.HAL_IRDA_Init:00000000000000e0 $d
     /tmp/ccpGHjKq.s:204    .text.HAL_IRDA_MspDeInit:0000000000000000 $t
     /tmp/ccpGHjKq.s:211    .text.HAL_IRDA_MspDeInit:0000000000000000 HAL_IRDA_MspDeInit
     /tmp/ccpGHjKq.s:218    .text.HAL_IRDA_DeInit:0000000000000000 $t
     /tmp/ccpGHjKq.s:225    .text.HAL_IRDA_DeInit:0000000000000000 HAL_IRDA_DeInit
     /tmp/ccpGHjKq.s:249    .text.HAL_IRDA_Transmit:0000000000000000 $t
     /tmp/ccpGHjKq.s:256    .text.HAL_IRDA_Transmit:0000000000000000 HAL_IRDA_Transmit
     /tmp/ccpGHjKq.s:342    .text.HAL_IRDA_Receive:0000000000000000 $t
     /tmp/ccpGHjKq.s:349    .text.HAL_IRDA_Receive:0000000000000000 HAL_IRDA_Receive
     /tmp/ccpGHjKq.s:438    .text.HAL_IRDA_Transmit_IT:0000000000000000 $t
     /tmp/ccpGHjKq.s:445    .text.HAL_IRDA_Transmit_IT:0000000000000000 HAL_IRDA_Transmit_IT
     /tmp/ccpGHjKq.s:479    .text.HAL_IRDA_Receive_IT:0000000000000000 $t
     /tmp/ccpGHjKq.s:486    .text.HAL_IRDA_Receive_IT:0000000000000000 HAL_IRDA_Receive_IT
     /tmp/ccpGHjKq.s:523    .text.HAL_IRDA_Transmit_DMA:0000000000000000 $t
     /tmp/ccpGHjKq.s:530    .text.HAL_IRDA_Transmit_DMA:0000000000000000 HAL_IRDA_Transmit_DMA
     /tmp/ccpGHjKq.s:582    .text.HAL_IRDA_Transmit_DMA:0000000000000068 $d
     /tmp/ccpGHjKq.s:976    .text.IRDA_DMATransmitCplt:0000000000000000 IRDA_DMATransmitCplt
     /tmp/ccpGHjKq.s:1020   .text.IRDA_DMATransmitHalfCplt:0000000000000000 IRDA_DMATransmitHalfCplt
     /tmp/ccpGHjKq.s:1195   .text.IRDA_DMAError:0000000000000000 IRDA_DMAError
     /tmp/ccpGHjKq.s:587    .text.HAL_IRDA_Receive_DMA:0000000000000000 $t
     /tmp/ccpGHjKq.s:594    .text.HAL_IRDA_Receive_DMA:0000000000000000 HAL_IRDA_Receive_DMA
     /tmp/ccpGHjKq.s:661    .text.HAL_IRDA_Receive_DMA:0000000000000084 $d
     /tmp/ccpGHjKq.s:1049   .text.IRDA_DMAReceiveCplt:0000000000000000 IRDA_DMAReceiveCplt
     /tmp/ccpGHjKq.s:1166   .text.IRDA_DMAReceiveHalfCplt:0000000000000000 IRDA_DMAReceiveHalfCplt
     /tmp/ccpGHjKq.s:666    .text.HAL_IRDA_DMAPause:0000000000000000 $t
     /tmp/ccpGHjKq.s:673    .text.HAL_IRDA_DMAPause:0000000000000000 HAL_IRDA_DMAPause
     /tmp/ccpGHjKq.s:718    .text.HAL_IRDA_DMAResume:0000000000000000 $t
     /tmp/ccpGHjKq.s:725    .text.HAL_IRDA_DMAResume:0000000000000000 HAL_IRDA_DMAResume
     /tmp/ccpGHjKq.s:775    .text.HAL_IRDA_DMAStop:0000000000000000 $t
     /tmp/ccpGHjKq.s:782    .text.HAL_IRDA_DMAStop:0000000000000000 HAL_IRDA_DMAStop
     /tmp/ccpGHjKq.s:829    .text.HAL_IRDA_Abort:0000000000000000 $t
     /tmp/ccpGHjKq.s:836    .text.HAL_IRDA_Abort:0000000000000000 HAL_IRDA_Abort
     /tmp/ccpGHjKq.s:883    .text.HAL_IRDA_AbortTransmit:0000000000000000 $t
     /tmp/ccpGHjKq.s:890    .text.HAL_IRDA_AbortTransmit:0000000000000000 HAL_IRDA_AbortTransmit
     /tmp/ccpGHjKq.s:918    .text.HAL_IRDA_AbortReceive:0000000000000000 $t
     /tmp/ccpGHjKq.s:925    .text.HAL_IRDA_AbortReceive:0000000000000000 HAL_IRDA_AbortReceive
     /tmp/ccpGHjKq.s:956    .text.HAL_IRDA_TxCpltCallback:0000000000000000 $t
     /tmp/ccpGHjKq.s:963    .text.HAL_IRDA_TxCpltCallback:0000000000000000 HAL_IRDA_TxCpltCallback
     /tmp/ccpGHjKq.s:970    .text.IRDA_DMATransmitCplt:0000000000000000 $t
     /tmp/ccpGHjKq.s:1000   .text.HAL_IRDA_TxHalfCpltCallback:0000000000000000 $t
     /tmp/ccpGHjKq.s:1007   .text.HAL_IRDA_TxHalfCpltCallback:0000000000000000 HAL_IRDA_TxHalfCpltCallback
     /tmp/ccpGHjKq.s:1014   .text.IRDA_DMATransmitHalfCplt:0000000000000000 $t
     /tmp/ccpGHjKq.s:1029   .text.HAL_IRDA_RxCpltCallback:0000000000000000 $t
     /tmp/ccpGHjKq.s:1036   .text.HAL_IRDA_RxCpltCallback:0000000000000000 HAL_IRDA_RxCpltCallback
     /tmp/ccpGHjKq.s:1043   .text.IRDA_DMAReceiveCplt:0000000000000000 $t
     /tmp/ccpGHjKq.s:1077   .text.IRDA_Receive_IT:0000000000000000 $t
     /tmp/ccpGHjKq.s:1083   .text.IRDA_Receive_IT:0000000000000000 IRDA_Receive_IT
ARM GAS  /tmp/ccpGHjKq.s 			page 32


     /tmp/ccpGHjKq.s:1146   .text.HAL_IRDA_RxHalfCpltCallback:0000000000000000 $t
     /tmp/ccpGHjKq.s:1153   .text.HAL_IRDA_RxHalfCpltCallback:0000000000000000 HAL_IRDA_RxHalfCpltCallback
     /tmp/ccpGHjKq.s:1160   .text.IRDA_DMAReceiveHalfCplt:0000000000000000 $t
     /tmp/ccpGHjKq.s:1175   .text.HAL_IRDA_ErrorCallback:0000000000000000 $t
     /tmp/ccpGHjKq.s:1182   .text.HAL_IRDA_ErrorCallback:0000000000000000 HAL_IRDA_ErrorCallback
     /tmp/ccpGHjKq.s:1189   .text.IRDA_DMAError:0000000000000000 $t
     /tmp/ccpGHjKq.s:1234   .text.HAL_IRDA_IRQHandler:0000000000000000 $t
     /tmp/ccpGHjKq.s:1241   .text.HAL_IRDA_IRQHandler:0000000000000000 HAL_IRDA_IRQHandler
     /tmp/ccpGHjKq.s:1401   .text.HAL_IRDA_IRQHandler:0000000000000144 $d
     /tmp/ccpGHjKq.s:1410   .text.IRDA_DMAAbortOnError:0000000000000000 IRDA_DMAAbortOnError
     /tmp/ccpGHjKq.s:1404   .text.IRDA_DMAAbortOnError:0000000000000000 $t
     /tmp/ccpGHjKq.s:1422   .text.HAL_IRDA_AbortCpltCallback:0000000000000000 $t
     /tmp/ccpGHjKq.s:1429   .text.HAL_IRDA_AbortCpltCallback:0000000000000000 HAL_IRDA_AbortCpltCallback
     /tmp/ccpGHjKq.s:1436   .text.HAL_IRDA_Abort_IT:0000000000000000 $t
     /tmp/ccpGHjKq.s:1443   .text.HAL_IRDA_Abort_IT:0000000000000000 HAL_IRDA_Abort_IT
     /tmp/ccpGHjKq.s:1526   .text.HAL_IRDA_Abort_IT:00000000000000a0 $d
     /tmp/ccpGHjKq.s:1566   .text.IRDA_DMATxAbortCallback:0000000000000000 IRDA_DMATxAbortCallback
     /tmp/ccpGHjKq.s:1536   .text.IRDA_DMARxAbortCallback:0000000000000000 IRDA_DMARxAbortCallback
     /tmp/ccpGHjKq.s:1530   .text.IRDA_DMARxAbortCallback:0000000000000000 $t
     /tmp/ccpGHjKq.s:1560   .text.IRDA_DMATxAbortCallback:0000000000000000 $t
     /tmp/ccpGHjKq.s:1590   .text.HAL_IRDA_AbortTransmitCpltCallback:0000000000000000 $t
     /tmp/ccpGHjKq.s:1597   .text.HAL_IRDA_AbortTransmitCpltCallback:0000000000000000 HAL_IRDA_AbortTransmitCpltCallback
     /tmp/ccpGHjKq.s:1604   .text.HAL_IRDA_AbortTransmit_IT:0000000000000000 $t
     /tmp/ccpGHjKq.s:1611   .text.HAL_IRDA_AbortTransmit_IT:0000000000000000 HAL_IRDA_AbortTransmit_IT
     /tmp/ccpGHjKq.s:1652   .text.HAL_IRDA_AbortTransmit_IT:000000000000004c $d
     /tmp/ccpGHjKq.s:1661   .text.IRDA_DMATxOnlyAbortCallback:0000000000000000 IRDA_DMATxOnlyAbortCallback
     /tmp/ccpGHjKq.s:1655   .text.IRDA_DMATxOnlyAbortCallback:0000000000000000 $t
     /tmp/ccpGHjKq.s:1674   .text.HAL_IRDA_AbortReceiveCpltCallback:0000000000000000 $t
     /tmp/ccpGHjKq.s:1681   .text.HAL_IRDA_AbortReceiveCpltCallback:0000000000000000 HAL_IRDA_AbortReceiveCpltCallback
     /tmp/ccpGHjKq.s:1688   .text.HAL_IRDA_AbortReceive_IT:0000000000000000 $t
     /tmp/ccpGHjKq.s:1695   .text.HAL_IRDA_AbortReceive_IT:0000000000000000 HAL_IRDA_AbortReceive_IT
     /tmp/ccpGHjKq.s:1739   .text.HAL_IRDA_AbortReceive_IT:0000000000000054 $d
     /tmp/ccpGHjKq.s:1748   .text.IRDA_DMARxOnlyAbortCallback:0000000000000000 IRDA_DMARxOnlyAbortCallback
     /tmp/ccpGHjKq.s:1742   .text.IRDA_DMARxOnlyAbortCallback:0000000000000000 $t
     /tmp/ccpGHjKq.s:1761   .text.HAL_IRDA_GetState:0000000000000000 $t
     /tmp/ccpGHjKq.s:1768   .text.HAL_IRDA_GetState:0000000000000000 HAL_IRDA_GetState
     /tmp/ccpGHjKq.s:1778   .text.HAL_IRDA_GetError:0000000000000000 $t
     /tmp/ccpGHjKq.s:1785   .text.HAL_IRDA_GetError:0000000000000000 HAL_IRDA_GetError

UNDEFINED SYMBOLS
HAL_GetTick
HAL_RCC_GetPCLK2Freq
HAL_RCC_GetPCLK1Freq
HAL_DMA_Start_IT
HAL_DMA_Abort
HAL_DMA_Abort_IT
