ARM GAS  /tmp/ccd5Zj6N.s 			page 1


   1              		.cpu cortex-m3
   2              		.eabi_attribute 20, 1
   3              		.eabi_attribute 21, 1
   4              		.eabi_attribute 23, 3
   5              		.eabi_attribute 24, 1
   6              		.eabi_attribute 25, 1
   7              		.eabi_attribute 26, 1
   8              		.eabi_attribute 30, 4
   9              		.eabi_attribute 34, 1
  10              		.eabi_attribute 18, 4
  11              		.file	"stm32f1xx_hal_crc.c"
  12              		.section	.text.HAL_CRC_MspInit,"ax",%progbits
  13              		.align	1
  14              		.weak	HAL_CRC_MspInit
  15              		.syntax unified
  16              		.thumb
  17              		.thumb_func
  18              		.fpu softvfp
  20              	HAL_CRC_MspInit:
  21              		@ args = 0, pretend = 0, frame = 0
  22              		@ frame_needed = 0, uses_anonymous_args = 0
  23              		@ link register save eliminated.
  24 0000 7047     		bx	lr
  26              		.section	.text.HAL_CRC_Init,"ax",%progbits
  27              		.align	1
  28              		.global	HAL_CRC_Init
  29              		.syntax unified
  30              		.thumb
  31              		.thumb_func
  32              		.fpu softvfp
  34              	HAL_CRC_Init:
  35              		@ args = 0, pretend = 0, frame = 0
  36              		@ frame_needed = 0, uses_anonymous_args = 0
  37 0000 10B5     		push	{r4, lr}
  38 0002 0446     		mov	r4, r0
  39 0004 50B1     		cbz	r0, .L5
  40 0006 4379     		ldrb	r3, [r0, #5]	@ zero_extendqisi2
  41 0008 03F0FF02 		and	r2, r3, #255
  42 000c 13B9     		cbnz	r3, .L4
  43 000e 0271     		strb	r2, [r0, #4]
  44 0010 FFF7FEFF 		bl	HAL_CRC_MspInit
  45              	.L4:
  46 0014 0123     		movs	r3, #1
  47 0016 0020     		movs	r0, #0
  48 0018 6371     		strb	r3, [r4, #5]
  49 001a 10BD     		pop	{r4, pc}
  50              	.L5:
  51 001c 0120     		movs	r0, #1
  52 001e 10BD     		pop	{r4, pc}
  54              		.section	.text.HAL_CRC_MspDeInit,"ax",%progbits
  55              		.align	1
  56              		.weak	HAL_CRC_MspDeInit
  57              		.syntax unified
  58              		.thumb
  59              		.thumb_func
  60              		.fpu softvfp
  62              	HAL_CRC_MspDeInit:
ARM GAS  /tmp/ccd5Zj6N.s 			page 2


  63              		@ args = 0, pretend = 0, frame = 0
  64              		@ frame_needed = 0, uses_anonymous_args = 0
  65              		@ link register save eliminated.
  66 0000 7047     		bx	lr
  68              		.section	.text.HAL_CRC_DeInit,"ax",%progbits
  69              		.align	1
  70              		.global	HAL_CRC_DeInit
  71              		.syntax unified
  72              		.thumb
  73              		.thumb_func
  74              		.fpu softvfp
  76              	HAL_CRC_DeInit:
  77              		@ args = 0, pretend = 0, frame = 0
  78              		@ frame_needed = 0, uses_anonymous_args = 0
  79 0000 38B5     		push	{r3, r4, r5, lr}
  80 0002 0546     		mov	r5, r0
  81 0004 98B1     		cbz	r0, .L9
  82 0006 4479     		ldrb	r4, [r0, #5]	@ zero_extendqisi2
  83 0008 E4B2     		uxtb	r4, r4
  84 000a 022C     		cmp	r4, #2
  85 000c 0DD0     		beq	.L10
  86 000e 0223     		movs	r3, #2
  87 0010 0024     		movs	r4, #0
  88 0012 4371     		strb	r3, [r0, #5]
  89 0014 0368     		ldr	r3, [r0]
  90 0016 9A68     		ldr	r2, [r3, #8]
  91 0018 42F00102 		orr	r2, r2, #1
  92 001c 9A60     		str	r2, [r3, #8]
  93 001e 1A79     		ldrb	r2, [r3, #4]	@ zero_extendqisi2
  94 0020 1C71     		strb	r4, [r3, #4]
  95 0022 FFF7FEFF 		bl	HAL_CRC_MspDeInit
  96 0026 6C71     		strb	r4, [r5, #5]
  97 0028 2C71     		strb	r4, [r5, #4]
  98              	.L10:
  99 002a 2046     		mov	r0, r4
 100 002c 38BD     		pop	{r3, r4, r5, pc}
 101              	.L9:
 102 002e 0120     		movs	r0, #1
 103 0030 38BD     		pop	{r3, r4, r5, pc}
 105              		.section	.text.HAL_CRC_Accumulate,"ax",%progbits
 106              		.align	1
 107              		.global	HAL_CRC_Accumulate
 108              		.syntax unified
 109              		.thumb
 110              		.thumb_func
 111              		.fpu softvfp
 113              	HAL_CRC_Accumulate:
 114              		@ args = 0, pretend = 0, frame = 0
 115              		@ frame_needed = 0, uses_anonymous_args = 0
 116 0000 0346     		mov	r3, r0
 117 0002 0220     		movs	r0, #2
 118 0004 10B5     		push	{r4, lr}
 119 0006 5871     		strb	r0, [r3, #5]
 120 0008 01EB8202 		add	r2, r1, r2, lsl #2
 121              	.L12:
 122 000c 9142     		cmp	r1, r2
 123 000e 1868     		ldr	r0, [r3]
ARM GAS  /tmp/ccd5Zj6N.s 			page 3


 124 0010 03D1     		bne	.L13
 125 0012 0122     		movs	r2, #1
 126 0014 0068     		ldr	r0, [r0]
 127 0016 5A71     		strb	r2, [r3, #5]
 128 0018 10BD     		pop	{r4, pc}
 129              	.L13:
 130 001a 51F8044B 		ldr	r4, [r1], #4
 131 001e 0460     		str	r4, [r0]
 132 0020 F4E7     		b	.L12
 134              		.section	.text.HAL_CRC_Calculate,"ax",%progbits
 135              		.align	1
 136              		.global	HAL_CRC_Calculate
 137              		.syntax unified
 138              		.thumb
 139              		.thumb_func
 140              		.fpu softvfp
 142              	HAL_CRC_Calculate:
 143              		@ args = 0, pretend = 0, frame = 0
 144              		@ frame_needed = 0, uses_anonymous_args = 0
 145 0000 0223     		movs	r3, #2
 146 0002 10B5     		push	{r4, lr}
 147 0004 4371     		strb	r3, [r0, #5]
 148 0006 0368     		ldr	r3, [r0]
 149 0008 01EB8202 		add	r2, r1, r2, lsl #2
 150 000c 9C68     		ldr	r4, [r3, #8]
 151 000e 44F00104 		orr	r4, r4, #1
 152 0012 9C60     		str	r4, [r3, #8]
 153              	.L15:
 154 0014 9142     		cmp	r1, r2
 155 0016 04D1     		bne	.L16
 156 0018 0122     		movs	r2, #1
 157 001a 1B68     		ldr	r3, [r3]
 158 001c 4271     		strb	r2, [r0, #5]
 159 001e 1846     		mov	r0, r3
 160 0020 10BD     		pop	{r4, pc}
 161              	.L16:
 162 0022 51F8044B 		ldr	r4, [r1], #4
 163 0026 1C60     		str	r4, [r3]
 164 0028 F4E7     		b	.L15
 166              		.section	.text.HAL_CRC_GetState,"ax",%progbits
 167              		.align	1
 168              		.global	HAL_CRC_GetState
 169              		.syntax unified
 170              		.thumb
 171              		.thumb_func
 172              		.fpu softvfp
 174              	HAL_CRC_GetState:
 175              		@ args = 0, pretend = 0, frame = 0
 176              		@ frame_needed = 0, uses_anonymous_args = 0
 177              		@ link register save eliminated.
 178 0000 4079     		ldrb	r0, [r0, #5]	@ zero_extendqisi2
 179 0002 7047     		bx	lr
 181              		.ident	"GCC: (15:6.3.1+svn253039-1build1) 6.3.1 20170620"
ARM GAS  /tmp/ccd5Zj6N.s 			page 4


DEFINED SYMBOLS
                            *ABS*:0000000000000000 stm32f1xx_hal_crc.c
     /tmp/ccd5Zj6N.s:13     .text.HAL_CRC_MspInit:0000000000000000 $t
     /tmp/ccd5Zj6N.s:20     .text.HAL_CRC_MspInit:0000000000000000 HAL_CRC_MspInit
     /tmp/ccd5Zj6N.s:27     .text.HAL_CRC_Init:0000000000000000 $t
     /tmp/ccd5Zj6N.s:34     .text.HAL_CRC_Init:0000000000000000 HAL_CRC_Init
     /tmp/ccd5Zj6N.s:55     .text.HAL_CRC_MspDeInit:0000000000000000 $t
     /tmp/ccd5Zj6N.s:62     .text.HAL_CRC_MspDeInit:0000000000000000 HAL_CRC_MspDeInit
     /tmp/ccd5Zj6N.s:69     .text.HAL_CRC_DeInit:0000000000000000 $t
     /tmp/ccd5Zj6N.s:76     .text.HAL_CRC_DeInit:0000000000000000 HAL_CRC_DeInit
     /tmp/ccd5Zj6N.s:106    .text.HAL_CRC_Accumulate:0000000000000000 $t
     /tmp/ccd5Zj6N.s:113    .text.HAL_CRC_Accumulate:0000000000000000 HAL_CRC_Accumulate
     /tmp/ccd5Zj6N.s:135    .text.HAL_CRC_Calculate:0000000000000000 $t
     /tmp/ccd5Zj6N.s:142    .text.HAL_CRC_Calculate:0000000000000000 HAL_CRC_Calculate
     /tmp/ccd5Zj6N.s:167    .text.HAL_CRC_GetState:0000000000000000 $t
     /tmp/ccd5Zj6N.s:174    .text.HAL_CRC_GetState:0000000000000000 HAL_CRC_GetState

NO UNDEFINED SYMBOLS
