ARM GAS  /tmp/cck0o4Gr.s 			page 1


   1              		.cpu cortex-m3
   2              		.eabi_attribute 20, 1
   3              		.eabi_attribute 21, 1
   4              		.eabi_attribute 23, 3
   5              		.eabi_attribute 24, 1
   6              		.eabi_attribute 25, 1
   7              		.eabi_attribute 26, 1
   8              		.eabi_attribute 30, 4
   9              		.eabi_attribute 34, 1
  10              		.eabi_attribute 18, 4
  11              		.file	"stm32f1xx_hal_dac.c"
  12              		.section	.text.HAL_DAC_MspInit,"ax",%progbits
  13              		.align	1
  14              		.weak	HAL_DAC_MspInit
  15              		.syntax unified
  16              		.thumb
  17              		.thumb_func
  18              		.fpu softvfp
  20              	HAL_DAC_MspInit:
  21              		@ args = 0, pretend = 0, frame = 0
  22              		@ frame_needed = 0, uses_anonymous_args = 0
  23              		@ link register save eliminated.
  24 0000 7047     		bx	lr
  26              		.section	.text.HAL_DAC_Init,"ax",%progbits
  27              		.align	1
  28              		.global	HAL_DAC_Init
  29              		.syntax unified
  30              		.thumb
  31              		.thumb_func
  32              		.fpu softvfp
  34              	HAL_DAC_Init:
  35              		@ args = 0, pretend = 0, frame = 0
  36              		@ frame_needed = 0, uses_anonymous_args = 0
  37 0000 10B5     		push	{r4, lr}
  38 0002 0446     		mov	r4, r0
  39 0004 68B1     		cbz	r0, .L5
  40 0006 0379     		ldrb	r3, [r0, #4]	@ zero_extendqisi2
  41 0008 03F0FF02 		and	r2, r3, #255
  42 000c 13B9     		cbnz	r3, .L4
  43 000e 4271     		strb	r2, [r0, #5]
  44 0010 FFF7FEFF 		bl	HAL_DAC_MspInit
  45              	.L4:
  46 0014 0223     		movs	r3, #2
  47 0016 0020     		movs	r0, #0
  48 0018 2371     		strb	r3, [r4, #4]
  49 001a 0123     		movs	r3, #1
  50 001c 2061     		str	r0, [r4, #16]
  51 001e 2371     		strb	r3, [r4, #4]
  52 0020 10BD     		pop	{r4, pc}
  53              	.L5:
  54 0022 0120     		movs	r0, #1
  55 0024 10BD     		pop	{r4, pc}
  57              		.section	.text.HAL_DAC_MspDeInit,"ax",%progbits
  58              		.align	1
  59              		.weak	HAL_DAC_MspDeInit
  60              		.syntax unified
  61              		.thumb
ARM GAS  /tmp/cck0o4Gr.s 			page 2


  62              		.thumb_func
  63              		.fpu softvfp
  65              	HAL_DAC_MspDeInit:
  66              		@ args = 0, pretend = 0, frame = 0
  67              		@ frame_needed = 0, uses_anonymous_args = 0
  68              		@ link register save eliminated.
  69 0000 7047     		bx	lr
  71              		.section	.text.HAL_DAC_DeInit,"ax",%progbits
  72              		.align	1
  73              		.global	HAL_DAC_DeInit
  74              		.syntax unified
  75              		.thumb
  76              		.thumb_func
  77              		.fpu softvfp
  79              	HAL_DAC_DeInit:
  80              		@ args = 0, pretend = 0, frame = 0
  81              		@ frame_needed = 0, uses_anonymous_args = 0
  82 0000 10B5     		push	{r4, lr}
  83 0002 0446     		mov	r4, r0
  84 0004 40B1     		cbz	r0, .L9
  85 0006 0223     		movs	r3, #2
  86 0008 0371     		strb	r3, [r0, #4]
  87 000a FFF7FEFF 		bl	HAL_DAC_MspDeInit
  88 000e 0020     		movs	r0, #0
  89 0010 2061     		str	r0, [r4, #16]
  90 0012 6071     		strb	r0, [r4, #5]
  91 0014 2071     		strb	r0, [r4, #4]
  92 0016 10BD     		pop	{r4, pc}
  93              	.L9:
  94 0018 0120     		movs	r0, #1
  95 001a 10BD     		pop	{r4, pc}
  97              		.section	.text.HAL_DAC_Start,"ax",%progbits
  98              		.align	1
  99              		.global	HAL_DAC_Start
 100              		.syntax unified
 101              		.thumb
 102              		.thumb_func
 103              		.fpu softvfp
 105              	HAL_DAC_Start:
 106              		@ args = 0, pretend = 0, frame = 0
 107              		@ frame_needed = 0, uses_anonymous_args = 0
 108 0000 4379     		ldrb	r3, [r0, #5]	@ zero_extendqisi2
 109 0002 30B5     		push	{r4, r5, lr}
 110 0004 012B     		cmp	r3, #1
 111 0006 4FF00203 		mov	r3, #2
 112 000a 17D0     		beq	.L14
 113 000c 0122     		movs	r2, #1
 114 000e 0371     		strb	r3, [r0, #4]
 115 0010 0368     		ldr	r3, [r0]
 116 0012 01F01004 		and	r4, r1, #16
 117 0016 1D68     		ldr	r5, [r3]
 118 0018 4271     		strb	r2, [r0, #5]
 119 001a A240     		lsls	r2, r2, r4
 120 001c 2A43     		orrs	r2, r2, r5
 121 001e 1A60     		str	r2, [r3]
 122 0020 71B9     		cbnz	r1, .L12
 123 0022 1A68     		ldr	r2, [r3]
ARM GAS  /tmp/cck0o4Gr.s 			page 3


 124 0024 02F03C02 		and	r2, r2, #60
 125 0028 3C2A     		cmp	r2, #60
 126 002a 03D1     		bne	.L13
 127 002c 5A68     		ldr	r2, [r3, #4]
 128 002e 42F00102 		orr	r2, r2, #1
 129              	.L15:
 130 0032 5A60     		str	r2, [r3, #4]
 131              	.L13:
 132 0034 0123     		movs	r3, #1
 133 0036 0371     		strb	r3, [r0, #4]
 134 0038 0023     		movs	r3, #0
 135 003a 4371     		strb	r3, [r0, #5]
 136              	.L14:
 137 003c 1846     		mov	r0, r3
 138 003e 30BD     		pop	{r4, r5, pc}
 139              	.L12:
 140 0040 3C22     		movs	r2, #60
 141 0042 1968     		ldr	r1, [r3]
 142 0044 A240     		lsls	r2, r2, r4
 143 0046 01F47011 		and	r1, r1, #3932160
 144 004a 9142     		cmp	r1, r2
 145 004c F2D1     		bne	.L13
 146 004e 5A68     		ldr	r2, [r3, #4]
 147 0050 42F00202 		orr	r2, r2, #2
 148 0054 EDE7     		b	.L15
 150              		.section	.text.HAL_DAC_Stop,"ax",%progbits
 151              		.align	1
 152              		.global	HAL_DAC_Stop
 153              		.syntax unified
 154              		.thumb
 155              		.thumb_func
 156              		.fpu softvfp
 158              	HAL_DAC_Stop:
 159              		@ args = 0, pretend = 0, frame = 0
 160              		@ frame_needed = 0, uses_anonymous_args = 0
 161 0000 0122     		movs	r2, #1
 162 0002 10B5     		push	{r4, lr}
 163 0004 0468     		ldr	r4, [r0]
 164 0006 01F01001 		and	r1, r1, #16
 165 000a 2368     		ldr	r3, [r4]
 166 000c 02FA01F1 		lsl	r1, r2, r1
 167 0010 23EA0103 		bic	r3, r3, r1
 168 0014 2360     		str	r3, [r4]
 169 0016 0271     		strb	r2, [r0, #4]
 170 0018 0020     		movs	r0, #0
 171 001a 10BD     		pop	{r4, pc}
 173              		.section	.text.HAL_DAC_Start_DMA,"ax",%progbits
 174              		.align	1
 175              		.global	HAL_DAC_Start_DMA
 176              		.syntax unified
 177              		.thumb
 178              		.thumb_func
 179              		.fpu softvfp
 181              	HAL_DAC_Start_DMA:
 182              		@ args = 4, pretend = 0, frame = 0
 183              		@ frame_needed = 0, uses_anonymous_args = 0
 184 0000 F8B5     		push	{r3, r4, r5, r6, r7, lr}
ARM GAS  /tmp/cck0o4Gr.s 			page 4


 185 0002 0E46     		mov	r6, r1
 186 0004 1146     		mov	r1, r2
 187 0006 4279     		ldrb	r2, [r0, #5]	@ zero_extendqisi2
 188 0008 0446     		mov	r4, r0
 189 000a 012A     		cmp	r2, #1
 190 000c 069D     		ldr	r5, [sp, #24]
 191 000e 4FF00200 		mov	r0, #2
 192 0012 46D0     		beq	.L35
 193 0014 0122     		movs	r2, #1
 194 0016 2071     		strb	r0, [r4, #4]
 195 0018 6271     		strb	r2, [r4, #5]
 196 001a 2268     		ldr	r2, [r4]
 197 001c 16BB     		cbnz	r6, .L19
 198 001e A068     		ldr	r0, [r4, #8]
 199 0020 204F     		ldr	r7, .L36
 200 0022 042D     		cmp	r5, #4
 201 0024 8762     		str	r7, [r0, #40]
 202 0026 204F     		ldr	r7, .L36+4
 203 0028 C762     		str	r7, [r0, #44]
 204 002a 204F     		ldr	r7, .L36+8
 205 002c 0763     		str	r7, [r0, #48]
 206 002e 1768     		ldr	r7, [r2]
 207 0030 47F48057 		orr	r7, r7, #4096
 208 0034 1760     		str	r7, [r2]
 209 0036 11D0     		beq	.L21
 210 0038 082D     		cmp	r5, #8
 211 003a 11D0     		beq	.L22
 212 003c 7DBB     		cbnz	r5, .L33
 213 003e 0832     		adds	r2, r2, #8
 214              	.L20:
 215 0040 FFF7FEFF 		bl	HAL_DMA_Start_IT
 216 0044 0023     		movs	r3, #0
 217 0046 6371     		strb	r3, [r4, #5]
 218 0048 10BB     		cbnz	r0, .L28
 219 004a 06F01001 		and	r1, r6, #16
 220 004e 0126     		movs	r6, #1
 221 0050 2368     		ldr	r3, [r4]
 222 0052 8E40     		lsls	r6, r6, r1
 223 0054 1A68     		ldr	r2, [r3]
 224 0056 1643     		orrs	r6, r6, r2
 225 0058 1E60     		str	r6, [r3]
 226 005a F8BD     		pop	{r3, r4, r5, r6, r7, pc}
 227              	.L21:
 228 005c 0C32     		adds	r2, r2, #12
 229 005e EFE7     		b	.L20
 230              	.L22:
 231 0060 1032     		adds	r2, r2, #16
 232 0062 EDE7     		b	.L20
 233              	.L19:
 234 0064 E068     		ldr	r0, [r4, #12]
 235 0066 124F     		ldr	r7, .L36+12
 236 0068 042D     		cmp	r5, #4
 237 006a 8762     		str	r7, [r0, #40]
 238 006c 114F     		ldr	r7, .L36+16
 239 006e C762     		str	r7, [r0, #44]
 240 0070 114F     		ldr	r7, .L36+20
 241 0072 0763     		str	r7, [r0, #48]
ARM GAS  /tmp/cck0o4Gr.s 			page 5


 242 0074 1768     		ldr	r7, [r2]
 243 0076 47F08057 		orr	r7, r7, #268435456
 244 007a 1760     		str	r7, [r2]
 245 007c 04D0     		beq	.L25
 246 007e 082D     		cmp	r5, #8
 247 0080 04D0     		beq	.L26
 248 0082 55B9     		cbnz	r5, .L34
 249 0084 1432     		adds	r2, r2, #20
 250 0086 DBE7     		b	.L20
 251              	.L25:
 252 0088 1832     		adds	r2, r2, #24
 253 008a D9E7     		b	.L20
 254              	.L26:
 255 008c 1C32     		adds	r2, r2, #28
 256 008e D7E7     		b	.L20
 257              	.L28:
 258 0090 2369     		ldr	r3, [r4, #16]
 259 0092 43F00403 		orr	r3, r3, #4
 260 0096 2361     		str	r3, [r4, #16]
 261 0098 F8BD     		pop	{r3, r4, r5, r6, r7, pc}
 262              	.L34:
 263 009a 0022     		movs	r2, #0
 264 009c D0E7     		b	.L20
 265              	.L33:
 266 009e 3246     		mov	r2, r6
 267 00a0 CEE7     		b	.L20
 268              	.L35:
 269 00a2 F8BD     		pop	{r3, r4, r5, r6, r7, pc}
 270              	.L37:
 271              		.align	2
 272              	.L36:
 273 00a4 00000000 		.word	DAC_DMAConvCpltCh1
 274 00a8 00000000 		.word	DAC_DMAHalfConvCpltCh1
 275 00ac 00000000 		.word	DAC_DMAErrorCh1
 276 00b0 00000000 		.word	DAC_DMAConvCpltCh2
 277 00b4 00000000 		.word	DAC_DMAHalfConvCpltCh2
 278 00b8 00000000 		.word	DAC_DMAErrorCh2
 280              		.section	.text.HAL_DAC_Stop_DMA,"ax",%progbits
 281              		.align	1
 282              		.global	HAL_DAC_Stop_DMA
 283              		.syntax unified
 284              		.thumb
 285              		.thumb_func
 286              		.fpu softvfp
 288              	HAL_DAC_Stop_DMA:
 289              		@ args = 0, pretend = 0, frame = 0
 290              		@ frame_needed = 0, uses_anonymous_args = 0
 291 0000 F8B5     		push	{r3, r4, r5, r6, r7, lr}
 292 0002 4FF48056 		mov	r6, #4096
 293 0006 0368     		ldr	r3, [r0]
 294 0008 0446     		mov	r4, r0
 295 000a 0120     		movs	r0, #1
 296 000c 1D68     		ldr	r5, [r3]
 297 000e 01F01007 		and	r7, r1, #16
 298 0012 BE40     		lsls	r6, r6, r7
 299 0014 25EA0605 		bic	r5, r5, r6
 300 0018 1D60     		str	r5, [r3]
ARM GAS  /tmp/cck0o4Gr.s 			page 6


 301 001a 1A68     		ldr	r2, [r3]
 302 001c B840     		lsls	r0, r0, r7
 303 001e 22EA0002 		bic	r2, r2, r0
 304 0022 1A60     		str	r2, [r3]
 305 0024 31B9     		cbnz	r1, .L39
 306 0026 A068     		ldr	r0, [r4, #8]
 307              	.L43:
 308 0028 FFF7FEFF 		bl	HAL_DMA_Abort
 309 002c 20B1     		cbz	r0, .L41
 310 002e 0423     		movs	r3, #4
 311              	.L44:
 312 0030 2371     		strb	r3, [r4, #4]
 313 0032 F8BD     		pop	{r3, r4, r5, r6, r7, pc}
 314              	.L39:
 315 0034 E068     		ldr	r0, [r4, #12]
 316 0036 F7E7     		b	.L43
 317              	.L41:
 318 0038 0123     		movs	r3, #1
 319 003a F9E7     		b	.L44
 321              		.section	.text.HAL_DAC_IRQHandler,"ax",%progbits
 322              		.align	1
 323              		.global	HAL_DAC_IRQHandler
 324              		.syntax unified
 325              		.thumb
 326              		.thumb_func
 327              		.fpu softvfp
 329              	HAL_DAC_IRQHandler:
 330              		@ args = 0, pretend = 0, frame = 0
 331              		@ frame_needed = 0, uses_anonymous_args = 0
 332              		@ link register save eliminated.
 333 0000 7047     		bx	lr
 335              		.section	.text.HAL_DAC_SetValue,"ax",%progbits
 336              		.align	1
 337              		.global	HAL_DAC_SetValue
 338              		.syntax unified
 339              		.thumb
 340              		.thumb_func
 341              		.fpu softvfp
 343              	HAL_DAC_SetValue:
 344              		@ args = 0, pretend = 0, frame = 8
 345              		@ frame_needed = 0, uses_anonymous_args = 0
 346 0000 13B5     		push	{r0, r1, r4, lr}
 347 0002 0024     		movs	r4, #0
 348 0004 0068     		ldr	r0, [r0]
 349 0006 0194     		str	r4, [sp, #4]
 350 0008 0190     		str	r0, [sp, #4]
 351 000a 41B9     		cbnz	r1, .L47
 352 000c 0199     		ldr	r1, [sp, #4]
 353 000e 0831     		adds	r1, r1, #8
 354              	.L49:
 355 0010 0020     		movs	r0, #0
 356 0012 0A44     		add	r2, r2, r1
 357 0014 0192     		str	r2, [sp, #4]
 358 0016 019A     		ldr	r2, [sp, #4]
 359 0018 1360     		str	r3, [r2]
 360 001a 02B0     		add	sp, sp, #8
 361              		@ sp needed
ARM GAS  /tmp/cck0o4Gr.s 			page 7


 362 001c 10BD     		pop	{r4, pc}
 363              	.L47:
 364 001e 0199     		ldr	r1, [sp, #4]
 365 0020 1431     		adds	r1, r1, #20
 366 0022 F5E7     		b	.L49
 368              		.section	.text.HAL_DAC_ConvCpltCallbackCh1,"ax",%progbits
 369              		.align	1
 370              		.weak	HAL_DAC_ConvCpltCallbackCh1
 371              		.syntax unified
 372              		.thumb
 373              		.thumb_func
 374              		.fpu softvfp
 376              	HAL_DAC_ConvCpltCallbackCh1:
 377              		@ args = 0, pretend = 0, frame = 0
 378              		@ frame_needed = 0, uses_anonymous_args = 0
 379              		@ link register save eliminated.
 380 0000 7047     		bx	lr
 382              		.section	.text.DAC_DMAConvCpltCh1,"ax",%progbits
 383              		.align	1
 384              		.global	DAC_DMAConvCpltCh1
 385              		.syntax unified
 386              		.thumb
 387              		.thumb_func
 388              		.fpu softvfp
 390              	DAC_DMAConvCpltCh1:
 391              		@ args = 0, pretend = 0, frame = 0
 392              		@ frame_needed = 0, uses_anonymous_args = 0
 393 0000 10B5     		push	{r4, lr}
 394 0002 446A     		ldr	r4, [r0, #36]
 395 0004 2046     		mov	r0, r4
 396 0006 FFF7FEFF 		bl	HAL_DAC_ConvCpltCallbackCh1
 397 000a 0123     		movs	r3, #1
 398 000c 2371     		strb	r3, [r4, #4]
 399 000e 10BD     		pop	{r4, pc}
 401              		.section	.text.HAL_DAC_ConvHalfCpltCallbackCh1,"ax",%progbits
 402              		.align	1
 403              		.weak	HAL_DAC_ConvHalfCpltCallbackCh1
 404              		.syntax unified
 405              		.thumb
 406              		.thumb_func
 407              		.fpu softvfp
 409              	HAL_DAC_ConvHalfCpltCallbackCh1:
 410              		@ args = 0, pretend = 0, frame = 0
 411              		@ frame_needed = 0, uses_anonymous_args = 0
 412              		@ link register save eliminated.
 413 0000 7047     		bx	lr
 415              		.section	.text.DAC_DMAHalfConvCpltCh1,"ax",%progbits
 416              		.align	1
 417              		.global	DAC_DMAHalfConvCpltCh1
 418              		.syntax unified
 419              		.thumb
 420              		.thumb_func
 421              		.fpu softvfp
 423              	DAC_DMAHalfConvCpltCh1:
 424              		@ args = 0, pretend = 0, frame = 0
 425              		@ frame_needed = 0, uses_anonymous_args = 0
 426 0000 08B5     		push	{r3, lr}
ARM GAS  /tmp/cck0o4Gr.s 			page 8


 427 0002 406A     		ldr	r0, [r0, #36]
 428 0004 FFF7FEFF 		bl	HAL_DAC_ConvHalfCpltCallbackCh1
 429 0008 08BD     		pop	{r3, pc}
 431              		.section	.text.HAL_DAC_ErrorCallbackCh1,"ax",%progbits
 432              		.align	1
 433              		.weak	HAL_DAC_ErrorCallbackCh1
 434              		.syntax unified
 435              		.thumb
 436              		.thumb_func
 437              		.fpu softvfp
 439              	HAL_DAC_ErrorCallbackCh1:
 440              		@ args = 0, pretend = 0, frame = 0
 441              		@ frame_needed = 0, uses_anonymous_args = 0
 442              		@ link register save eliminated.
 443 0000 7047     		bx	lr
 445              		.section	.text.DAC_DMAErrorCh1,"ax",%progbits
 446              		.align	1
 447              		.global	DAC_DMAErrorCh1
 448              		.syntax unified
 449              		.thumb
 450              		.thumb_func
 451              		.fpu softvfp
 453              	DAC_DMAErrorCh1:
 454              		@ args = 0, pretend = 0, frame = 0
 455              		@ frame_needed = 0, uses_anonymous_args = 0
 456 0000 10B5     		push	{r4, lr}
 457 0002 446A     		ldr	r4, [r0, #36]
 458 0004 2369     		ldr	r3, [r4, #16]
 459 0006 2046     		mov	r0, r4
 460 0008 43F00403 		orr	r3, r3, #4
 461 000c 2361     		str	r3, [r4, #16]
 462 000e FFF7FEFF 		bl	HAL_DAC_ErrorCallbackCh1
 463 0012 0123     		movs	r3, #1
 464 0014 2371     		strb	r3, [r4, #4]
 465 0016 10BD     		pop	{r4, pc}
 467              		.section	.text.HAL_DAC_DMAUnderrunCallbackCh1,"ax",%progbits
 468              		.align	1
 469              		.weak	HAL_DAC_DMAUnderrunCallbackCh1
 470              		.syntax unified
 471              		.thumb
 472              		.thumb_func
 473              		.fpu softvfp
 475              	HAL_DAC_DMAUnderrunCallbackCh1:
 476              		@ args = 0, pretend = 0, frame = 0
 477              		@ frame_needed = 0, uses_anonymous_args = 0
 478              		@ link register save eliminated.
 479 0000 7047     		bx	lr
 481              		.section	.text.HAL_DAC_GetValue,"ax",%progbits
 482              		.align	1
 483              		.global	HAL_DAC_GetValue
 484              		.syntax unified
 485              		.thumb
 486              		.thumb_func
 487              		.fpu softvfp
 489              	HAL_DAC_GetValue:
 490              		@ args = 0, pretend = 0, frame = 0
 491              		@ frame_needed = 0, uses_anonymous_args = 0
ARM GAS  /tmp/cck0o4Gr.s 			page 9


 492              		@ link register save eliminated.
 493 0000 0368     		ldr	r3, [r0]
 494 0002 09B9     		cbnz	r1, .L58
 495 0004 D86A     		ldr	r0, [r3, #44]
 496 0006 7047     		bx	lr
 497              	.L58:
 498 0008 186B     		ldr	r0, [r3, #48]
 499 000a 7047     		bx	lr
 501              		.section	.text.HAL_DAC_ConfigChannel,"ax",%progbits
 502              		.align	1
 503              		.global	HAL_DAC_ConfigChannel
 504              		.syntax unified
 505              		.thumb
 506              		.thumb_func
 507              		.fpu softvfp
 509              	HAL_DAC_ConfigChannel:
 510              		@ args = 0, pretend = 0, frame = 0
 511              		@ frame_needed = 0, uses_anonymous_args = 0
 512 0000 4379     		ldrb	r3, [r0, #5]	@ zero_extendqisi2
 513 0002 30B5     		push	{r4, r5, lr}
 514 0004 012B     		cmp	r3, #1
 515 0006 4FF00203 		mov	r3, #2
 516 000a 1BD0     		beq	.L62
 517 000c 02F01005 		and	r5, r2, #16
 518 0010 40F6FE72 		movw	r2, #4094
 519 0014 0468     		ldr	r4, [r0]
 520 0016 0371     		strb	r3, [r0, #4]
 521 0018 2368     		ldr	r3, [r4]
 522 001a AA40     		lsls	r2, r2, r5
 523 001c 23EA0202 		bic	r2, r3, r2
 524 0020 0AC9     		ldm	r1, {r1, r3}
 525 0022 0B43     		orrs	r3, r3, r1
 526 0024 AB40     		lsls	r3, r3, r5
 527 0026 1343     		orrs	r3, r3, r2
 528 0028 C022     		movs	r2, #192
 529 002a AA40     		lsls	r2, r2, r5
 530 002c D243     		mvns	r2, r2
 531 002e 2360     		str	r3, [r4]
 532 0030 2368     		ldr	r3, [r4]
 533 0032 1340     		ands	r3, r3, r2
 534 0034 2360     		str	r3, [r4]
 535 0036 2368     		ldr	r3, [r4]
 536 0038 1A40     		ands	r2, r2, r3
 537 003a 0123     		movs	r3, #1
 538 003c 2260     		str	r2, [r4]
 539 003e 0371     		strb	r3, [r0, #4]
 540 0040 0023     		movs	r3, #0
 541 0042 4371     		strb	r3, [r0, #5]
 542              	.L62:
 543 0044 1846     		mov	r0, r3
 544 0046 30BD     		pop	{r4, r5, pc}
 546              		.section	.text.HAL_DAC_GetState,"ax",%progbits
 547              		.align	1
 548              		.global	HAL_DAC_GetState
 549              		.syntax unified
 550              		.thumb
 551              		.thumb_func
ARM GAS  /tmp/cck0o4Gr.s 			page 10


 552              		.fpu softvfp
 554              	HAL_DAC_GetState:
 555              		@ args = 0, pretend = 0, frame = 0
 556              		@ frame_needed = 0, uses_anonymous_args = 0
 557              		@ link register save eliminated.
 558 0000 0079     		ldrb	r0, [r0, #4]	@ zero_extendqisi2
 559 0002 7047     		bx	lr
 561              		.section	.text.HAL_DAC_GetError,"ax",%progbits
 562              		.align	1
 563              		.global	HAL_DAC_GetError
 564              		.syntax unified
 565              		.thumb
 566              		.thumb_func
 567              		.fpu softvfp
 569              	HAL_DAC_GetError:
 570              		@ args = 0, pretend = 0, frame = 0
 571              		@ frame_needed = 0, uses_anonymous_args = 0
 572              		@ link register save eliminated.
 573 0000 0069     		ldr	r0, [r0, #16]
 574 0002 7047     		bx	lr
 576              		.ident	"GCC: (15:6.3.1+svn253039-1build1) 6.3.1 20170620"
ARM GAS  /tmp/cck0o4Gr.s 			page 11


DEFINED SYMBOLS
                            *ABS*:0000000000000000 stm32f1xx_hal_dac.c
     /tmp/cck0o4Gr.s:13     .text.HAL_DAC_MspInit:0000000000000000 $t
     /tmp/cck0o4Gr.s:20     .text.HAL_DAC_MspInit:0000000000000000 HAL_DAC_MspInit
     /tmp/cck0o4Gr.s:27     .text.HAL_DAC_Init:0000000000000000 $t
     /tmp/cck0o4Gr.s:34     .text.HAL_DAC_Init:0000000000000000 HAL_DAC_Init
     /tmp/cck0o4Gr.s:58     .text.HAL_DAC_MspDeInit:0000000000000000 $t
     /tmp/cck0o4Gr.s:65     .text.HAL_DAC_MspDeInit:0000000000000000 HAL_DAC_MspDeInit
     /tmp/cck0o4Gr.s:72     .text.HAL_DAC_DeInit:0000000000000000 $t
     /tmp/cck0o4Gr.s:79     .text.HAL_DAC_DeInit:0000000000000000 HAL_DAC_DeInit
     /tmp/cck0o4Gr.s:98     .text.HAL_DAC_Start:0000000000000000 $t
     /tmp/cck0o4Gr.s:105    .text.HAL_DAC_Start:0000000000000000 HAL_DAC_Start
     /tmp/cck0o4Gr.s:151    .text.HAL_DAC_Stop:0000000000000000 $t
     /tmp/cck0o4Gr.s:158    .text.HAL_DAC_Stop:0000000000000000 HAL_DAC_Stop
     /tmp/cck0o4Gr.s:174    .text.HAL_DAC_Start_DMA:0000000000000000 $t
     /tmp/cck0o4Gr.s:181    .text.HAL_DAC_Start_DMA:0000000000000000 HAL_DAC_Start_DMA
     /tmp/cck0o4Gr.s:273    .text.HAL_DAC_Start_DMA:00000000000000a4 $d
     /tmp/cck0o4Gr.s:390    .text.DAC_DMAConvCpltCh1:0000000000000000 DAC_DMAConvCpltCh1
     /tmp/cck0o4Gr.s:423    .text.DAC_DMAHalfConvCpltCh1:0000000000000000 DAC_DMAHalfConvCpltCh1
     /tmp/cck0o4Gr.s:453    .text.DAC_DMAErrorCh1:0000000000000000 DAC_DMAErrorCh1
     /tmp/cck0o4Gr.s:281    .text.HAL_DAC_Stop_DMA:0000000000000000 $t
     /tmp/cck0o4Gr.s:288    .text.HAL_DAC_Stop_DMA:0000000000000000 HAL_DAC_Stop_DMA
     /tmp/cck0o4Gr.s:322    .text.HAL_DAC_IRQHandler:0000000000000000 $t
     /tmp/cck0o4Gr.s:329    .text.HAL_DAC_IRQHandler:0000000000000000 HAL_DAC_IRQHandler
     /tmp/cck0o4Gr.s:336    .text.HAL_DAC_SetValue:0000000000000000 $t
     /tmp/cck0o4Gr.s:343    .text.HAL_DAC_SetValue:0000000000000000 HAL_DAC_SetValue
     /tmp/cck0o4Gr.s:369    .text.HAL_DAC_ConvCpltCallbackCh1:0000000000000000 $t
     /tmp/cck0o4Gr.s:376    .text.HAL_DAC_ConvCpltCallbackCh1:0000000000000000 HAL_DAC_ConvCpltCallbackCh1
     /tmp/cck0o4Gr.s:383    .text.DAC_DMAConvCpltCh1:0000000000000000 $t
     /tmp/cck0o4Gr.s:402    .text.HAL_DAC_ConvHalfCpltCallbackCh1:0000000000000000 $t
     /tmp/cck0o4Gr.s:409    .text.HAL_DAC_ConvHalfCpltCallbackCh1:0000000000000000 HAL_DAC_ConvHalfCpltCallbackCh1
     /tmp/cck0o4Gr.s:416    .text.DAC_DMAHalfConvCpltCh1:0000000000000000 $t
     /tmp/cck0o4Gr.s:432    .text.HAL_DAC_ErrorCallbackCh1:0000000000000000 $t
     /tmp/cck0o4Gr.s:439    .text.HAL_DAC_ErrorCallbackCh1:0000000000000000 HAL_DAC_ErrorCallbackCh1
     /tmp/cck0o4Gr.s:446    .text.DAC_DMAErrorCh1:0000000000000000 $t
     /tmp/cck0o4Gr.s:468    .text.HAL_DAC_DMAUnderrunCallbackCh1:0000000000000000 $t
     /tmp/cck0o4Gr.s:475    .text.HAL_DAC_DMAUnderrunCallbackCh1:0000000000000000 HAL_DAC_DMAUnderrunCallbackCh1
     /tmp/cck0o4Gr.s:482    .text.HAL_DAC_GetValue:0000000000000000 $t
     /tmp/cck0o4Gr.s:489    .text.HAL_DAC_GetValue:0000000000000000 HAL_DAC_GetValue
     /tmp/cck0o4Gr.s:502    .text.HAL_DAC_ConfigChannel:0000000000000000 $t
     /tmp/cck0o4Gr.s:509    .text.HAL_DAC_ConfigChannel:0000000000000000 HAL_DAC_ConfigChannel
     /tmp/cck0o4Gr.s:547    .text.HAL_DAC_GetState:0000000000000000 $t
     /tmp/cck0o4Gr.s:554    .text.HAL_DAC_GetState:0000000000000000 HAL_DAC_GetState
     /tmp/cck0o4Gr.s:562    .text.HAL_DAC_GetError:0000000000000000 $t
     /tmp/cck0o4Gr.s:569    .text.HAL_DAC_GetError:0000000000000000 HAL_DAC_GetError

UNDEFINED SYMBOLS
HAL_DMA_Start_IT
DAC_DMAConvCpltCh2
DAC_DMAHalfConvCpltCh2
DAC_DMAErrorCh2
HAL_DMA_Abort
