ARM GAS  /tmp/ccvRU0nC.s 			page 1


   1              		.cpu cortex-m3
   2              		.eabi_attribute 20, 1
   3              		.eabi_attribute 21, 1
   4              		.eabi_attribute 23, 3
   5              		.eabi_attribute 24, 1
   6              		.eabi_attribute 25, 1
   7              		.eabi_attribute 26, 1
   8              		.eabi_attribute 30, 4
   9              		.eabi_attribute 34, 1
  10              		.eabi_attribute 18, 4
  11              		.file	"stm32f1xx_hal_uart.c"
  12              		.section	.text.UART_EndRxTransfer,"ax",%progbits
  13              		.align	1
  14              		.syntax unified
  15              		.thumb
  16              		.thumb_func
  17              		.fpu softvfp
  19              	UART_EndRxTransfer:
  20              		@ args = 0, pretend = 0, frame = 0
  21              		@ frame_needed = 0, uses_anonymous_args = 0
  22              		@ link register save eliminated.
  23 0000 0368     		ldr	r3, [r0]
  24 0002 DA68     		ldr	r2, [r3, #12]
  25 0004 22F49072 		bic	r2, r2, #288
  26 0008 DA60     		str	r2, [r3, #12]
  27 000a 5A69     		ldr	r2, [r3, #20]
  28 000c 22F00102 		bic	r2, r2, #1
  29 0010 5A61     		str	r2, [r3, #20]
  30 0012 2023     		movs	r3, #32
  31 0014 80F83A30 		strb	r3, [r0, #58]
  32 0018 7047     		bx	lr
  34              		.section	.text.UART_SetConfig,"ax",%progbits
  35              		.align	1
  36              		.syntax unified
  37              		.thumb
  38              		.thumb_func
  39              		.fpu softvfp
  41              	UART_SetConfig:
  42              		@ args = 0, pretend = 0, frame = 0
  43              		@ frame_needed = 0, uses_anonymous_args = 0
  44 0000 38B5     		push	{r3, r4, r5, lr}
  45 0002 0546     		mov	r5, r0
  46 0004 0368     		ldr	r3, [r0]
  47 0006 C168     		ldr	r1, [r0, #12]
  48 0008 1A69     		ldr	r2, [r3, #16]
  49 000a 1924     		movs	r4, #25
  50 000c 22F44052 		bic	r2, r2, #12288
  51 0010 0A43     		orrs	r2, r2, r1
  52 0012 1A61     		str	r2, [r3, #16]
  53 0014 8268     		ldr	r2, [r0, #8]
  54 0016 0069     		ldr	r0, [r0, #16]
  55 0018 D968     		ldr	r1, [r3, #12]
  56 001a 0243     		orrs	r2, r2, r0
  57 001c 6869     		ldr	r0, [r5, #20]
  58 001e 21F4B051 		bic	r1, r1, #5632
  59 0022 21F00C01 		bic	r1, r1, #12
  60 0026 0243     		orrs	r2, r2, r0
ARM GAS  /tmp/ccvRU0nC.s 			page 2


  61 0028 0A43     		orrs	r2, r2, r1
  62 002a DA60     		str	r2, [r3, #12]
  63 002c 5A69     		ldr	r2, [r3, #20]
  64 002e A969     		ldr	r1, [r5, #24]
  65 0030 22F44072 		bic	r2, r2, #768
  66 0034 0A43     		orrs	r2, r2, r1
  67 0036 5A61     		str	r2, [r3, #20]
  68 0038 0D4A     		ldr	r2, .L6
  69 003a 9342     		cmp	r3, r2
  70 003c 14D1     		bne	.L3
  71 003e FFF7FEFF 		bl	HAL_RCC_GetPCLK2Freq
  72              	.L5:
  73 0042 6043     		muls	r0, r4, r0
  74 0044 6C68     		ldr	r4, [r5, #4]
  75 0046 6422     		movs	r2, #100
  76 0048 A400     		lsls	r4, r4, #2
  77 004a B0FBF4F0 		udiv	r0, r0, r4
  78 004e B0FBF2F4 		udiv	r4, r0, r2
  79 0052 02FB1403 		mls	r3, r2, r4, r0
  80 0056 1B01     		lsls	r3, r3, #4
  81 0058 3233     		adds	r3, r3, #50
  82 005a B3FBF2F3 		udiv	r3, r3, r2
  83 005e 2968     		ldr	r1, [r5]
  84 0060 03EB0413 		add	r3, r3, r4, lsl #4
  85 0064 8B60     		str	r3, [r1, #8]
  86 0066 38BD     		pop	{r3, r4, r5, pc}
  87              	.L3:
  88 0068 FFF7FEFF 		bl	HAL_RCC_GetPCLK1Freq
  89 006c E9E7     		b	.L5
  90              	.L7:
  91 006e 00BF     		.align	2
  92              	.L6:
  93 0070 00380140 		.word	1073821696
  95              		.section	.text.UART_WaitOnFlagUntilTimeout.constprop.3,"ax",%progbits
  96              		.align	1
  97              		.syntax unified
  98              		.thumb
  99              		.thumb_func
 100              		.fpu softvfp
 102              	UART_WaitOnFlagUntilTimeout.constprop.3:
 103              		@ args = 0, pretend = 0, frame = 0
 104              		@ frame_needed = 0, uses_anonymous_args = 0
 105 0000 F8B5     		push	{r3, r4, r5, r6, r7, lr}
 106 0002 0446     		mov	r4, r0
 107 0004 0E46     		mov	r6, r1
 108 0006 1746     		mov	r7, r2
 109 0008 1D46     		mov	r5, r3
 110              	.L9:
 111 000a 2168     		ldr	r1, [r4]
 112              	.L10:
 113 000c 0B68     		ldr	r3, [r1]
 114 000e 36EA0303 		bics	r3, r6, r3
 115 0012 01D1     		bne	.L14
 116 0014 0020     		movs	r0, #0
 117 0016 F8BD     		pop	{r3, r4, r5, r6, r7, pc}
 118              	.L14:
 119 0018 6B1C     		adds	r3, r5, #1
ARM GAS  /tmp/ccvRU0nC.s 			page 3


 120 001a F7D0     		beq	.L10
 121 001c 95B9     		cbnz	r5, .L11
 122              	.L13:
 123 001e 2368     		ldr	r3, [r4]
 124 0020 0320     		movs	r0, #3
 125 0022 DA68     		ldr	r2, [r3, #12]
 126 0024 22F4D072 		bic	r2, r2, #416
 127 0028 DA60     		str	r2, [r3, #12]
 128 002a 5A69     		ldr	r2, [r3, #20]
 129 002c 22F00102 		bic	r2, r2, #1
 130 0030 5A61     		str	r2, [r3, #20]
 131 0032 2023     		movs	r3, #32
 132 0034 84F83930 		strb	r3, [r4, #57]
 133 0038 84F83A30 		strb	r3, [r4, #58]
 134 003c 0023     		movs	r3, #0
 135 003e 84F83830 		strb	r3, [r4, #56]
 136 0042 F8BD     		pop	{r3, r4, r5, r6, r7, pc}
 137              	.L11:
 138 0044 FFF7FEFF 		bl	HAL_GetTick
 139 0048 C01B     		subs	r0, r0, r7
 140 004a 8542     		cmp	r5, r0
 141 004c DDD2     		bcs	.L9
 142 004e E6E7     		b	.L13
 144              		.section	.text.HAL_UART_MspInit,"ax",%progbits
 145              		.align	1
 146              		.weak	HAL_UART_MspInit
 147              		.syntax unified
 148              		.thumb
 149              		.thumb_func
 150              		.fpu softvfp
 152              	HAL_UART_MspInit:
 153              		@ args = 0, pretend = 0, frame = 0
 154              		@ frame_needed = 0, uses_anonymous_args = 0
 155              		@ link register save eliminated.
 156 0000 7047     		bx	lr
 158              		.section	.text.HAL_UART_Init,"ax",%progbits
 159              		.align	1
 160              		.global	HAL_UART_Init
 161              		.syntax unified
 162              		.thumb
 163              		.thumb_func
 164              		.fpu softvfp
 166              	HAL_UART_Init:
 167              		@ args = 0, pretend = 0, frame = 0
 168              		@ frame_needed = 0, uses_anonymous_args = 0
 169 0000 10B5     		push	{r4, lr}
 170 0002 0446     		mov	r4, r0
 171 0004 40B3     		cbz	r0, .L21
 172 0006 90F83930 		ldrb	r3, [r0, #57]	@ zero_extendqisi2
 173 000a 03F0FF02 		and	r2, r3, #255
 174 000e 1BB9     		cbnz	r3, .L20
 175 0010 80F83820 		strb	r2, [r0, #56]
 176 0014 FFF7FEFF 		bl	HAL_UART_MspInit
 177              	.L20:
 178 0018 2423     		movs	r3, #36
 179 001a 2268     		ldr	r2, [r4]
 180 001c 84F83930 		strb	r3, [r4, #57]
ARM GAS  /tmp/ccvRU0nC.s 			page 4


 181 0020 D368     		ldr	r3, [r2, #12]
 182 0022 2046     		mov	r0, r4
 183 0024 23F40053 		bic	r3, r3, #8192
 184 0028 D360     		str	r3, [r2, #12]
 185 002a FFF7FEFF 		bl	UART_SetConfig
 186 002e 2368     		ldr	r3, [r4]
 187 0030 0020     		movs	r0, #0
 188 0032 1A69     		ldr	r2, [r3, #16]
 189 0034 22F49042 		bic	r2, r2, #18432
 190 0038 1A61     		str	r2, [r3, #16]
 191 003a 5A69     		ldr	r2, [r3, #20]
 192 003c 22F02A02 		bic	r2, r2, #42
 193 0040 5A61     		str	r2, [r3, #20]
 194 0042 DA68     		ldr	r2, [r3, #12]
 195 0044 42F40052 		orr	r2, r2, #8192
 196 0048 DA60     		str	r2, [r3, #12]
 197 004a 2023     		movs	r3, #32
 198 004c E063     		str	r0, [r4, #60]
 199 004e 84F83930 		strb	r3, [r4, #57]
 200 0052 84F83A30 		strb	r3, [r4, #58]
 201 0056 10BD     		pop	{r4, pc}
 202              	.L21:
 203 0058 0120     		movs	r0, #1
 204 005a 10BD     		pop	{r4, pc}
 206              		.section	.text.HAL_HalfDuplex_Init,"ax",%progbits
 207              		.align	1
 208              		.global	HAL_HalfDuplex_Init
 209              		.syntax unified
 210              		.thumb
 211              		.thumb_func
 212              		.fpu softvfp
 214              	HAL_HalfDuplex_Init:
 215              		@ args = 0, pretend = 0, frame = 0
 216              		@ frame_needed = 0, uses_anonymous_args = 0
 217 0000 10B5     		push	{r4, lr}
 218 0002 0446     		mov	r4, r0
 219 0004 60B3     		cbz	r0, .L25
 220 0006 90F83930 		ldrb	r3, [r0, #57]	@ zero_extendqisi2
 221 000a 03F0FF02 		and	r2, r3, #255
 222 000e 1BB9     		cbnz	r3, .L24
 223 0010 80F83820 		strb	r2, [r0, #56]
 224 0014 FFF7FEFF 		bl	HAL_UART_MspInit
 225              	.L24:
 226 0018 2423     		movs	r3, #36
 227 001a 2268     		ldr	r2, [r4]
 228 001c 84F83930 		strb	r3, [r4, #57]
 229 0020 D368     		ldr	r3, [r2, #12]
 230 0022 2046     		mov	r0, r4
 231 0024 23F40053 		bic	r3, r3, #8192
 232 0028 D360     		str	r3, [r2, #12]
 233 002a FFF7FEFF 		bl	UART_SetConfig
 234 002e 2368     		ldr	r3, [r4]
 235 0030 0020     		movs	r0, #0
 236 0032 1A69     		ldr	r2, [r3, #16]
 237 0034 22F49042 		bic	r2, r2, #18432
 238 0038 1A61     		str	r2, [r3, #16]
 239 003a 5A69     		ldr	r2, [r3, #20]
ARM GAS  /tmp/ccvRU0nC.s 			page 5


 240 003c 22F02202 		bic	r2, r2, #34
 241 0040 5A61     		str	r2, [r3, #20]
 242 0042 5A69     		ldr	r2, [r3, #20]
 243 0044 42F00802 		orr	r2, r2, #8
 244 0048 5A61     		str	r2, [r3, #20]
 245 004a DA68     		ldr	r2, [r3, #12]
 246 004c 42F40052 		orr	r2, r2, #8192
 247 0050 DA60     		str	r2, [r3, #12]
 248 0052 2023     		movs	r3, #32
 249 0054 E063     		str	r0, [r4, #60]
 250 0056 84F83930 		strb	r3, [r4, #57]
 251 005a 84F83A30 		strb	r3, [r4, #58]
 252 005e 10BD     		pop	{r4, pc}
 253              	.L25:
 254 0060 0120     		movs	r0, #1
 255 0062 10BD     		pop	{r4, pc}
 257              		.section	.text.HAL_LIN_Init,"ax",%progbits
 258              		.align	1
 259              		.global	HAL_LIN_Init
 260              		.syntax unified
 261              		.thumb
 262              		.thumb_func
 263              		.fpu softvfp
 265              	HAL_LIN_Init:
 266              		@ args = 0, pretend = 0, frame = 0
 267              		@ frame_needed = 0, uses_anonymous_args = 0
 268 0000 38B5     		push	{r3, r4, r5, lr}
 269 0002 0D46     		mov	r5, r1
 270 0004 0446     		mov	r4, r0
 271 0006 0028     		cmp	r0, #0
 272 0008 33D0     		beq	.L29
 273 000a 90F83930 		ldrb	r3, [r0, #57]	@ zero_extendqisi2
 274 000e 03F0FF02 		and	r2, r3, #255
 275 0012 1BB9     		cbnz	r3, .L28
 276 0014 80F83820 		strb	r2, [r0, #56]
 277 0018 FFF7FEFF 		bl	HAL_UART_MspInit
 278              	.L28:
 279 001c 2423     		movs	r3, #36
 280 001e 2268     		ldr	r2, [r4]
 281 0020 84F83930 		strb	r3, [r4, #57]
 282 0024 D368     		ldr	r3, [r2, #12]
 283 0026 2046     		mov	r0, r4
 284 0028 23F40053 		bic	r3, r3, #8192
 285 002c D360     		str	r3, [r2, #12]
 286 002e FFF7FEFF 		bl	UART_SetConfig
 287 0032 2368     		ldr	r3, [r4]
 288 0034 0020     		movs	r0, #0
 289 0036 1A69     		ldr	r2, [r3, #16]
 290 0038 22F40062 		bic	r2, r2, #2048
 291 003c 1A61     		str	r2, [r3, #16]
 292 003e 5A69     		ldr	r2, [r3, #20]
 293 0040 22F02A02 		bic	r2, r2, #42
 294 0044 5A61     		str	r2, [r3, #20]
 295 0046 1A69     		ldr	r2, [r3, #16]
 296 0048 42F48042 		orr	r2, r2, #16384
 297 004c 1A61     		str	r2, [r3, #16]
 298 004e 1A69     		ldr	r2, [r3, #16]
ARM GAS  /tmp/ccvRU0nC.s 			page 6


 299 0050 22F02002 		bic	r2, r2, #32
 300 0054 1A61     		str	r2, [r3, #16]
 301 0056 1969     		ldr	r1, [r3, #16]
 302 0058 2943     		orrs	r1, r1, r5
 303 005a 1961     		str	r1, [r3, #16]
 304 005c DA68     		ldr	r2, [r3, #12]
 305 005e 42F40052 		orr	r2, r2, #8192
 306 0062 DA60     		str	r2, [r3, #12]
 307 0064 2023     		movs	r3, #32
 308 0066 E063     		str	r0, [r4, #60]
 309 0068 84F83930 		strb	r3, [r4, #57]
 310 006c 84F83A30 		strb	r3, [r4, #58]
 311 0070 38BD     		pop	{r3, r4, r5, pc}
 312              	.L29:
 313 0072 0120     		movs	r0, #1
 314 0074 38BD     		pop	{r3, r4, r5, pc}
 316              		.section	.text.HAL_MultiProcessor_Init,"ax",%progbits
 317              		.align	1
 318              		.global	HAL_MultiProcessor_Init
 319              		.syntax unified
 320              		.thumb
 321              		.thumb_func
 322              		.fpu softvfp
 324              	HAL_MultiProcessor_Init:
 325              		@ args = 0, pretend = 0, frame = 0
 326              		@ frame_needed = 0, uses_anonymous_args = 0
 327 0000 70B5     		push	{r4, r5, r6, lr}
 328 0002 0D46     		mov	r5, r1
 329 0004 1646     		mov	r6, r2
 330 0006 0446     		mov	r4, r0
 331 0008 0028     		cmp	r0, #0
 332 000a 36D0     		beq	.L33
 333 000c 90F83930 		ldrb	r3, [r0, #57]	@ zero_extendqisi2
 334 0010 03F0FF02 		and	r2, r3, #255
 335 0014 1BB9     		cbnz	r3, .L32
 336 0016 80F83820 		strb	r2, [r0, #56]
 337 001a FFF7FEFF 		bl	HAL_UART_MspInit
 338              	.L32:
 339 001e 2423     		movs	r3, #36
 340 0020 2268     		ldr	r2, [r4]
 341 0022 84F83930 		strb	r3, [r4, #57]
 342 0026 D368     		ldr	r3, [r2, #12]
 343 0028 2046     		mov	r0, r4
 344 002a 23F40053 		bic	r3, r3, #8192
 345 002e D360     		str	r3, [r2, #12]
 346 0030 FFF7FEFF 		bl	UART_SetConfig
 347 0034 2368     		ldr	r3, [r4]
 348 0036 0020     		movs	r0, #0
 349 0038 1A69     		ldr	r2, [r3, #16]
 350 003a 22F49042 		bic	r2, r2, #18432
 351 003e 1A61     		str	r2, [r3, #16]
 352 0040 5A69     		ldr	r2, [r3, #20]
 353 0042 22F02A02 		bic	r2, r2, #42
 354 0046 5A61     		str	r2, [r3, #20]
 355 0048 1A69     		ldr	r2, [r3, #16]
 356 004a 22F00F02 		bic	r2, r2, #15
 357 004e 1A61     		str	r2, [r3, #16]
ARM GAS  /tmp/ccvRU0nC.s 			page 7


 358 0050 1A69     		ldr	r2, [r3, #16]
 359 0052 1543     		orrs	r5, r5, r2
 360 0054 1D61     		str	r5, [r3, #16]
 361 0056 DA68     		ldr	r2, [r3, #12]
 362 0058 22F40062 		bic	r2, r2, #2048
 363 005c DA60     		str	r2, [r3, #12]
 364 005e DA68     		ldr	r2, [r3, #12]
 365 0060 3243     		orrs	r2, r2, r6
 366 0062 DA60     		str	r2, [r3, #12]
 367 0064 DA68     		ldr	r2, [r3, #12]
 368 0066 42F40052 		orr	r2, r2, #8192
 369 006a DA60     		str	r2, [r3, #12]
 370 006c 2023     		movs	r3, #32
 371 006e E063     		str	r0, [r4, #60]
 372 0070 84F83930 		strb	r3, [r4, #57]
 373 0074 84F83A30 		strb	r3, [r4, #58]
 374 0078 70BD     		pop	{r4, r5, r6, pc}
 375              	.L33:
 376 007a 0120     		movs	r0, #1
 377 007c 70BD     		pop	{r4, r5, r6, pc}
 379              		.section	.text.HAL_UART_MspDeInit,"ax",%progbits
 380              		.align	1
 381              		.weak	HAL_UART_MspDeInit
 382              		.syntax unified
 383              		.thumb
 384              		.thumb_func
 385              		.fpu softvfp
 387              	HAL_UART_MspDeInit:
 388              		@ args = 0, pretend = 0, frame = 0
 389              		@ frame_needed = 0, uses_anonymous_args = 0
 390              		@ link register save eliminated.
 391 0000 7047     		bx	lr
 393              		.section	.text.HAL_UART_DeInit,"ax",%progbits
 394              		.align	1
 395              		.global	HAL_UART_DeInit
 396              		.syntax unified
 397              		.thumb
 398              		.thumb_func
 399              		.fpu softvfp
 401              	HAL_UART_DeInit:
 402              		@ args = 0, pretend = 0, frame = 0
 403              		@ frame_needed = 0, uses_anonymous_args = 0
 404 0000 10B5     		push	{r4, lr}
 405 0002 0446     		mov	r4, r0
 406 0004 90B1     		cbz	r0, .L37
 407 0006 2423     		movs	r3, #36
 408 0008 0268     		ldr	r2, [r0]
 409 000a 80F83930 		strb	r3, [r0, #57]
 410 000e D368     		ldr	r3, [r2, #12]
 411 0010 23F40053 		bic	r3, r3, #8192
 412 0014 D360     		str	r3, [r2, #12]
 413 0016 FFF7FEFF 		bl	HAL_UART_MspDeInit
 414 001a 0020     		movs	r0, #0
 415 001c E063     		str	r0, [r4, #60]
 416 001e 84F83800 		strb	r0, [r4, #56]
 417 0022 84F83900 		strb	r0, [r4, #57]
 418 0026 84F83A00 		strb	r0, [r4, #58]
ARM GAS  /tmp/ccvRU0nC.s 			page 8


 419 002a 10BD     		pop	{r4, pc}
 420              	.L37:
 421 002c 0120     		movs	r0, #1
 422 002e 10BD     		pop	{r4, pc}
 424              		.section	.text.HAL_UART_Transmit,"ax",%progbits
 425              		.align	1
 426              		.global	HAL_UART_Transmit
 427              		.syntax unified
 428              		.thumb
 429              		.thumb_func
 430              		.fpu softvfp
 432              	HAL_UART_Transmit:
 433              		@ args = 0, pretend = 0, frame = 0
 434              		@ frame_needed = 0, uses_anonymous_args = 0
 435 0000 2DE9F041 		push	{r4, r5, r6, r7, r8, lr}
 436 0004 1F46     		mov	r7, r3
 437 0006 90F83930 		ldrb	r3, [r0, #57]	@ zero_extendqisi2
 438 000a 0446     		mov	r4, r0
 439 000c 202B     		cmp	r3, #32
 440 000e 0D46     		mov	r5, r1
 441 0010 9046     		mov	r8, r2
 442 0012 4ED1     		bne	.L50
 443 0014 0029     		cmp	r1, #0
 444 0016 49D0     		beq	.L49
 445 0018 002A     		cmp	r2, #0
 446 001a 47D0     		beq	.L49
 447 001c 90F83830 		ldrb	r3, [r0, #56]	@ zero_extendqisi2
 448 0020 012B     		cmp	r3, #1
 449 0022 46D0     		beq	.L50
 450 0024 0123     		movs	r3, #1
 451 0026 80F83830 		strb	r3, [r0, #56]
 452 002a 0023     		movs	r3, #0
 453 002c C363     		str	r3, [r0, #60]
 454 002e 2123     		movs	r3, #33
 455 0030 80F83930 		strb	r3, [r0, #57]
 456 0034 FFF7FEFF 		bl	HAL_GetTick
 457 0038 0646     		mov	r6, r0
 458 003a A4F82480 		strh	r8, [r4, #36]	@ movhi
 459 003e A4F82680 		strh	r8, [r4, #38]	@ movhi
 460              	.L40:
 461 0042 E38C     		ldrh	r3, [r4, #38]
 462 0044 9BB2     		uxth	r3, r3
 463 0046 6BB9     		cbnz	r3, .L46
 464 0048 3B46     		mov	r3, r7
 465 004a 3246     		mov	r2, r6
 466 004c 4021     		movs	r1, #64
 467 004e 2046     		mov	r0, r4
 468 0050 FFF7FEFF 		bl	UART_WaitOnFlagUntilTimeout.constprop.3
 469 0054 A8B9     		cbnz	r0, .L45
 470 0056 2023     		movs	r3, #32
 471 0058 84F83800 		strb	r0, [r4, #56]
 472 005c 84F83930 		strb	r3, [r4, #57]
 473 0060 BDE8F081 		pop	{r4, r5, r6, r7, r8, pc}
 474              	.L46:
 475 0064 E38C     		ldrh	r3, [r4, #38]
 476 0066 3246     		mov	r2, r6
 477 0068 013B     		subs	r3, r3, #1
ARM GAS  /tmp/ccvRU0nC.s 			page 9


 478 006a 9BB2     		uxth	r3, r3
 479 006c E384     		strh	r3, [r4, #38]	@ movhi
 480 006e A368     		ldr	r3, [r4, #8]
 481 0070 8021     		movs	r1, #128
 482 0072 B3F5805F 		cmp	r3, #4096
 483 0076 2046     		mov	r0, r4
 484 0078 3B46     		mov	r3, r7
 485 007a 0ED1     		bne	.L41
 486 007c FFF7FEFF 		bl	UART_WaitOnFlagUntilTimeout.constprop.3
 487 0080 10B1     		cbz	r0, .L42
 488              	.L45:
 489 0082 0320     		movs	r0, #3
 490 0084 BDE8F081 		pop	{r4, r5, r6, r7, r8, pc}
 491              	.L42:
 492 0088 2B88     		ldrh	r3, [r5]
 493 008a 2268     		ldr	r2, [r4]
 494 008c C3F30803 		ubfx	r3, r3, #0, #9
 495 0090 5360     		str	r3, [r2, #4]
 496 0092 2369     		ldr	r3, [r4, #16]
 497 0094 43B9     		cbnz	r3, .L51
 498 0096 0235     		adds	r5, r5, #2
 499 0098 D3E7     		b	.L40
 500              	.L41:
 501 009a FFF7FEFF 		bl	UART_WaitOnFlagUntilTimeout.constprop.3
 502 009e 0028     		cmp	r0, #0
 503 00a0 EFD1     		bne	.L45
 504 00a2 2368     		ldr	r3, [r4]
 505 00a4 2A78     		ldrb	r2, [r5]	@ zero_extendqisi2
 506 00a6 5A60     		str	r2, [r3, #4]
 507              	.L51:
 508 00a8 0135     		adds	r5, r5, #1
 509 00aa CAE7     		b	.L40
 510              	.L49:
 511 00ac 0120     		movs	r0, #1
 512 00ae BDE8F081 		pop	{r4, r5, r6, r7, r8, pc}
 513              	.L50:
 514 00b2 0220     		movs	r0, #2
 515 00b4 BDE8F081 		pop	{r4, r5, r6, r7, r8, pc}
 517              		.section	.text.HAL_UART_Receive,"ax",%progbits
 518              		.align	1
 519              		.global	HAL_UART_Receive
 520              		.syntax unified
 521              		.thumb
 522              		.thumb_func
 523              		.fpu softvfp
 525              	HAL_UART_Receive:
 526              		@ args = 0, pretend = 0, frame = 0
 527              		@ frame_needed = 0, uses_anonymous_args = 0
 528 0000 2DE9F041 		push	{r4, r5, r6, r7, r8, lr}
 529 0004 1F46     		mov	r7, r3
 530 0006 90F83A30 		ldrb	r3, [r0, #58]	@ zero_extendqisi2
 531 000a 0446     		mov	r4, r0
 532 000c 202B     		cmp	r3, #32
 533 000e 0D46     		mov	r5, r1
 534 0010 9046     		mov	r8, r2
 535 0012 51D1     		bne	.L65
 536 0014 0029     		cmp	r1, #0
ARM GAS  /tmp/ccvRU0nC.s 			page 10


 537 0016 4CD0     		beq	.L64
 538 0018 002A     		cmp	r2, #0
 539 001a 4AD0     		beq	.L64
 540 001c 90F83830 		ldrb	r3, [r0, #56]	@ zero_extendqisi2
 541 0020 012B     		cmp	r3, #1
 542 0022 49D0     		beq	.L65
 543 0024 0123     		movs	r3, #1
 544 0026 80F83830 		strb	r3, [r0, #56]
 545 002a 0023     		movs	r3, #0
 546 002c C363     		str	r3, [r0, #60]
 547 002e 2223     		movs	r3, #34
 548 0030 80F83A30 		strb	r3, [r0, #58]
 549 0034 FFF7FEFF 		bl	HAL_GetTick
 550 0038 0646     		mov	r6, r0
 551 003a A4F82C80 		strh	r8, [r4, #44]	@ movhi
 552 003e A4F82E80 		strh	r8, [r4, #46]	@ movhi
 553              	.L54:
 554 0042 E08D     		ldrh	r0, [r4, #46]
 555 0044 80B2     		uxth	r0, r0
 556 0046 30B9     		cbnz	r0, .L61
 557 0048 2023     		movs	r3, #32
 558 004a 84F83800 		strb	r0, [r4, #56]
 559 004e 84F83A30 		strb	r3, [r4, #58]
 560 0052 BDE8F081 		pop	{r4, r5, r6, r7, r8, pc}
 561              	.L61:
 562 0056 E38D     		ldrh	r3, [r4, #46]
 563 0058 3246     		mov	r2, r6
 564 005a 013B     		subs	r3, r3, #1
 565 005c 9BB2     		uxth	r3, r3
 566 005e E385     		strh	r3, [r4, #46]	@ movhi
 567 0060 A368     		ldr	r3, [r4, #8]
 568 0062 2021     		movs	r1, #32
 569 0064 B3F5805F 		cmp	r3, #4096
 570 0068 2046     		mov	r0, r4
 571 006a 3B46     		mov	r3, r7
 572 006c 12D1     		bne	.L55
 573 006e FFF7FEFF 		bl	UART_WaitOnFlagUntilTimeout.constprop.3
 574 0072 10B1     		cbz	r0, .L56
 575              	.L59:
 576 0074 0320     		movs	r0, #3
 577 0076 BDE8F081 		pop	{r4, r5, r6, r7, r8, pc}
 578              	.L56:
 579 007a 2368     		ldr	r3, [r4]
 580 007c 2269     		ldr	r2, [r4, #16]
 581 007e 5B68     		ldr	r3, [r3, #4]
 582 0080 22B9     		cbnz	r2, .L57
 583 0082 C3F30803 		ubfx	r3, r3, #0, #9
 584 0086 25F8023B 		strh	r3, [r5], #2	@ movhi
 585 008a DAE7     		b	.L54
 586              	.L57:
 587 008c DBB2     		uxtb	r3, r3
 588 008e 25F8013B 		strh	r3, [r5], #1	@ movhi
 589 0092 D6E7     		b	.L54
 590              	.L55:
 591 0094 FFF7FEFF 		bl	UART_WaitOnFlagUntilTimeout.constprop.3
 592 0098 0028     		cmp	r0, #0
 593 009a EBD1     		bne	.L59
ARM GAS  /tmp/ccvRU0nC.s 			page 11


 594 009c 2368     		ldr	r3, [r4]
 595 009e 2169     		ldr	r1, [r4, #16]
 596 00a0 6A1C     		adds	r2, r5, #1
 597 00a2 5B68     		ldr	r3, [r3, #4]
 598 00a4 11B9     		cbnz	r1, .L60
 599              	.L66:
 600 00a6 2B70     		strb	r3, [r5]
 601 00a8 1546     		mov	r5, r2
 602 00aa CAE7     		b	.L54
 603              	.L60:
 604 00ac 03F07F03 		and	r3, r3, #127
 605 00b0 F9E7     		b	.L66
 606              	.L64:
 607 00b2 0120     		movs	r0, #1
 608 00b4 BDE8F081 		pop	{r4, r5, r6, r7, r8, pc}
 609              	.L65:
 610 00b8 0220     		movs	r0, #2
 611 00ba BDE8F081 		pop	{r4, r5, r6, r7, r8, pc}
 613              		.section	.text.HAL_UART_Transmit_IT,"ax",%progbits
 614              		.align	1
 615              		.global	HAL_UART_Transmit_IT
 616              		.syntax unified
 617              		.thumb
 618              		.thumb_func
 619              		.fpu softvfp
 621              	HAL_UART_Transmit_IT:
 622              		@ args = 0, pretend = 0, frame = 0
 623              		@ frame_needed = 0, uses_anonymous_args = 0
 624              		@ link register save eliminated.
 625 0000 90F83930 		ldrb	r3, [r0, #57]	@ zero_extendqisi2
 626 0004 202B     		cmp	r3, #32
 627 0006 18D1     		bne	.L72
 628 0008 A9B1     		cbz	r1, .L71
 629 000a A2B1     		cbz	r2, .L71
 630 000c 90F83830 		ldrb	r3, [r0, #56]	@ zero_extendqisi2
 631 0010 012B     		cmp	r3, #1
 632 0012 12D0     		beq	.L72
 633 0014 C284     		strh	r2, [r0, #38]	@ movhi
 634 0016 8284     		strh	r2, [r0, #36]	@ movhi
 635 0018 0023     		movs	r3, #0
 636 001a 2122     		movs	r2, #33
 637 001c 0162     		str	r1, [r0, #32]
 638 001e 0168     		ldr	r1, [r0]
 639 0020 C363     		str	r3, [r0, #60]
 640 0022 80F83920 		strb	r2, [r0, #57]
 641 0026 CA68     		ldr	r2, [r1, #12]
 642 0028 80F83830 		strb	r3, [r0, #56]
 643 002c 42F08002 		orr	r2, r2, #128
 644 0030 CA60     		str	r2, [r1, #12]
 645 0032 1846     		mov	r0, r3
 646 0034 7047     		bx	lr
 647              	.L71:
 648 0036 0120     		movs	r0, #1
 649 0038 7047     		bx	lr
 650              	.L72:
 651 003a 0220     		movs	r0, #2
 652 003c 7047     		bx	lr
ARM GAS  /tmp/ccvRU0nC.s 			page 12


 654              		.section	.text.HAL_UART_Receive_IT,"ax",%progbits
 655              		.align	1
 656              		.global	HAL_UART_Receive_IT
 657              		.syntax unified
 658              		.thumb
 659              		.thumb_func
 660              		.fpu softvfp
 662              	HAL_UART_Receive_IT:
 663              		@ args = 0, pretend = 0, frame = 0
 664              		@ frame_needed = 0, uses_anonymous_args = 0
 665              		@ link register save eliminated.
 666 0000 90F83A30 		ldrb	r3, [r0, #58]	@ zero_extendqisi2
 667 0004 202B     		cmp	r3, #32
 668 0006 20D1     		bne	.L78
 669 0008 E9B1     		cbz	r1, .L77
 670 000a E2B1     		cbz	r2, .L77
 671 000c 90F83830 		ldrb	r3, [r0, #56]	@ zero_extendqisi2
 672 0010 012B     		cmp	r3, #1
 673 0012 1AD0     		beq	.L78
 674 0014 C285     		strh	r2, [r0, #46]	@ movhi
 675 0016 8285     		strh	r2, [r0, #44]	@ movhi
 676 0018 0023     		movs	r3, #0
 677 001a 2222     		movs	r2, #34
 678 001c C363     		str	r3, [r0, #60]
 679 001e 80F83A20 		strb	r2, [r0, #58]
 680 0022 0268     		ldr	r2, [r0]
 681 0024 8162     		str	r1, [r0, #40]
 682 0026 D168     		ldr	r1, [r2, #12]
 683 0028 80F83830 		strb	r3, [r0, #56]
 684 002c 41F48071 		orr	r1, r1, #256
 685 0030 D160     		str	r1, [r2, #12]
 686 0032 5169     		ldr	r1, [r2, #20]
 687 0034 1846     		mov	r0, r3
 688 0036 41F00101 		orr	r1, r1, #1
 689 003a 5161     		str	r1, [r2, #20]
 690 003c D168     		ldr	r1, [r2, #12]
 691 003e 41F02001 		orr	r1, r1, #32
 692 0042 D160     		str	r1, [r2, #12]
 693 0044 7047     		bx	lr
 694              	.L77:
 695 0046 0120     		movs	r0, #1
 696 0048 7047     		bx	lr
 697              	.L78:
 698 004a 0220     		movs	r0, #2
 699 004c 7047     		bx	lr
 701              		.section	.text.HAL_UART_Transmit_DMA,"ax",%progbits
 702              		.align	1
 703              		.global	HAL_UART_Transmit_DMA
 704              		.syntax unified
 705              		.thumb
 706              		.thumb_func
 707              		.fpu softvfp
 709              	HAL_UART_Transmit_DMA:
 710              		@ args = 0, pretend = 0, frame = 0
 711              		@ frame_needed = 0, uses_anonymous_args = 0
 712 0000 38B5     		push	{r3, r4, r5, lr}
 713 0002 0446     		mov	r4, r0
ARM GAS  /tmp/ccvRU0nC.s 			page 13


 714 0004 1346     		mov	r3, r2
 715 0006 94F83920 		ldrb	r2, [r4, #57]	@ zero_extendqisi2
 716 000a 202A     		cmp	r2, #32
 717 000c 2AD1     		bne	.L84
 718 000e 39B3     		cbz	r1, .L83
 719 0010 33B3     		cbz	r3, .L83
 720 0012 94F83820 		ldrb	r2, [r4, #56]	@ zero_extendqisi2
 721 0016 012A     		cmp	r2, #1
 722 0018 24D0     		beq	.L84
 723 001a 0122     		movs	r2, #1
 724 001c 0025     		movs	r5, #0
 725 001e 84F83820 		strb	r2, [r4, #56]
 726 0022 2122     		movs	r2, #33
 727 0024 E384     		strh	r3, [r4, #38]	@ movhi
 728 0026 206B     		ldr	r0, [r4, #48]
 729 0028 E563     		str	r5, [r4, #60]
 730 002a 84F83920 		strb	r2, [r4, #57]
 731 002e 0E4A     		ldr	r2, .L85
 732 0030 A384     		strh	r3, [r4, #36]	@ movhi
 733 0032 2162     		str	r1, [r4, #32]
 734 0034 8262     		str	r2, [r0, #40]
 735 0036 0D4A     		ldr	r2, .L85+4
 736 0038 4563     		str	r5, [r0, #52]
 737 003a C262     		str	r2, [r0, #44]
 738 003c 0C4A     		ldr	r2, .L85+8
 739 003e 0263     		str	r2, [r0, #48]
 740 0040 2268     		ldr	r2, [r4]
 741 0042 0432     		adds	r2, r2, #4
 742 0044 FFF7FEFF 		bl	HAL_DMA_Start_IT
 743 0048 6FF04002 		mvn	r2, #64
 744 004c 2368     		ldr	r3, [r4]
 745 004e 2846     		mov	r0, r5
 746 0050 1A60     		str	r2, [r3]
 747 0052 5A69     		ldr	r2, [r3, #20]
 748 0054 84F83850 		strb	r5, [r4, #56]
 749 0058 42F08002 		orr	r2, r2, #128
 750 005c 5A61     		str	r2, [r3, #20]
 751 005e 38BD     		pop	{r3, r4, r5, pc}
 752              	.L83:
 753 0060 0120     		movs	r0, #1
 754 0062 38BD     		pop	{r3, r4, r5, pc}
 755              	.L84:
 756 0064 0220     		movs	r0, #2
 757 0066 38BD     		pop	{r3, r4, r5, pc}
 758              	.L86:
 759              		.align	2
 760              	.L85:
 761 0068 00000000 		.word	UART_DMATransmitCplt
 762 006c 00000000 		.word	UART_DMATxHalfCplt
 763 0070 00000000 		.word	UART_DMAError
 765              		.section	.text.HAL_UART_Receive_DMA,"ax",%progbits
 766              		.align	1
 767              		.global	HAL_UART_Receive_DMA
 768              		.syntax unified
 769              		.thumb
 770              		.thumb_func
 771              		.fpu softvfp
ARM GAS  /tmp/ccvRU0nC.s 			page 14


 773              	HAL_UART_Receive_DMA:
 774              		@ args = 0, pretend = 0, frame = 8
 775              		@ frame_needed = 0, uses_anonymous_args = 0
 776 0000 1346     		mov	r3, r2
 777 0002 90F83A20 		ldrb	r2, [r0, #58]	@ zero_extendqisi2
 778 0006 73B5     		push	{r0, r1, r4, r5, r6, lr}
 779 0008 202A     		cmp	r2, #32
 780 000a 0546     		mov	r5, r0
 781 000c 38D1     		bne	.L92
 782 000e 0029     		cmp	r1, #0
 783 0010 34D0     		beq	.L91
 784 0012 002B     		cmp	r3, #0
 785 0014 32D0     		beq	.L91
 786 0016 90F83820 		ldrb	r2, [r0, #56]	@ zero_extendqisi2
 787 001a 012A     		cmp	r2, #1
 788 001c 30D0     		beq	.L92
 789 001e 0122     		movs	r2, #1
 790 0020 0024     		movs	r4, #0
 791 0022 80F83820 		strb	r2, [r0, #56]
 792 0026 2222     		movs	r2, #34
 793 0028 8162     		str	r1, [r0, #40]
 794 002a 8385     		strh	r3, [r0, #44]	@ movhi
 795 002c C463     		str	r4, [r0, #60]
 796 002e 80F83A20 		strb	r2, [r0, #58]
 797 0032 406B     		ldr	r0, [r0, #52]
 798 0034 134A     		ldr	r2, .L93
 799 0036 2E68     		ldr	r6, [r5]
 800 0038 8262     		str	r2, [r0, #40]
 801 003a 134A     		ldr	r2, .L93+4
 802 003c 4463     		str	r4, [r0, #52]
 803 003e C262     		str	r2, [r0, #44]
 804 0040 124A     		ldr	r2, .L93+8
 805 0042 0263     		str	r2, [r0, #48]
 806 0044 0A46     		mov	r2, r1
 807 0046 311D     		adds	r1, r6, #4
 808 0048 FFF7FEFF 		bl	HAL_DMA_Start_IT
 809 004c 2046     		mov	r0, r4
 810 004e 2B68     		ldr	r3, [r5]
 811 0050 0194     		str	r4, [sp, #4]
 812 0052 1A68     		ldr	r2, [r3]
 813 0054 0192     		str	r2, [sp, #4]
 814 0056 5A68     		ldr	r2, [r3, #4]
 815 0058 85F83840 		strb	r4, [r5, #56]
 816 005c 0192     		str	r2, [sp, #4]
 817 005e 019A     		ldr	r2, [sp, #4]
 818 0060 DA68     		ldr	r2, [r3, #12]
 819 0062 42F48072 		orr	r2, r2, #256
 820 0066 DA60     		str	r2, [r3, #12]
 821 0068 5A69     		ldr	r2, [r3, #20]
 822 006a 42F00102 		orr	r2, r2, #1
 823 006e 5A61     		str	r2, [r3, #20]
 824 0070 5A69     		ldr	r2, [r3, #20]
 825 0072 42F04002 		orr	r2, r2, #64
 826 0076 5A61     		str	r2, [r3, #20]
 827              	.L88:
 828 0078 02B0     		add	sp, sp, #8
 829              		@ sp needed
ARM GAS  /tmp/ccvRU0nC.s 			page 15


 830 007a 70BD     		pop	{r4, r5, r6, pc}
 831              	.L91:
 832 007c 0120     		movs	r0, #1
 833 007e FBE7     		b	.L88
 834              	.L92:
 835 0080 0220     		movs	r0, #2
 836 0082 F9E7     		b	.L88
 837              	.L94:
 838              		.align	2
 839              	.L93:
 840 0084 00000000 		.word	UART_DMAReceiveCplt
 841 0088 00000000 		.word	UART_DMARxHalfCplt
 842 008c 00000000 		.word	UART_DMAError
 844              		.section	.text.HAL_UART_DMAPause,"ax",%progbits
 845              		.align	1
 846              		.global	HAL_UART_DMAPause
 847              		.syntax unified
 848              		.thumb
 849              		.thumb_func
 850              		.fpu softvfp
 852              	HAL_UART_DMAPause:
 853              		@ args = 0, pretend = 0, frame = 0
 854              		@ frame_needed = 0, uses_anonymous_args = 0
 855              		@ link register save eliminated.
 856 0000 90F83830 		ldrb	r3, [r0, #56]	@ zero_extendqisi2
 857 0004 012B     		cmp	r3, #1
 858 0006 26D0     		beq	.L99
 859 0008 0123     		movs	r3, #1
 860 000a 80F83830 		strb	r3, [r0, #56]
 861 000e 0368     		ldr	r3, [r0]
 862 0010 5A69     		ldr	r2, [r3, #20]
 863 0012 90F83910 		ldrb	r1, [r0, #57]	@ zero_extendqisi2
 864 0016 2129     		cmp	r1, #33
 865 0018 05D1     		bne	.L97
 866 001a 1106     		lsls	r1, r2, #24
 867 001c 42BF     		ittt	mi
 868 001e 5A69     		ldrmi	r2, [r3, #20]
 869 0020 22F08002 		bicmi	r2, r2, #128
 870 0024 5A61     		strmi	r2, [r3, #20]
 871              	.L97:
 872 0026 5A69     		ldr	r2, [r3, #20]
 873 0028 90F83A10 		ldrb	r1, [r0, #58]	@ zero_extendqisi2
 874 002c 2229     		cmp	r1, #34
 875 002e 0DD1     		bne	.L98
 876 0030 5206     		lsls	r2, r2, #25
 877 0032 0BD5     		bpl	.L98
 878 0034 DA68     		ldr	r2, [r3, #12]
 879 0036 22F48072 		bic	r2, r2, #256
 880 003a DA60     		str	r2, [r3, #12]
 881 003c 5A69     		ldr	r2, [r3, #20]
 882 003e 22F00102 		bic	r2, r2, #1
 883 0042 5A61     		str	r2, [r3, #20]
 884 0044 5A69     		ldr	r2, [r3, #20]
 885 0046 22F04002 		bic	r2, r2, #64
 886 004a 5A61     		str	r2, [r3, #20]
 887              	.L98:
 888 004c 0023     		movs	r3, #0
ARM GAS  /tmp/ccvRU0nC.s 			page 16


 889 004e 80F83830 		strb	r3, [r0, #56]
 890 0052 1846     		mov	r0, r3
 891 0054 7047     		bx	lr
 892              	.L99:
 893 0056 0220     		movs	r0, #2
 894 0058 7047     		bx	lr
 896              		.section	.text.HAL_UART_DMAResume,"ax",%progbits
 897              		.align	1
 898              		.global	HAL_UART_DMAResume
 899              		.syntax unified
 900              		.thumb
 901              		.thumb_func
 902              		.fpu softvfp
 904              	HAL_UART_DMAResume:
 905              		@ args = 0, pretend = 0, frame = 8
 906              		@ frame_needed = 0, uses_anonymous_args = 0
 907              		@ link register save eliminated.
 908 0000 90F83830 		ldrb	r3, [r0, #56]	@ zero_extendqisi2
 909 0004 82B0     		sub	sp, sp, #8
 910 0006 012B     		cmp	r3, #1
 911 0008 29D0     		beq	.L110
 912 000a 0123     		movs	r3, #1
 913 000c 80F83830 		strb	r3, [r0, #56]
 914 0010 90F83930 		ldrb	r3, [r0, #57]	@ zero_extendqisi2
 915 0014 212B     		cmp	r3, #33
 916 0016 01BF     		itttt	eq
 917 0018 0268     		ldreq	r2, [r0]
 918 001a 5369     		ldreq	r3, [r2, #20]
 919 001c 43F08003 		orreq	r3, r3, #128
 920 0020 5361     		streq	r3, [r2, #20]
 921 0022 90F83A30 		ldrb	r3, [r0, #58]	@ zero_extendqisi2
 922 0026 222B     		cmp	r3, #34
 923 0028 13D1     		bne	.L109
 924 002a 0023     		movs	r3, #0
 925 002c 0193     		str	r3, [sp, #4]
 926 002e 0368     		ldr	r3, [r0]
 927 0030 1A68     		ldr	r2, [r3]
 928 0032 0192     		str	r2, [sp, #4]
 929 0034 5A68     		ldr	r2, [r3, #4]
 930 0036 0192     		str	r2, [sp, #4]
 931 0038 019A     		ldr	r2, [sp, #4]
 932 003a DA68     		ldr	r2, [r3, #12]
 933 003c 42F48072 		orr	r2, r2, #256
 934 0040 DA60     		str	r2, [r3, #12]
 935 0042 5A69     		ldr	r2, [r3, #20]
 936 0044 42F00102 		orr	r2, r2, #1
 937 0048 5A61     		str	r2, [r3, #20]
 938 004a 5A69     		ldr	r2, [r3, #20]
 939 004c 42F04002 		orr	r2, r2, #64
 940 0050 5A61     		str	r2, [r3, #20]
 941              	.L109:
 942 0052 0023     		movs	r3, #0
 943 0054 80F83830 		strb	r3, [r0, #56]
 944 0058 1846     		mov	r0, r3
 945              	.L107:
 946 005a 02B0     		add	sp, sp, #8
 947              		@ sp needed
ARM GAS  /tmp/ccvRU0nC.s 			page 17


 948 005c 7047     		bx	lr
 949              	.L110:
 950 005e 0220     		movs	r0, #2
 951 0060 FBE7     		b	.L107
 953              		.section	.text.HAL_UART_DMAStop,"ax",%progbits
 954              		.align	1
 955              		.global	HAL_UART_DMAStop
 956              		.syntax unified
 957              		.thumb
 958              		.thumb_func
 959              		.fpu softvfp
 961              	HAL_UART_DMAStop:
 962              		@ args = 0, pretend = 0, frame = 0
 963              		@ frame_needed = 0, uses_anonymous_args = 0
 964 0000 0368     		ldr	r3, [r0]
 965 0002 10B5     		push	{r4, lr}
 966 0004 5A69     		ldr	r2, [r3, #20]
 967 0006 90F83910 		ldrb	r1, [r0, #57]	@ zero_extendqisi2
 968 000a 0446     		mov	r4, r0
 969 000c 2129     		cmp	r1, #33
 970 000e 11D1     		bne	.L112
 971 0010 1106     		lsls	r1, r2, #24
 972 0012 0FD5     		bpl	.L112
 973 0014 5A69     		ldr	r2, [r3, #20]
 974 0016 006B     		ldr	r0, [r0, #48]
 975 0018 22F08002 		bic	r2, r2, #128
 976 001c 5A61     		str	r2, [r3, #20]
 977 001e 08B1     		cbz	r0, .L113
 978 0020 FFF7FEFF 		bl	HAL_DMA_Abort
 979              	.L113:
 980 0024 2268     		ldr	r2, [r4]
 981 0026 D368     		ldr	r3, [r2, #12]
 982 0028 23F0C003 		bic	r3, r3, #192
 983 002c D360     		str	r3, [r2, #12]
 984 002e 2023     		movs	r3, #32
 985 0030 84F83930 		strb	r3, [r4, #57]
 986              	.L112:
 987 0034 2368     		ldr	r3, [r4]
 988 0036 5A69     		ldr	r2, [r3, #20]
 989 0038 94F83A10 		ldrb	r1, [r4, #58]	@ zero_extendqisi2
 990 003c 2229     		cmp	r1, #34
 991 003e 0CD1     		bne	.L114
 992 0040 5206     		lsls	r2, r2, #25
 993 0042 0AD5     		bpl	.L114
 994 0044 5A69     		ldr	r2, [r3, #20]
 995 0046 606B     		ldr	r0, [r4, #52]
 996 0048 22F04002 		bic	r2, r2, #64
 997 004c 5A61     		str	r2, [r3, #20]
 998 004e 08B1     		cbz	r0, .L115
 999 0050 FFF7FEFF 		bl	HAL_DMA_Abort
 1000              	.L115:
 1001 0054 2046     		mov	r0, r4
 1002 0056 FFF7FEFF 		bl	UART_EndRxTransfer
 1003              	.L114:
 1004 005a 0020     		movs	r0, #0
 1005 005c 10BD     		pop	{r4, pc}
 1007              		.section	.text.HAL_UART_Abort,"ax",%progbits
ARM GAS  /tmp/ccvRU0nC.s 			page 18


 1008              		.align	1
 1009              		.global	HAL_UART_Abort
 1010              		.syntax unified
 1011              		.thumb
 1012              		.thumb_func
 1013              		.fpu softvfp
 1015              	HAL_UART_Abort:
 1016              		@ args = 0, pretend = 0, frame = 0
 1017              		@ frame_needed = 0, uses_anonymous_args = 0
 1018 0000 0368     		ldr	r3, [r0]
 1019 0002 10B5     		push	{r4, lr}
 1020 0004 DA68     		ldr	r2, [r3, #12]
 1021 0006 0446     		mov	r4, r0
 1022 0008 22F4F072 		bic	r2, r2, #480
 1023 000c DA60     		str	r2, [r3, #12]
 1024 000e 5A69     		ldr	r2, [r3, #20]
 1025 0010 22F00102 		bic	r2, r2, #1
 1026 0014 5A61     		str	r2, [r3, #20]
 1027 0016 5A69     		ldr	r2, [r3, #20]
 1028 0018 1106     		lsls	r1, r2, #24
 1029 001a 13D5     		bpl	.L129
 1030 001c 5A69     		ldr	r2, [r3, #20]
 1031 001e 006B     		ldr	r0, [r0, #48]
 1032 0020 22F08002 		bic	r2, r2, #128
 1033 0024 5A61     		str	r2, [r3, #20]
 1034 0026 68B1     		cbz	r0, .L129
 1035 0028 0023     		movs	r3, #0
 1036 002a 4363     		str	r3, [r0, #52]
 1037 002c FFF7FEFF 		bl	HAL_DMA_Abort
 1038 0030 40B1     		cbz	r0, .L129
 1039 0032 206B     		ldr	r0, [r4, #48]
 1040 0034 FFF7FEFF 		bl	HAL_DMA_GetError
 1041 0038 2028     		cmp	r0, #32
 1042 003a 03D1     		bne	.L129
 1043              	.L150:
 1044 003c 1023     		movs	r3, #16
 1045 003e 0320     		movs	r0, #3
 1046 0040 E363     		str	r3, [r4, #60]
 1047 0042 10BD     		pop	{r4, pc}
 1048              	.L129:
 1049 0044 2368     		ldr	r3, [r4]
 1050 0046 5A69     		ldr	r2, [r3, #20]
 1051 0048 5206     		lsls	r2, r2, #25
 1052 004a 0FD5     		bpl	.L131
 1053 004c 5A69     		ldr	r2, [r3, #20]
 1054 004e 606B     		ldr	r0, [r4, #52]
 1055 0050 22F04002 		bic	r2, r2, #64
 1056 0054 5A61     		str	r2, [r3, #20]
 1057 0056 48B1     		cbz	r0, .L131
 1058 0058 0023     		movs	r3, #0
 1059 005a 4363     		str	r3, [r0, #52]
 1060 005c FFF7FEFF 		bl	HAL_DMA_Abort
 1061 0060 20B1     		cbz	r0, .L131
 1062 0062 606B     		ldr	r0, [r4, #52]
 1063 0064 FFF7FEFF 		bl	HAL_DMA_GetError
 1064 0068 2028     		cmp	r0, #32
 1065 006a E7D0     		beq	.L150
ARM GAS  /tmp/ccvRU0nC.s 			page 19


 1066              	.L131:
 1067 006c 0020     		movs	r0, #0
 1068 006e 2023     		movs	r3, #32
 1069 0070 E084     		strh	r0, [r4, #38]	@ movhi
 1070 0072 E085     		strh	r0, [r4, #46]	@ movhi
 1071 0074 E063     		str	r0, [r4, #60]
 1072 0076 84F83A30 		strb	r3, [r4, #58]
 1073 007a 84F83930 		strb	r3, [r4, #57]
 1074 007e 10BD     		pop	{r4, pc}
 1076              		.section	.text.HAL_UART_AbortTransmit,"ax",%progbits
 1077              		.align	1
 1078              		.global	HAL_UART_AbortTransmit
 1079              		.syntax unified
 1080              		.thumb
 1081              		.thumb_func
 1082              		.fpu softvfp
 1084              	HAL_UART_AbortTransmit:
 1085              		@ args = 0, pretend = 0, frame = 0
 1086              		@ frame_needed = 0, uses_anonymous_args = 0
 1087 0000 0368     		ldr	r3, [r0]
 1088 0002 10B5     		push	{r4, lr}
 1089 0004 DA68     		ldr	r2, [r3, #12]
 1090 0006 0446     		mov	r4, r0
 1091 0008 22F0C002 		bic	r2, r2, #192
 1092 000c DA60     		str	r2, [r3, #12]
 1093 000e 5A69     		ldr	r2, [r3, #20]
 1094 0010 1206     		lsls	r2, r2, #24
 1095 0012 13D5     		bpl	.L152
 1096 0014 5A69     		ldr	r2, [r3, #20]
 1097 0016 006B     		ldr	r0, [r0, #48]
 1098 0018 22F08002 		bic	r2, r2, #128
 1099 001c 5A61     		str	r2, [r3, #20]
 1100 001e 68B1     		cbz	r0, .L152
 1101 0020 0023     		movs	r3, #0
 1102 0022 4363     		str	r3, [r0, #52]
 1103 0024 FFF7FEFF 		bl	HAL_DMA_Abort
 1104 0028 40B1     		cbz	r0, .L152
 1105 002a 206B     		ldr	r0, [r4, #48]
 1106 002c FFF7FEFF 		bl	HAL_DMA_GetError
 1107 0030 2028     		cmp	r0, #32
 1108 0032 03D1     		bne	.L152
 1109 0034 1023     		movs	r3, #16
 1110 0036 0320     		movs	r0, #3
 1111 0038 E363     		str	r3, [r4, #60]
 1112 003a 10BD     		pop	{r4, pc}
 1113              	.L152:
 1114 003c 0020     		movs	r0, #0
 1115 003e 2023     		movs	r3, #32
 1116 0040 E084     		strh	r0, [r4, #38]	@ movhi
 1117 0042 84F83930 		strb	r3, [r4, #57]
 1118 0046 10BD     		pop	{r4, pc}
 1120              		.section	.text.HAL_UART_AbortReceive,"ax",%progbits
 1121              		.align	1
 1122              		.global	HAL_UART_AbortReceive
 1123              		.syntax unified
 1124              		.thumb
 1125              		.thumb_func
ARM GAS  /tmp/ccvRU0nC.s 			page 20


 1126              		.fpu softvfp
 1128              	HAL_UART_AbortReceive:
 1129              		@ args = 0, pretend = 0, frame = 0
 1130              		@ frame_needed = 0, uses_anonymous_args = 0
 1131 0000 0368     		ldr	r3, [r0]
 1132 0002 10B5     		push	{r4, lr}
 1133 0004 DA68     		ldr	r2, [r3, #12]
 1134 0006 0446     		mov	r4, r0
 1135 0008 22F49072 		bic	r2, r2, #288
 1136 000c DA60     		str	r2, [r3, #12]
 1137 000e 5A69     		ldr	r2, [r3, #20]
 1138 0010 22F00102 		bic	r2, r2, #1
 1139 0014 5A61     		str	r2, [r3, #20]
 1140 0016 5A69     		ldr	r2, [r3, #20]
 1141 0018 5206     		lsls	r2, r2, #25
 1142 001a 13D5     		bpl	.L164
 1143 001c 5A69     		ldr	r2, [r3, #20]
 1144 001e 406B     		ldr	r0, [r0, #52]
 1145 0020 22F04002 		bic	r2, r2, #64
 1146 0024 5A61     		str	r2, [r3, #20]
 1147 0026 68B1     		cbz	r0, .L164
 1148 0028 0023     		movs	r3, #0
 1149 002a 4363     		str	r3, [r0, #52]
 1150 002c FFF7FEFF 		bl	HAL_DMA_Abort
 1151 0030 40B1     		cbz	r0, .L164
 1152 0032 606B     		ldr	r0, [r4, #52]
 1153 0034 FFF7FEFF 		bl	HAL_DMA_GetError
 1154 0038 2028     		cmp	r0, #32
 1155 003a 03D1     		bne	.L164
 1156 003c 1023     		movs	r3, #16
 1157 003e 0320     		movs	r0, #3
 1158 0040 E363     		str	r3, [r4, #60]
 1159 0042 10BD     		pop	{r4, pc}
 1160              	.L164:
 1161 0044 0020     		movs	r0, #0
 1162 0046 2023     		movs	r3, #32
 1163 0048 E085     		strh	r0, [r4, #46]	@ movhi
 1164 004a 84F83A30 		strb	r3, [r4, #58]
 1165 004e 10BD     		pop	{r4, pc}
 1167              		.section	.text.HAL_UART_TxCpltCallback,"ax",%progbits
 1168              		.align	1
 1169              		.weak	HAL_UART_TxCpltCallback
 1170              		.syntax unified
 1171              		.thumb
 1172              		.thumb_func
 1173              		.fpu softvfp
 1175              	HAL_UART_TxCpltCallback:
 1176              		@ args = 0, pretend = 0, frame = 0
 1177              		@ frame_needed = 0, uses_anonymous_args = 0
 1178              		@ link register save eliminated.
 1179 0000 7047     		bx	lr
 1181              		.section	.text.UART_DMATransmitCplt,"ax",%progbits
 1182              		.align	1
 1183              		.syntax unified
 1184              		.thumb
 1185              		.thumb_func
 1186              		.fpu softvfp
ARM GAS  /tmp/ccvRU0nC.s 			page 21


 1188              	UART_DMATransmitCplt:
 1189              		@ args = 0, pretend = 0, frame = 0
 1190              		@ frame_needed = 0, uses_anonymous_args = 0
 1191 0000 08B5     		push	{r3, lr}
 1192 0002 0368     		ldr	r3, [r0]
 1193 0004 426A     		ldr	r2, [r0, #36]
 1194 0006 1B68     		ldr	r3, [r3]
 1195 0008 13F02003 		ands	r3, r3, #32
 1196 000c 0AD1     		bne	.L177
 1197 000e D384     		strh	r3, [r2, #38]	@ movhi
 1198 0010 1368     		ldr	r3, [r2]
 1199 0012 5A69     		ldr	r2, [r3, #20]
 1200 0014 22F08002 		bic	r2, r2, #128
 1201 0018 5A61     		str	r2, [r3, #20]
 1202 001a DA68     		ldr	r2, [r3, #12]
 1203 001c 42F04002 		orr	r2, r2, #64
 1204 0020 DA60     		str	r2, [r3, #12]
 1205 0022 08BD     		pop	{r3, pc}
 1206              	.L177:
 1207 0024 1046     		mov	r0, r2
 1208 0026 FFF7FEFF 		bl	HAL_UART_TxCpltCallback
 1209 002a 08BD     		pop	{r3, pc}
 1211              		.section	.text.HAL_UART_TxHalfCpltCallback,"ax",%progbits
 1212              		.align	1
 1213              		.weak	HAL_UART_TxHalfCpltCallback
 1214              		.syntax unified
 1215              		.thumb
 1216              		.thumb_func
 1217              		.fpu softvfp
 1219              	HAL_UART_TxHalfCpltCallback:
 1220              		@ args = 0, pretend = 0, frame = 0
 1221              		@ frame_needed = 0, uses_anonymous_args = 0
 1222              		@ link register save eliminated.
 1223 0000 7047     		bx	lr
 1225              		.section	.text.UART_DMATxHalfCplt,"ax",%progbits
 1226              		.align	1
 1227              		.syntax unified
 1228              		.thumb
 1229              		.thumb_func
 1230              		.fpu softvfp
 1232              	UART_DMATxHalfCplt:
 1233              		@ args = 0, pretend = 0, frame = 0
 1234              		@ frame_needed = 0, uses_anonymous_args = 0
 1235 0000 08B5     		push	{r3, lr}
 1236 0002 406A     		ldr	r0, [r0, #36]
 1237 0004 FFF7FEFF 		bl	HAL_UART_TxHalfCpltCallback
 1238 0008 08BD     		pop	{r3, pc}
 1240              		.section	.text.HAL_UART_RxCpltCallback,"ax",%progbits
 1241              		.align	1
 1242              		.weak	HAL_UART_RxCpltCallback
 1243              		.syntax unified
 1244              		.thumb
 1245              		.thumb_func
 1246              		.fpu softvfp
 1248              	HAL_UART_RxCpltCallback:
 1249              		@ args = 0, pretend = 0, frame = 0
 1250              		@ frame_needed = 0, uses_anonymous_args = 0
ARM GAS  /tmp/ccvRU0nC.s 			page 22


 1251              		@ link register save eliminated.
 1252 0000 7047     		bx	lr
 1254              		.section	.text.UART_DMAReceiveCplt,"ax",%progbits
 1255              		.align	1
 1256              		.syntax unified
 1257              		.thumb
 1258              		.thumb_func
 1259              		.fpu softvfp
 1261              	UART_DMAReceiveCplt:
 1262              		@ args = 0, pretend = 0, frame = 0
 1263              		@ frame_needed = 0, uses_anonymous_args = 0
 1264 0000 08B5     		push	{r3, lr}
 1265 0002 0368     		ldr	r3, [r0]
 1266 0004 426A     		ldr	r2, [r0, #36]
 1267 0006 1B68     		ldr	r3, [r3]
 1268 0008 13F02003 		ands	r3, r3, #32
 1269 000c 10D1     		bne	.L183
 1270 000e D385     		strh	r3, [r2, #46]	@ movhi
 1271 0010 1368     		ldr	r3, [r2]
 1272 0012 D968     		ldr	r1, [r3, #12]
 1273 0014 21F48071 		bic	r1, r1, #256
 1274 0018 D960     		str	r1, [r3, #12]
 1275 001a 5969     		ldr	r1, [r3, #20]
 1276 001c 21F00101 		bic	r1, r1, #1
 1277 0020 5961     		str	r1, [r3, #20]
 1278 0022 5969     		ldr	r1, [r3, #20]
 1279 0024 21F04001 		bic	r1, r1, #64
 1280 0028 5961     		str	r1, [r3, #20]
 1281 002a 2023     		movs	r3, #32
 1282 002c 82F83A30 		strb	r3, [r2, #58]
 1283              	.L183:
 1284 0030 1046     		mov	r0, r2
 1285 0032 FFF7FEFF 		bl	HAL_UART_RxCpltCallback
 1286 0036 08BD     		pop	{r3, pc}
 1288              		.section	.text.UART_Receive_IT,"ax",%progbits
 1289              		.align	1
 1290              		.syntax unified
 1291              		.thumb
 1292              		.thumb_func
 1293              		.fpu softvfp
 1295              	UART_Receive_IT:
 1296              		@ args = 0, pretend = 0, frame = 0
 1297              		@ frame_needed = 0, uses_anonymous_args = 0
 1298 0000 90F83A30 		ldrb	r3, [r0, #58]	@ zero_extendqisi2
 1299 0004 10B5     		push	{r4, lr}
 1300 0006 222B     		cmp	r3, #34
 1301 0008 36D1     		bne	.L190
 1302 000a 8368     		ldr	r3, [r0, #8]
 1303 000c 0169     		ldr	r1, [r0, #16]
 1304 000e B3F5805F 		cmp	r3, #4096
 1305 0012 0268     		ldr	r2, [r0]
 1306 0014 836A     		ldr	r3, [r0, #40]
 1307 0016 23D1     		bne	.L186
 1308 0018 5268     		ldr	r2, [r2, #4]
 1309 001a E9B9     		cbnz	r1, .L187
 1310 001c C2F30802 		ubfx	r2, r2, #0, #9
 1311 0020 23F8022B 		strh	r2, [r3], #2	@ movhi
ARM GAS  /tmp/ccvRU0nC.s 			page 23


 1312              	.L192:
 1313 0024 8362     		str	r3, [r0, #40]
 1314              	.L188:
 1315 0026 C48D     		ldrh	r4, [r0, #46]
 1316 0028 013C     		subs	r4, r4, #1
 1317 002a A4B2     		uxth	r4, r4
 1318 002c C485     		strh	r4, [r0, #46]	@ movhi
 1319 002e 8CB9     		cbnz	r4, .L191
 1320 0030 0368     		ldr	r3, [r0]
 1321 0032 DA68     		ldr	r2, [r3, #12]
 1322 0034 22F02002 		bic	r2, r2, #32
 1323 0038 DA60     		str	r2, [r3, #12]
 1324 003a DA68     		ldr	r2, [r3, #12]
 1325 003c 22F48072 		bic	r2, r2, #256
 1326 0040 DA60     		str	r2, [r3, #12]
 1327 0042 5A69     		ldr	r2, [r3, #20]
 1328 0044 22F00102 		bic	r2, r2, #1
 1329 0048 5A61     		str	r2, [r3, #20]
 1330 004a 2023     		movs	r3, #32
 1331 004c 80F83A30 		strb	r3, [r0, #58]
 1332 0050 FFF7FEFF 		bl	HAL_UART_RxCpltCallback
 1333              	.L191:
 1334 0054 0020     		movs	r0, #0
 1335 0056 10BD     		pop	{r4, pc}
 1336              	.L187:
 1337 0058 D2B2     		uxtb	r2, r2
 1338 005a 23F8012B 		strh	r2, [r3], #1	@ movhi
 1339 005e E1E7     		b	.L192
 1340              	.L186:
 1341 0060 21B9     		cbnz	r1, .L189
 1342 0062 591C     		adds	r1, r3, #1
 1343 0064 5268     		ldr	r2, [r2, #4]
 1344 0066 8162     		str	r1, [r0, #40]
 1345              	.L193:
 1346 0068 1A70     		strb	r2, [r3]
 1347 006a DCE7     		b	.L188
 1348              	.L189:
 1349 006c 5268     		ldr	r2, [r2, #4]
 1350 006e 591C     		adds	r1, r3, #1
 1351 0070 8162     		str	r1, [r0, #40]
 1352 0072 02F07F02 		and	r2, r2, #127
 1353 0076 F7E7     		b	.L193
 1354              	.L190:
 1355 0078 0220     		movs	r0, #2
 1356 007a 10BD     		pop	{r4, pc}
 1358              		.section	.text.HAL_UART_RxHalfCpltCallback,"ax",%progbits
 1359              		.align	1
 1360              		.weak	HAL_UART_RxHalfCpltCallback
 1361              		.syntax unified
 1362              		.thumb
 1363              		.thumb_func
 1364              		.fpu softvfp
 1366              	HAL_UART_RxHalfCpltCallback:
 1367              		@ args = 0, pretend = 0, frame = 0
 1368              		@ frame_needed = 0, uses_anonymous_args = 0
 1369              		@ link register save eliminated.
 1370 0000 7047     		bx	lr
ARM GAS  /tmp/ccvRU0nC.s 			page 24


 1372              		.section	.text.UART_DMARxHalfCplt,"ax",%progbits
 1373              		.align	1
 1374              		.syntax unified
 1375              		.thumb
 1376              		.thumb_func
 1377              		.fpu softvfp
 1379              	UART_DMARxHalfCplt:
 1380              		@ args = 0, pretend = 0, frame = 0
 1381              		@ frame_needed = 0, uses_anonymous_args = 0
 1382 0000 08B5     		push	{r3, lr}
 1383 0002 406A     		ldr	r0, [r0, #36]
 1384 0004 FFF7FEFF 		bl	HAL_UART_RxHalfCpltCallback
 1385 0008 08BD     		pop	{r3, pc}
 1387              		.section	.text.HAL_UART_ErrorCallback,"ax",%progbits
 1388              		.align	1
 1389              		.weak	HAL_UART_ErrorCallback
 1390              		.syntax unified
 1391              		.thumb
 1392              		.thumb_func
 1393              		.fpu softvfp
 1395              	HAL_UART_ErrorCallback:
 1396              		@ args = 0, pretend = 0, frame = 0
 1397              		@ frame_needed = 0, uses_anonymous_args = 0
 1398              		@ link register save eliminated.
 1399 0000 7047     		bx	lr
 1401              		.section	.text.UART_DMAError,"ax",%progbits
 1402              		.align	1
 1403              		.syntax unified
 1404              		.thumb
 1405              		.thumb_func
 1406              		.fpu softvfp
 1408              	UART_DMAError:
 1409              		@ args = 0, pretend = 0, frame = 0
 1410              		@ frame_needed = 0, uses_anonymous_args = 0
 1411 0000 416A     		ldr	r1, [r0, #36]
 1412 0002 08B5     		push	{r3, lr}
 1413 0004 0B68     		ldr	r3, [r1]
 1414 0006 5A69     		ldr	r2, [r3, #20]
 1415 0008 91F83900 		ldrb	r0, [r1, #57]	@ zero_extendqisi2
 1416 000c 2128     		cmp	r0, #33
 1417 000e 0AD1     		bne	.L198
 1418 0010 1206     		lsls	r2, r2, #24
 1419 0012 08D5     		bpl	.L198
 1420 0014 0022     		movs	r2, #0
 1421 0016 CA84     		strh	r2, [r1, #38]	@ movhi
 1422 0018 DA68     		ldr	r2, [r3, #12]
 1423 001a 22F0C002 		bic	r2, r2, #192
 1424 001e DA60     		str	r2, [r3, #12]
 1425 0020 2022     		movs	r2, #32
 1426 0022 81F83920 		strb	r2, [r1, #57]
 1427              	.L198:
 1428 0026 5B69     		ldr	r3, [r3, #20]
 1429 0028 91F83A20 		ldrb	r2, [r1, #58]	@ zero_extendqisi2
 1430 002c 222A     		cmp	r2, #34
 1431 002e 06D1     		bne	.L199
 1432 0030 5B06     		lsls	r3, r3, #25
 1433 0032 04D5     		bpl	.L199
ARM GAS  /tmp/ccvRU0nC.s 			page 25


 1434 0034 0023     		movs	r3, #0
 1435 0036 0846     		mov	r0, r1
 1436 0038 CB85     		strh	r3, [r1, #46]	@ movhi
 1437 003a FFF7FEFF 		bl	UART_EndRxTransfer
 1438              	.L199:
 1439 003e CB6B     		ldr	r3, [r1, #60]
 1440 0040 0846     		mov	r0, r1
 1441 0042 43F01003 		orr	r3, r3, #16
 1442 0046 CB63     		str	r3, [r1, #60]
 1443 0048 FFF7FEFF 		bl	HAL_UART_ErrorCallback
 1444 004c 08BD     		pop	{r3, pc}
 1446              		.section	.text.HAL_UART_IRQHandler,"ax",%progbits
 1447              		.align	1
 1448              		.global	HAL_UART_IRQHandler
 1449              		.syntax unified
 1450              		.thumb
 1451              		.thumb_func
 1452              		.fpu softvfp
 1454              	HAL_UART_IRQHandler:
 1455              		@ args = 0, pretend = 0, frame = 0
 1456              		@ frame_needed = 0, uses_anonymous_args = 0
 1457 0000 0368     		ldr	r3, [r0]
 1458 0002 70B5     		push	{r4, r5, r6, lr}
 1459 0004 1A68     		ldr	r2, [r3]
 1460 0006 0446     		mov	r4, r0
 1461 0008 1607     		lsls	r6, r2, #28
 1462 000a D968     		ldr	r1, [r3, #12]
 1463 000c 5D69     		ldr	r5, [r3, #20]
 1464 000e 07D1     		bne	.L207
 1465 0010 9606     		lsls	r6, r2, #26
 1466 0012 5AD5     		bpl	.L208
 1467 0014 8D06     		lsls	r5, r1, #26
 1468 0016 58D5     		bpl	.L208
 1469 0018 BDE87040 		pop	{r4, r5, r6, lr}
 1470 001c FFF7FEBF 		b	UART_Receive_IT
 1471              	.L207:
 1472 0020 15F00105 		ands	r5, r5, #1
 1473 0024 02D1     		bne	.L209
 1474 0026 11F4907F 		tst	r1, #288
 1475 002a 4ED0     		beq	.L208
 1476              	.L209:
 1477 002c D307     		lsls	r3, r2, #31
 1478 002e 05D5     		bpl	.L210
 1479 0030 CE05     		lsls	r6, r1, #23
 1480 0032 42BF     		ittt	mi
 1481 0034 E36B     		ldrmi	r3, [r4, #60]
 1482 0036 43F00103 		orrmi	r3, r3, #1
 1483 003a E363     		strmi	r3, [r4, #60]
 1484              	.L210:
 1485 003c 5007     		lsls	r0, r2, #29
 1486 003e 04D5     		bpl	.L211
 1487 0040 1DB1     		cbz	r5, .L211
 1488 0042 E36B     		ldr	r3, [r4, #60]
 1489 0044 43F00203 		orr	r3, r3, #2
 1490 0048 E363     		str	r3, [r4, #60]
 1491              	.L211:
 1492 004a 9307     		lsls	r3, r2, #30
ARM GAS  /tmp/ccvRU0nC.s 			page 26


 1493 004c 04D5     		bpl	.L212
 1494 004e 1DB1     		cbz	r5, .L212
 1495 0050 E36B     		ldr	r3, [r4, #60]
 1496 0052 43F00403 		orr	r3, r3, #4
 1497 0056 E363     		str	r3, [r4, #60]
 1498              	.L212:
 1499 0058 1607     		lsls	r6, r2, #28
 1500 005a 04D5     		bpl	.L213
 1501 005c 1DB1     		cbz	r5, .L213
 1502 005e E36B     		ldr	r3, [r4, #60]
 1503 0060 43F00803 		orr	r3, r3, #8
 1504 0064 E363     		str	r3, [r4, #60]
 1505              	.L213:
 1506 0066 E36B     		ldr	r3, [r4, #60]
 1507 0068 002B     		cmp	r3, #0
 1508 006a 66D0     		beq	.L206
 1509 006c 9506     		lsls	r5, r2, #26
 1510 006e 04D5     		bpl	.L216
 1511 0070 8806     		lsls	r0, r1, #26
 1512 0072 02D5     		bpl	.L216
 1513 0074 2046     		mov	r0, r4
 1514 0076 FFF7FEFF 		bl	UART_Receive_IT
 1515              	.L216:
 1516 007a 2368     		ldr	r3, [r4]
 1517 007c 2046     		mov	r0, r4
 1518 007e 5D69     		ldr	r5, [r3, #20]
 1519 0080 E26B     		ldr	r2, [r4, #60]
 1520 0082 1107     		lsls	r1, r2, #28
 1521 0084 02D4     		bmi	.L217
 1522 0086 15F04005 		ands	r5, r5, #64
 1523 008a 1AD0     		beq	.L218
 1524              	.L217:
 1525 008c FFF7FEFF 		bl	UART_EndRxTransfer
 1526 0090 2368     		ldr	r3, [r4]
 1527 0092 5A69     		ldr	r2, [r3, #20]
 1528 0094 5206     		lsls	r2, r2, #25
 1529 0096 10D5     		bpl	.L219
 1530 0098 5A69     		ldr	r2, [r3, #20]
 1531 009a 606B     		ldr	r0, [r4, #52]
 1532 009c 22F04002 		bic	r2, r2, #64
 1533 00a0 5A61     		str	r2, [r3, #20]
 1534 00a2 50B1     		cbz	r0, .L219
 1535 00a4 254B     		ldr	r3, .L286
 1536 00a6 4363     		str	r3, [r0, #52]
 1537 00a8 FFF7FEFF 		bl	HAL_DMA_Abort_IT
 1538 00ac 0028     		cmp	r0, #0
 1539 00ae 44D0     		beq	.L206
 1540 00b0 606B     		ldr	r0, [r4, #52]
 1541 00b2 BDE87040 		pop	{r4, r5, r6, lr}
 1542 00b6 436B     		ldr	r3, [r0, #52]
 1543 00b8 1847     		bx	r3	@ indirect register sibling call
 1544              	.L219:
 1545 00ba 2046     		mov	r0, r4
 1546 00bc FFF7FEFF 		bl	HAL_UART_ErrorCallback
 1547 00c0 70BD     		pop	{r4, r5, r6, pc}
 1548              	.L218:
 1549 00c2 FFF7FEFF 		bl	HAL_UART_ErrorCallback
ARM GAS  /tmp/ccvRU0nC.s 			page 27


 1550 00c6 E563     		str	r5, [r4, #60]
 1551 00c8 70BD     		pop	{r4, r5, r6, pc}
 1552              	.L208:
 1553 00ca 1606     		lsls	r6, r2, #24
 1554 00cc 27D5     		bpl	.L221
 1555 00ce 0D06     		lsls	r5, r1, #24
 1556 00d0 25D5     		bpl	.L221
 1557 00d2 94F83920 		ldrb	r2, [r4, #57]	@ zero_extendqisi2
 1558 00d6 212A     		cmp	r2, #33
 1559 00d8 2FD1     		bne	.L206
 1560 00da A268     		ldr	r2, [r4, #8]
 1561 00dc B2F5805F 		cmp	r2, #4096
 1562 00e0 226A     		ldr	r2, [r4, #32]
 1563 00e2 17D1     		bne	.L222
 1564 00e4 1188     		ldrh	r1, [r2]
 1565 00e6 C1F30801 		ubfx	r1, r1, #0, #9
 1566 00ea 5960     		str	r1, [r3, #4]
 1567 00ec 2169     		ldr	r1, [r4, #16]
 1568 00ee 79B9     		cbnz	r1, .L223
 1569 00f0 0232     		adds	r2, r2, #2
 1570              	.L285:
 1571 00f2 2262     		str	r2, [r4, #32]
 1572              	.L224:
 1573 00f4 E28C     		ldrh	r2, [r4, #38]
 1574 00f6 013A     		subs	r2, r2, #1
 1575 00f8 92B2     		uxth	r2, r2
 1576 00fa E284     		strh	r2, [r4, #38]	@ movhi
 1577 00fc EAB9     		cbnz	r2, .L206
 1578 00fe DA68     		ldr	r2, [r3, #12]
 1579 0100 22F08002 		bic	r2, r2, #128
 1580 0104 DA60     		str	r2, [r3, #12]
 1581 0106 DA68     		ldr	r2, [r3, #12]
 1582 0108 42F04002 		orr	r2, r2, #64
 1583 010c DA60     		str	r2, [r3, #12]
 1584 010e 70BD     		pop	{r4, r5, r6, pc}
 1585              	.L223:
 1586 0110 0132     		adds	r2, r2, #1
 1587 0112 EEE7     		b	.L285
 1588              	.L222:
 1589 0114 511C     		adds	r1, r2, #1
 1590 0116 2162     		str	r1, [r4, #32]
 1591 0118 1278     		ldrb	r2, [r2]	@ zero_extendqisi2
 1592 011a 5A60     		str	r2, [r3, #4]
 1593 011c EAE7     		b	.L224
 1594              	.L221:
 1595 011e 5006     		lsls	r0, r2, #25
 1596 0120 0BD5     		bpl	.L206
 1597 0122 4A06     		lsls	r2, r1, #25
 1598 0124 09D5     		bpl	.L206
 1599 0126 DA68     		ldr	r2, [r3, #12]
 1600 0128 2046     		mov	r0, r4
 1601 012a 22F04002 		bic	r2, r2, #64
 1602 012e DA60     		str	r2, [r3, #12]
 1603 0130 2023     		movs	r3, #32
 1604 0132 84F83930 		strb	r3, [r4, #57]
 1605 0136 FFF7FEFF 		bl	HAL_UART_TxCpltCallback
 1606              	.L206:
ARM GAS  /tmp/ccvRU0nC.s 			page 28


 1607 013a 70BD     		pop	{r4, r5, r6, pc}
 1608              	.L287:
 1609              		.align	2
 1610              	.L286:
 1611 013c 00000000 		.word	UART_DMAAbortOnError
 1613              		.section	.text.UART_DMAAbortOnError,"ax",%progbits
 1614              		.align	1
 1615              		.syntax unified
 1616              		.thumb
 1617              		.thumb_func
 1618              		.fpu softvfp
 1620              	UART_DMAAbortOnError:
 1621              		@ args = 0, pretend = 0, frame = 0
 1622              		@ frame_needed = 0, uses_anonymous_args = 0
 1623 0000 08B5     		push	{r3, lr}
 1624 0002 0023     		movs	r3, #0
 1625 0004 406A     		ldr	r0, [r0, #36]
 1626 0006 C385     		strh	r3, [r0, #46]	@ movhi
 1627 0008 C384     		strh	r3, [r0, #38]	@ movhi
 1628 000a FFF7FEFF 		bl	HAL_UART_ErrorCallback
 1629 000e 08BD     		pop	{r3, pc}
 1631              		.section	.text.HAL_UART_AbortCpltCallback,"ax",%progbits
 1632              		.align	1
 1633              		.weak	HAL_UART_AbortCpltCallback
 1634              		.syntax unified
 1635              		.thumb
 1636              		.thumb_func
 1637              		.fpu softvfp
 1639              	HAL_UART_AbortCpltCallback:
 1640              		@ args = 0, pretend = 0, frame = 0
 1641              		@ frame_needed = 0, uses_anonymous_args = 0
 1642              		@ link register save eliminated.
 1643 0000 7047     		bx	lr
 1645              		.section	.text.HAL_UART_Abort_IT,"ax",%progbits
 1646              		.align	1
 1647              		.global	HAL_UART_Abort_IT
 1648              		.syntax unified
 1649              		.thumb
 1650              		.thumb_func
 1651              		.fpu softvfp
 1653              	HAL_UART_Abort_IT:
 1654              		@ args = 0, pretend = 0, frame = 0
 1655              		@ frame_needed = 0, uses_anonymous_args = 0
 1656 0000 0368     		ldr	r3, [r0]
 1657 0002 10B5     		push	{r4, lr}
 1658 0004 DA68     		ldr	r2, [r3, #12]
 1659 0006 0446     		mov	r4, r0
 1660 0008 22F4F072 		bic	r2, r2, #480
 1661 000c DA60     		str	r2, [r3, #12]
 1662 000e 5A69     		ldr	r2, [r3, #20]
 1663 0010 006B     		ldr	r0, [r0, #48]
 1664 0012 22F00102 		bic	r2, r2, #1
 1665 0016 5A61     		str	r2, [r3, #20]
 1666 0018 28B1     		cbz	r0, .L291
 1667 001a 5A69     		ldr	r2, [r3, #20]
 1668 001c 12F08002 		ands	r2, r2, #128
 1669 0020 18BF     		it	ne
ARM GAS  /tmp/ccvRU0nC.s 			page 29


 1670 0022 1F4A     		ldrne	r2, .L320
 1671 0024 4263     		str	r2, [r0, #52]
 1672              	.L291:
 1673 0026 616B     		ldr	r1, [r4, #52]
 1674 0028 29B1     		cbz	r1, .L293
 1675 002a 5A69     		ldr	r2, [r3, #20]
 1676 002c 12F04002 		ands	r2, r2, #64
 1677 0030 18BF     		it	ne
 1678 0032 1C4A     		ldrne	r2, .L320+4
 1679 0034 4A63     		str	r2, [r1, #52]
 1680              	.L293:
 1681 0036 5A69     		ldr	r2, [r3, #20]
 1682 0038 1206     		lsls	r2, r2, #24
 1683 003a 1DD4     		bmi	.L295
 1684              	.L319:
 1685 003c 0123     		movs	r3, #1
 1686              	.L296:
 1687 003e 2268     		ldr	r2, [r4]
 1688 0040 5169     		ldr	r1, [r2, #20]
 1689 0042 4906     		lsls	r1, r1, #25
 1690 0044 27D5     		bpl	.L298
 1691 0046 5169     		ldr	r1, [r2, #20]
 1692 0048 606B     		ldr	r0, [r4, #52]
 1693 004a 21F04001 		bic	r1, r1, #64
 1694 004e 5161     		str	r1, [r2, #20]
 1695 0050 08B3     		cbz	r0, .L298
 1696 0052 FFF7FEFF 		bl	HAL_DMA_Abort_IT
 1697 0056 00B3     		cbz	r0, .L300
 1698 0058 0022     		movs	r2, #0
 1699 005a 636B     		ldr	r3, [r4, #52]
 1700 005c 5A63     		str	r2, [r3, #52]
 1701              	.L301:
 1702 005e 0023     		movs	r3, #0
 1703 0060 E384     		strh	r3, [r4, #38]	@ movhi
 1704 0062 E385     		strh	r3, [r4, #46]	@ movhi
 1705 0064 E363     		str	r3, [r4, #60]
 1706 0066 2023     		movs	r3, #32
 1707 0068 2046     		mov	r0, r4
 1708 006a 84F83930 		strb	r3, [r4, #57]
 1709 006e 84F83A30 		strb	r3, [r4, #58]
 1710 0072 FFF7FEFF 		bl	HAL_UART_AbortCpltCallback
 1711 0076 10E0     		b	.L300
 1712              	.L295:
 1713 0078 5A69     		ldr	r2, [r3, #20]
 1714 007a 22F08002 		bic	r2, r2, #128
 1715 007e 5A61     		str	r2, [r3, #20]
 1716 0080 0028     		cmp	r0, #0
 1717 0082 DBD0     		beq	.L319
 1718 0084 FFF7FEFF 		bl	HAL_DMA_Abort_IT
 1719 0088 18B1     		cbz	r0, .L303
 1720 008a 0022     		movs	r2, #0
 1721 008c 236B     		ldr	r3, [r4, #48]
 1722 008e 5A63     		str	r2, [r3, #52]
 1723 0090 D4E7     		b	.L319
 1724              	.L303:
 1725 0092 0346     		mov	r3, r0
 1726 0094 D3E7     		b	.L296
ARM GAS  /tmp/ccvRU0nC.s 			page 30


 1727              	.L298:
 1728 0096 002B     		cmp	r3, #0
 1729 0098 E1D1     		bne	.L301
 1730              	.L300:
 1731 009a 0020     		movs	r0, #0
 1732 009c 10BD     		pop	{r4, pc}
 1733              	.L321:
 1734 009e 00BF     		.align	2
 1735              	.L320:
 1736 00a0 00000000 		.word	UART_DMATxAbortCallback
 1737 00a4 00000000 		.word	UART_DMARxAbortCallback
 1739              		.section	.text.UART_DMARxAbortCallback,"ax",%progbits
 1740              		.align	1
 1741              		.syntax unified
 1742              		.thumb
 1743              		.thumb_func
 1744              		.fpu softvfp
 1746              	UART_DMARxAbortCallback:
 1747              		@ args = 0, pretend = 0, frame = 0
 1748              		@ frame_needed = 0, uses_anonymous_args = 0
 1749 0000 08B5     		push	{r3, lr}
 1750 0002 0023     		movs	r3, #0
 1751 0004 406A     		ldr	r0, [r0, #36]
 1752 0006 426B     		ldr	r2, [r0, #52]
 1753 0008 5363     		str	r3, [r2, #52]
 1754 000a 026B     		ldr	r2, [r0, #48]
 1755 000c 0AB1     		cbz	r2, .L323
 1756 000e 526B     		ldr	r2, [r2, #52]
 1757 0010 4AB9     		cbnz	r2, .L322
 1758              	.L323:
 1759 0012 C384     		strh	r3, [r0, #38]	@ movhi
 1760 0014 C385     		strh	r3, [r0, #46]	@ movhi
 1761 0016 C363     		str	r3, [r0, #60]
 1762 0018 2023     		movs	r3, #32
 1763 001a 80F83930 		strb	r3, [r0, #57]
 1764 001e 80F83A30 		strb	r3, [r0, #58]
 1765 0022 FFF7FEFF 		bl	HAL_UART_AbortCpltCallback
 1766              	.L322:
 1767 0026 08BD     		pop	{r3, pc}
 1769              		.section	.text.UART_DMATxAbortCallback,"ax",%progbits
 1770              		.align	1
 1771              		.syntax unified
 1772              		.thumb
 1773              		.thumb_func
 1774              		.fpu softvfp
 1776              	UART_DMATxAbortCallback:
 1777              		@ args = 0, pretend = 0, frame = 0
 1778              		@ frame_needed = 0, uses_anonymous_args = 0
 1779 0000 08B5     		push	{r3, lr}
 1780 0002 0023     		movs	r3, #0
 1781 0004 406A     		ldr	r0, [r0, #36]
 1782 0006 026B     		ldr	r2, [r0, #48]
 1783 0008 5363     		str	r3, [r2, #52]
 1784 000a 426B     		ldr	r2, [r0, #52]
 1785 000c 0AB1     		cbz	r2, .L329
 1786 000e 526B     		ldr	r2, [r2, #52]
 1787 0010 4AB9     		cbnz	r2, .L328
ARM GAS  /tmp/ccvRU0nC.s 			page 31


 1788              	.L329:
 1789 0012 C384     		strh	r3, [r0, #38]	@ movhi
 1790 0014 C385     		strh	r3, [r0, #46]	@ movhi
 1791 0016 C363     		str	r3, [r0, #60]
 1792 0018 2023     		movs	r3, #32
 1793 001a 80F83930 		strb	r3, [r0, #57]
 1794 001e 80F83A30 		strb	r3, [r0, #58]
 1795 0022 FFF7FEFF 		bl	HAL_UART_AbortCpltCallback
 1796              	.L328:
 1797 0026 08BD     		pop	{r3, pc}
 1799              		.section	.text.HAL_UART_AbortTransmitCpltCallback,"ax",%progbits
 1800              		.align	1
 1801              		.weak	HAL_UART_AbortTransmitCpltCallback
 1802              		.syntax unified
 1803              		.thumb
 1804              		.thumb_func
 1805              		.fpu softvfp
 1807              	HAL_UART_AbortTransmitCpltCallback:
 1808              		@ args = 0, pretend = 0, frame = 0
 1809              		@ frame_needed = 0, uses_anonymous_args = 0
 1810              		@ link register save eliminated.
 1811 0000 7047     		bx	lr
 1813              		.section	.text.HAL_UART_AbortTransmit_IT,"ax",%progbits
 1814              		.align	1
 1815              		.global	HAL_UART_AbortTransmit_IT
 1816              		.syntax unified
 1817              		.thumb
 1818              		.thumb_func
 1819              		.fpu softvfp
 1821              	HAL_UART_AbortTransmit_IT:
 1822              		@ args = 0, pretend = 0, frame = 0
 1823              		@ frame_needed = 0, uses_anonymous_args = 0
 1824 0000 0368     		ldr	r3, [r0]
 1825 0002 10B5     		push	{r4, lr}
 1826 0004 DA68     		ldr	r2, [r3, #12]
 1827 0006 0446     		mov	r4, r0
 1828 0008 22F0C002 		bic	r2, r2, #192
 1829 000c DA60     		str	r2, [r3, #12]
 1830 000e 5A69     		ldr	r2, [r3, #20]
 1831 0010 12F08002 		ands	r2, r2, #128
 1832 0014 17D0     		beq	.L336
 1833 0016 5A69     		ldr	r2, [r3, #20]
 1834 0018 22F08002 		bic	r2, r2, #128
 1835 001c 5A61     		str	r2, [r3, #20]
 1836 001e 036B     		ldr	r3, [r0, #48]
 1837 0020 53B1     		cbz	r3, .L337
 1838 0022 0A4A     		ldr	r2, .L343
 1839 0024 1846     		mov	r0, r3
 1840 0026 5A63     		str	r2, [r3, #52]
 1841 0028 FFF7FEFF 		bl	HAL_DMA_Abort_IT
 1842 002c 10B1     		cbz	r0, .L338
 1843 002e 206B     		ldr	r0, [r4, #48]
 1844 0030 436B     		ldr	r3, [r0, #52]
 1845 0032 9847     		blx	r3
 1846              	.L338:
 1847 0034 0020     		movs	r0, #0
 1848 0036 10BD     		pop	{r4, pc}
ARM GAS  /tmp/ccvRU0nC.s 			page 32


 1849              	.L337:
 1850 0038 C384     		strh	r3, [r0, #38]	@ movhi
 1851              	.L342:
 1852 003a 2023     		movs	r3, #32
 1853 003c 84F83930 		strb	r3, [r4, #57]
 1854 0040 FFF7FEFF 		bl	HAL_UART_AbortTransmitCpltCallback
 1855 0044 F6E7     		b	.L338
 1856              	.L336:
 1857 0046 C284     		strh	r2, [r0, #38]	@ movhi
 1858 0048 F7E7     		b	.L342
 1859              	.L344:
 1860 004a 00BF     		.align	2
 1861              	.L343:
 1862 004c 00000000 		.word	UART_DMATxOnlyAbortCallback
 1864              		.section	.text.UART_DMATxOnlyAbortCallback,"ax",%progbits
 1865              		.align	1
 1866              		.syntax unified
 1867              		.thumb
 1868              		.thumb_func
 1869              		.fpu softvfp
 1871              	UART_DMATxOnlyAbortCallback:
 1872              		@ args = 0, pretend = 0, frame = 0
 1873              		@ frame_needed = 0, uses_anonymous_args = 0
 1874 0000 08B5     		push	{r3, lr}
 1875 0002 0023     		movs	r3, #0
 1876 0004 406A     		ldr	r0, [r0, #36]
 1877 0006 C384     		strh	r3, [r0, #38]	@ movhi
 1878 0008 2023     		movs	r3, #32
 1879 000a 80F83930 		strb	r3, [r0, #57]
 1880 000e FFF7FEFF 		bl	HAL_UART_AbortTransmitCpltCallback
 1881 0012 08BD     		pop	{r3, pc}
 1883              		.section	.text.HAL_UART_AbortReceiveCpltCallback,"ax",%progbits
 1884              		.align	1
 1885              		.weak	HAL_UART_AbortReceiveCpltCallback
 1886              		.syntax unified
 1887              		.thumb
 1888              		.thumb_func
 1889              		.fpu softvfp
 1891              	HAL_UART_AbortReceiveCpltCallback:
 1892              		@ args = 0, pretend = 0, frame = 0
 1893              		@ frame_needed = 0, uses_anonymous_args = 0
 1894              		@ link register save eliminated.
 1895 0000 7047     		bx	lr
 1897              		.section	.text.HAL_UART_AbortReceive_IT,"ax",%progbits
 1898              		.align	1
 1899              		.global	HAL_UART_AbortReceive_IT
 1900              		.syntax unified
 1901              		.thumb
 1902              		.thumb_func
 1903              		.fpu softvfp
 1905              	HAL_UART_AbortReceive_IT:
 1906              		@ args = 0, pretend = 0, frame = 0
 1907              		@ frame_needed = 0, uses_anonymous_args = 0
 1908 0000 0368     		ldr	r3, [r0]
 1909 0002 10B5     		push	{r4, lr}
 1910 0004 DA68     		ldr	r2, [r3, #12]
 1911 0006 0446     		mov	r4, r0
ARM GAS  /tmp/ccvRU0nC.s 			page 33


 1912 0008 22F49072 		bic	r2, r2, #288
 1913 000c DA60     		str	r2, [r3, #12]
 1914 000e 5A69     		ldr	r2, [r3, #20]
 1915 0010 22F00102 		bic	r2, r2, #1
 1916 0014 5A61     		str	r2, [r3, #20]
 1917 0016 5A69     		ldr	r2, [r3, #20]
 1918 0018 12F04002 		ands	r2, r2, #64
 1919 001c 17D0     		beq	.L348
 1920 001e 5A69     		ldr	r2, [r3, #20]
 1921 0020 22F04002 		bic	r2, r2, #64
 1922 0024 5A61     		str	r2, [r3, #20]
 1923 0026 436B     		ldr	r3, [r0, #52]
 1924 0028 53B1     		cbz	r3, .L349
 1925 002a 0A4A     		ldr	r2, .L355
 1926 002c 1846     		mov	r0, r3
 1927 002e 5A63     		str	r2, [r3, #52]
 1928 0030 FFF7FEFF 		bl	HAL_DMA_Abort_IT
 1929 0034 10B1     		cbz	r0, .L350
 1930 0036 606B     		ldr	r0, [r4, #52]
 1931 0038 436B     		ldr	r3, [r0, #52]
 1932 003a 9847     		blx	r3
 1933              	.L350:
 1934 003c 0020     		movs	r0, #0
 1935 003e 10BD     		pop	{r4, pc}
 1936              	.L349:
 1937 0040 C385     		strh	r3, [r0, #46]	@ movhi
 1938              	.L354:
 1939 0042 2023     		movs	r3, #32
 1940 0044 84F83A30 		strb	r3, [r4, #58]
 1941 0048 FFF7FEFF 		bl	HAL_UART_AbortReceiveCpltCallback
 1942 004c F6E7     		b	.L350
 1943              	.L348:
 1944 004e C285     		strh	r2, [r0, #46]	@ movhi
 1945 0050 F7E7     		b	.L354
 1946              	.L356:
 1947 0052 00BF     		.align	2
 1948              	.L355:
 1949 0054 00000000 		.word	UART_DMARxOnlyAbortCallback
 1951              		.section	.text.UART_DMARxOnlyAbortCallback,"ax",%progbits
 1952              		.align	1
 1953              		.syntax unified
 1954              		.thumb
 1955              		.thumb_func
 1956              		.fpu softvfp
 1958              	UART_DMARxOnlyAbortCallback:
 1959              		@ args = 0, pretend = 0, frame = 0
 1960              		@ frame_needed = 0, uses_anonymous_args = 0
 1961 0000 08B5     		push	{r3, lr}
 1962 0002 0023     		movs	r3, #0
 1963 0004 406A     		ldr	r0, [r0, #36]
 1964 0006 C385     		strh	r3, [r0, #46]	@ movhi
 1965 0008 2023     		movs	r3, #32
 1966 000a 80F83A30 		strb	r3, [r0, #58]
 1967 000e FFF7FEFF 		bl	HAL_UART_AbortReceiveCpltCallback
 1968 0012 08BD     		pop	{r3, pc}
 1970              		.section	.text.HAL_LIN_SendBreak,"ax",%progbits
 1971              		.align	1
ARM GAS  /tmp/ccvRU0nC.s 			page 34


 1972              		.global	HAL_LIN_SendBreak
 1973              		.syntax unified
 1974              		.thumb
 1975              		.thumb_func
 1976              		.fpu softvfp
 1978              	HAL_LIN_SendBreak:
 1979              		@ args = 0, pretend = 0, frame = 0
 1980              		@ frame_needed = 0, uses_anonymous_args = 0
 1981              		@ link register save eliminated.
 1982 0000 90F83830 		ldrb	r3, [r0, #56]	@ zero_extendqisi2
 1983 0004 012B     		cmp	r3, #1
 1984 0006 0FD0     		beq	.L360
 1985 0008 2423     		movs	r3, #36
 1986 000a 0268     		ldr	r2, [r0]
 1987 000c 80F83930 		strb	r3, [r0, #57]
 1988 0010 D368     		ldr	r3, [r2, #12]
 1989 0012 43F00103 		orr	r3, r3, #1
 1990 0016 D360     		str	r3, [r2, #12]
 1991 0018 2023     		movs	r3, #32
 1992 001a 80F83930 		strb	r3, [r0, #57]
 1993 001e 0023     		movs	r3, #0
 1994 0020 80F83830 		strb	r3, [r0, #56]
 1995 0024 1846     		mov	r0, r3
 1996 0026 7047     		bx	lr
 1997              	.L360:
 1998 0028 0220     		movs	r0, #2
 1999 002a 7047     		bx	lr
 2001              		.section	.text.HAL_MultiProcessor_EnterMuteMode,"ax",%progbits
 2002              		.align	1
 2003              		.global	HAL_MultiProcessor_EnterMuteMode
 2004              		.syntax unified
 2005              		.thumb
 2006              		.thumb_func
 2007              		.fpu softvfp
 2009              	HAL_MultiProcessor_EnterMuteMode:
 2010              		@ args = 0, pretend = 0, frame = 0
 2011              		@ frame_needed = 0, uses_anonymous_args = 0
 2012              		@ link register save eliminated.
 2013 0000 90F83830 		ldrb	r3, [r0, #56]	@ zero_extendqisi2
 2014 0004 012B     		cmp	r3, #1
 2015 0006 0FD0     		beq	.L363
 2016 0008 2423     		movs	r3, #36
 2017 000a 0268     		ldr	r2, [r0]
 2018 000c 80F83930 		strb	r3, [r0, #57]
 2019 0010 D368     		ldr	r3, [r2, #12]
 2020 0012 43F00203 		orr	r3, r3, #2
 2021 0016 D360     		str	r3, [r2, #12]
 2022 0018 2023     		movs	r3, #32
 2023 001a 80F83930 		strb	r3, [r0, #57]
 2024 001e 0023     		movs	r3, #0
 2025 0020 80F83830 		strb	r3, [r0, #56]
 2026 0024 1846     		mov	r0, r3
 2027 0026 7047     		bx	lr
 2028              	.L363:
 2029 0028 0220     		movs	r0, #2
 2030 002a 7047     		bx	lr
 2032              		.section	.text.HAL_MultiProcessor_ExitMuteMode,"ax",%progbits
ARM GAS  /tmp/ccvRU0nC.s 			page 35


 2033              		.align	1
 2034              		.global	HAL_MultiProcessor_ExitMuteMode
 2035              		.syntax unified
 2036              		.thumb
 2037              		.thumb_func
 2038              		.fpu softvfp
 2040              	HAL_MultiProcessor_ExitMuteMode:
 2041              		@ args = 0, pretend = 0, frame = 0
 2042              		@ frame_needed = 0, uses_anonymous_args = 0
 2043              		@ link register save eliminated.
 2044 0000 90F83830 		ldrb	r3, [r0, #56]	@ zero_extendqisi2
 2045 0004 012B     		cmp	r3, #1
 2046 0006 0FD0     		beq	.L366
 2047 0008 2423     		movs	r3, #36
 2048 000a 0268     		ldr	r2, [r0]
 2049 000c 80F83930 		strb	r3, [r0, #57]
 2050 0010 D368     		ldr	r3, [r2, #12]
 2051 0012 23F00203 		bic	r3, r3, #2
 2052 0016 D360     		str	r3, [r2, #12]
 2053 0018 2023     		movs	r3, #32
 2054 001a 80F83930 		strb	r3, [r0, #57]
 2055 001e 0023     		movs	r3, #0
 2056 0020 80F83830 		strb	r3, [r0, #56]
 2057 0024 1846     		mov	r0, r3
 2058 0026 7047     		bx	lr
 2059              	.L366:
 2060 0028 0220     		movs	r0, #2
 2061 002a 7047     		bx	lr
 2063              		.section	.text.HAL_HalfDuplex_EnableTransmitter,"ax",%progbits
 2064              		.align	1
 2065              		.global	HAL_HalfDuplex_EnableTransmitter
 2066              		.syntax unified
 2067              		.thumb
 2068              		.thumb_func
 2069              		.fpu softvfp
 2071              	HAL_HalfDuplex_EnableTransmitter:
 2072              		@ args = 0, pretend = 0, frame = 0
 2073              		@ frame_needed = 0, uses_anonymous_args = 0
 2074              		@ link register save eliminated.
 2075 0000 90F83830 		ldrb	r3, [r0, #56]	@ zero_extendqisi2
 2076 0004 012B     		cmp	r3, #1
 2077 0006 11D0     		beq	.L369
 2078 0008 2423     		movs	r3, #36
 2079 000a 0268     		ldr	r2, [r0]
 2080 000c 80F83930 		strb	r3, [r0, #57]
 2081 0010 D368     		ldr	r3, [r2, #12]
 2082 0012 23F00C03 		bic	r3, r3, #12
 2083 0016 43F00803 		orr	r3, r3, #8
 2084 001a D360     		str	r3, [r2, #12]
 2085 001c 2023     		movs	r3, #32
 2086 001e 80F83930 		strb	r3, [r0, #57]
 2087 0022 0023     		movs	r3, #0
 2088 0024 80F83830 		strb	r3, [r0, #56]
 2089 0028 1846     		mov	r0, r3
 2090 002a 7047     		bx	lr
 2091              	.L369:
 2092 002c 0220     		movs	r0, #2
ARM GAS  /tmp/ccvRU0nC.s 			page 36


 2093 002e 7047     		bx	lr
 2095              		.section	.text.HAL_HalfDuplex_EnableReceiver,"ax",%progbits
 2096              		.align	1
 2097              		.global	HAL_HalfDuplex_EnableReceiver
 2098              		.syntax unified
 2099              		.thumb
 2100              		.thumb_func
 2101              		.fpu softvfp
 2103              	HAL_HalfDuplex_EnableReceiver:
 2104              		@ args = 0, pretend = 0, frame = 0
 2105              		@ frame_needed = 0, uses_anonymous_args = 0
 2106              		@ link register save eliminated.
 2107 0000 90F83830 		ldrb	r3, [r0, #56]	@ zero_extendqisi2
 2108 0004 012B     		cmp	r3, #1
 2109 0006 11D0     		beq	.L372
 2110 0008 2423     		movs	r3, #36
 2111 000a 0268     		ldr	r2, [r0]
 2112 000c 80F83930 		strb	r3, [r0, #57]
 2113 0010 D368     		ldr	r3, [r2, #12]
 2114 0012 23F00C03 		bic	r3, r3, #12
 2115 0016 43F00403 		orr	r3, r3, #4
 2116 001a D360     		str	r3, [r2, #12]
 2117 001c 2023     		movs	r3, #32
 2118 001e 80F83930 		strb	r3, [r0, #57]
 2119 0022 0023     		movs	r3, #0
 2120 0024 80F83830 		strb	r3, [r0, #56]
 2121 0028 1846     		mov	r0, r3
 2122 002a 7047     		bx	lr
 2123              	.L372:
 2124 002c 0220     		movs	r0, #2
 2125 002e 7047     		bx	lr
 2127              		.section	.text.HAL_UART_GetState,"ax",%progbits
 2128              		.align	1
 2129              		.global	HAL_UART_GetState
 2130              		.syntax unified
 2131              		.thumb
 2132              		.thumb_func
 2133              		.fpu softvfp
 2135              	HAL_UART_GetState:
 2136              		@ args = 0, pretend = 0, frame = 0
 2137              		@ frame_needed = 0, uses_anonymous_args = 0
 2138              		@ link register save eliminated.
 2139 0000 90F83920 		ldrb	r2, [r0, #57]	@ zero_extendqisi2
 2140 0004 90F83A00 		ldrb	r0, [r0, #58]	@ zero_extendqisi2
 2141 0008 1043     		orrs	r0, r0, r2
 2142 000a 7047     		bx	lr
 2144              		.section	.text.HAL_UART_GetError,"ax",%progbits
 2145              		.align	1
 2146              		.global	HAL_UART_GetError
 2147              		.syntax unified
 2148              		.thumb
 2149              		.thumb_func
 2150              		.fpu softvfp
 2152              	HAL_UART_GetError:
 2153              		@ args = 0, pretend = 0, frame = 0
 2154              		@ frame_needed = 0, uses_anonymous_args = 0
 2155              		@ link register save eliminated.
ARM GAS  /tmp/ccvRU0nC.s 			page 37


 2156 0000 C06B     		ldr	r0, [r0, #60]
 2157 0002 7047     		bx	lr
 2159              		.ident	"GCC: (15:6.3.1+svn253039-1build1) 6.3.1 20170620"
ARM GAS  /tmp/ccvRU0nC.s 			page 38


DEFINED SYMBOLS
                            *ABS*:0000000000000000 stm32f1xx_hal_uart.c
     /tmp/ccvRU0nC.s:13     .text.UART_EndRxTransfer:0000000000000000 $t
     /tmp/ccvRU0nC.s:19     .text.UART_EndRxTransfer:0000000000000000 UART_EndRxTransfer
     /tmp/ccvRU0nC.s:35     .text.UART_SetConfig:0000000000000000 $t
     /tmp/ccvRU0nC.s:41     .text.UART_SetConfig:0000000000000000 UART_SetConfig
     /tmp/ccvRU0nC.s:93     .text.UART_SetConfig:0000000000000070 $d
     /tmp/ccvRU0nC.s:96     .text.UART_WaitOnFlagUntilTimeout.constprop.3:0000000000000000 $t
     /tmp/ccvRU0nC.s:102    .text.UART_WaitOnFlagUntilTimeout.constprop.3:0000000000000000 UART_WaitOnFlagUntilTimeout.constprop.3
     /tmp/ccvRU0nC.s:145    .text.HAL_UART_MspInit:0000000000000000 $t
     /tmp/ccvRU0nC.s:152    .text.HAL_UART_MspInit:0000000000000000 HAL_UART_MspInit
     /tmp/ccvRU0nC.s:159    .text.HAL_UART_Init:0000000000000000 $t
     /tmp/ccvRU0nC.s:166    .text.HAL_UART_Init:0000000000000000 HAL_UART_Init
     /tmp/ccvRU0nC.s:207    .text.HAL_HalfDuplex_Init:0000000000000000 $t
     /tmp/ccvRU0nC.s:214    .text.HAL_HalfDuplex_Init:0000000000000000 HAL_HalfDuplex_Init
     /tmp/ccvRU0nC.s:258    .text.HAL_LIN_Init:0000000000000000 $t
     /tmp/ccvRU0nC.s:265    .text.HAL_LIN_Init:0000000000000000 HAL_LIN_Init
     /tmp/ccvRU0nC.s:317    .text.HAL_MultiProcessor_Init:0000000000000000 $t
     /tmp/ccvRU0nC.s:324    .text.HAL_MultiProcessor_Init:0000000000000000 HAL_MultiProcessor_Init
     /tmp/ccvRU0nC.s:380    .text.HAL_UART_MspDeInit:0000000000000000 $t
     /tmp/ccvRU0nC.s:387    .text.HAL_UART_MspDeInit:0000000000000000 HAL_UART_MspDeInit
     /tmp/ccvRU0nC.s:394    .text.HAL_UART_DeInit:0000000000000000 $t
     /tmp/ccvRU0nC.s:401    .text.HAL_UART_DeInit:0000000000000000 HAL_UART_DeInit
     /tmp/ccvRU0nC.s:425    .text.HAL_UART_Transmit:0000000000000000 $t
     /tmp/ccvRU0nC.s:432    .text.HAL_UART_Transmit:0000000000000000 HAL_UART_Transmit
     /tmp/ccvRU0nC.s:518    .text.HAL_UART_Receive:0000000000000000 $t
     /tmp/ccvRU0nC.s:525    .text.HAL_UART_Receive:0000000000000000 HAL_UART_Receive
     /tmp/ccvRU0nC.s:614    .text.HAL_UART_Transmit_IT:0000000000000000 $t
     /tmp/ccvRU0nC.s:621    .text.HAL_UART_Transmit_IT:0000000000000000 HAL_UART_Transmit_IT
     /tmp/ccvRU0nC.s:655    .text.HAL_UART_Receive_IT:0000000000000000 $t
     /tmp/ccvRU0nC.s:662    .text.HAL_UART_Receive_IT:0000000000000000 HAL_UART_Receive_IT
     /tmp/ccvRU0nC.s:702    .text.HAL_UART_Transmit_DMA:0000000000000000 $t
     /tmp/ccvRU0nC.s:709    .text.HAL_UART_Transmit_DMA:0000000000000000 HAL_UART_Transmit_DMA
     /tmp/ccvRU0nC.s:761    .text.HAL_UART_Transmit_DMA:0000000000000068 $d
     /tmp/ccvRU0nC.s:1188   .text.UART_DMATransmitCplt:0000000000000000 UART_DMATransmitCplt
     /tmp/ccvRU0nC.s:1232   .text.UART_DMATxHalfCplt:0000000000000000 UART_DMATxHalfCplt
     /tmp/ccvRU0nC.s:1408   .text.UART_DMAError:0000000000000000 UART_DMAError
     /tmp/ccvRU0nC.s:766    .text.HAL_UART_Receive_DMA:0000000000000000 $t
     /tmp/ccvRU0nC.s:773    .text.HAL_UART_Receive_DMA:0000000000000000 HAL_UART_Receive_DMA
     /tmp/ccvRU0nC.s:840    .text.HAL_UART_Receive_DMA:0000000000000084 $d
     /tmp/ccvRU0nC.s:1261   .text.UART_DMAReceiveCplt:0000000000000000 UART_DMAReceiveCplt
     /tmp/ccvRU0nC.s:1379   .text.UART_DMARxHalfCplt:0000000000000000 UART_DMARxHalfCplt
     /tmp/ccvRU0nC.s:845    .text.HAL_UART_DMAPause:0000000000000000 $t
     /tmp/ccvRU0nC.s:852    .text.HAL_UART_DMAPause:0000000000000000 HAL_UART_DMAPause
     /tmp/ccvRU0nC.s:897    .text.HAL_UART_DMAResume:0000000000000000 $t
     /tmp/ccvRU0nC.s:904    .text.HAL_UART_DMAResume:0000000000000000 HAL_UART_DMAResume
     /tmp/ccvRU0nC.s:954    .text.HAL_UART_DMAStop:0000000000000000 $t
     /tmp/ccvRU0nC.s:961    .text.HAL_UART_DMAStop:0000000000000000 HAL_UART_DMAStop
     /tmp/ccvRU0nC.s:1008   .text.HAL_UART_Abort:0000000000000000 $t
     /tmp/ccvRU0nC.s:1015   .text.HAL_UART_Abort:0000000000000000 HAL_UART_Abort
     /tmp/ccvRU0nC.s:1077   .text.HAL_UART_AbortTransmit:0000000000000000 $t
     /tmp/ccvRU0nC.s:1084   .text.HAL_UART_AbortTransmit:0000000000000000 HAL_UART_AbortTransmit
     /tmp/ccvRU0nC.s:1121   .text.HAL_UART_AbortReceive:0000000000000000 $t
     /tmp/ccvRU0nC.s:1128   .text.HAL_UART_AbortReceive:0000000000000000 HAL_UART_AbortReceive
     /tmp/ccvRU0nC.s:1168   .text.HAL_UART_TxCpltCallback:0000000000000000 $t
     /tmp/ccvRU0nC.s:1175   .text.HAL_UART_TxCpltCallback:0000000000000000 HAL_UART_TxCpltCallback
     /tmp/ccvRU0nC.s:1182   .text.UART_DMATransmitCplt:0000000000000000 $t
ARM GAS  /tmp/ccvRU0nC.s 			page 39


     /tmp/ccvRU0nC.s:1212   .text.HAL_UART_TxHalfCpltCallback:0000000000000000 $t
     /tmp/ccvRU0nC.s:1219   .text.HAL_UART_TxHalfCpltCallback:0000000000000000 HAL_UART_TxHalfCpltCallback
     /tmp/ccvRU0nC.s:1226   .text.UART_DMATxHalfCplt:0000000000000000 $t
     /tmp/ccvRU0nC.s:1241   .text.HAL_UART_RxCpltCallback:0000000000000000 $t
     /tmp/ccvRU0nC.s:1248   .text.HAL_UART_RxCpltCallback:0000000000000000 HAL_UART_RxCpltCallback
     /tmp/ccvRU0nC.s:1255   .text.UART_DMAReceiveCplt:0000000000000000 $t
     /tmp/ccvRU0nC.s:1289   .text.UART_Receive_IT:0000000000000000 $t
     /tmp/ccvRU0nC.s:1295   .text.UART_Receive_IT:0000000000000000 UART_Receive_IT
     /tmp/ccvRU0nC.s:1359   .text.HAL_UART_RxHalfCpltCallback:0000000000000000 $t
     /tmp/ccvRU0nC.s:1366   .text.HAL_UART_RxHalfCpltCallback:0000000000000000 HAL_UART_RxHalfCpltCallback
     /tmp/ccvRU0nC.s:1373   .text.UART_DMARxHalfCplt:0000000000000000 $t
     /tmp/ccvRU0nC.s:1388   .text.HAL_UART_ErrorCallback:0000000000000000 $t
     /tmp/ccvRU0nC.s:1395   .text.HAL_UART_ErrorCallback:0000000000000000 HAL_UART_ErrorCallback
     /tmp/ccvRU0nC.s:1402   .text.UART_DMAError:0000000000000000 $t
     /tmp/ccvRU0nC.s:1447   .text.HAL_UART_IRQHandler:0000000000000000 $t
     /tmp/ccvRU0nC.s:1454   .text.HAL_UART_IRQHandler:0000000000000000 HAL_UART_IRQHandler
     /tmp/ccvRU0nC.s:1611   .text.HAL_UART_IRQHandler:000000000000013c $d
     /tmp/ccvRU0nC.s:1620   .text.UART_DMAAbortOnError:0000000000000000 UART_DMAAbortOnError
     /tmp/ccvRU0nC.s:1614   .text.UART_DMAAbortOnError:0000000000000000 $t
     /tmp/ccvRU0nC.s:1632   .text.HAL_UART_AbortCpltCallback:0000000000000000 $t
     /tmp/ccvRU0nC.s:1639   .text.HAL_UART_AbortCpltCallback:0000000000000000 HAL_UART_AbortCpltCallback
     /tmp/ccvRU0nC.s:1646   .text.HAL_UART_Abort_IT:0000000000000000 $t
     /tmp/ccvRU0nC.s:1653   .text.HAL_UART_Abort_IT:0000000000000000 HAL_UART_Abort_IT
     /tmp/ccvRU0nC.s:1736   .text.HAL_UART_Abort_IT:00000000000000a0 $d
     /tmp/ccvRU0nC.s:1776   .text.UART_DMATxAbortCallback:0000000000000000 UART_DMATxAbortCallback
     /tmp/ccvRU0nC.s:1746   .text.UART_DMARxAbortCallback:0000000000000000 UART_DMARxAbortCallback
     /tmp/ccvRU0nC.s:1740   .text.UART_DMARxAbortCallback:0000000000000000 $t
     /tmp/ccvRU0nC.s:1770   .text.UART_DMATxAbortCallback:0000000000000000 $t
     /tmp/ccvRU0nC.s:1800   .text.HAL_UART_AbortTransmitCpltCallback:0000000000000000 $t
     /tmp/ccvRU0nC.s:1807   .text.HAL_UART_AbortTransmitCpltCallback:0000000000000000 HAL_UART_AbortTransmitCpltCallback
     /tmp/ccvRU0nC.s:1814   .text.HAL_UART_AbortTransmit_IT:0000000000000000 $t
     /tmp/ccvRU0nC.s:1821   .text.HAL_UART_AbortTransmit_IT:0000000000000000 HAL_UART_AbortTransmit_IT
     /tmp/ccvRU0nC.s:1862   .text.HAL_UART_AbortTransmit_IT:000000000000004c $d
     /tmp/ccvRU0nC.s:1871   .text.UART_DMATxOnlyAbortCallback:0000000000000000 UART_DMATxOnlyAbortCallback
     /tmp/ccvRU0nC.s:1865   .text.UART_DMATxOnlyAbortCallback:0000000000000000 $t
     /tmp/ccvRU0nC.s:1884   .text.HAL_UART_AbortReceiveCpltCallback:0000000000000000 $t
     /tmp/ccvRU0nC.s:1891   .text.HAL_UART_AbortReceiveCpltCallback:0000000000000000 HAL_UART_AbortReceiveCpltCallback
     /tmp/ccvRU0nC.s:1898   .text.HAL_UART_AbortReceive_IT:0000000000000000 $t
     /tmp/ccvRU0nC.s:1905   .text.HAL_UART_AbortReceive_IT:0000000000000000 HAL_UART_AbortReceive_IT
     /tmp/ccvRU0nC.s:1949   .text.HAL_UART_AbortReceive_IT:0000000000000054 $d
     /tmp/ccvRU0nC.s:1958   .text.UART_DMARxOnlyAbortCallback:0000000000000000 UART_DMARxOnlyAbortCallback
     /tmp/ccvRU0nC.s:1952   .text.UART_DMARxOnlyAbortCallback:0000000000000000 $t
     /tmp/ccvRU0nC.s:1971   .text.HAL_LIN_SendBreak:0000000000000000 $t
     /tmp/ccvRU0nC.s:1978   .text.HAL_LIN_SendBreak:0000000000000000 HAL_LIN_SendBreak
     /tmp/ccvRU0nC.s:2002   .text.HAL_MultiProcessor_EnterMuteMode:0000000000000000 $t
     /tmp/ccvRU0nC.s:2009   .text.HAL_MultiProcessor_EnterMuteMode:0000000000000000 HAL_MultiProcessor_EnterMuteMode
     /tmp/ccvRU0nC.s:2033   .text.HAL_MultiProcessor_ExitMuteMode:0000000000000000 $t
     /tmp/ccvRU0nC.s:2040   .text.HAL_MultiProcessor_ExitMuteMode:0000000000000000 HAL_MultiProcessor_ExitMuteMode
     /tmp/ccvRU0nC.s:2064   .text.HAL_HalfDuplex_EnableTransmitter:0000000000000000 $t
     /tmp/ccvRU0nC.s:2071   .text.HAL_HalfDuplex_EnableTransmitter:0000000000000000 HAL_HalfDuplex_EnableTransmitter
     /tmp/ccvRU0nC.s:2096   .text.HAL_HalfDuplex_EnableReceiver:0000000000000000 $t
     /tmp/ccvRU0nC.s:2103   .text.HAL_HalfDuplex_EnableReceiver:0000000000000000 HAL_HalfDuplex_EnableReceiver
     /tmp/ccvRU0nC.s:2128   .text.HAL_UART_GetState:0000000000000000 $t
     /tmp/ccvRU0nC.s:2135   .text.HAL_UART_GetState:0000000000000000 HAL_UART_GetState
     /tmp/ccvRU0nC.s:2145   .text.HAL_UART_GetError:0000000000000000 $t
     /tmp/ccvRU0nC.s:2152   .text.HAL_UART_GetError:0000000000000000 HAL_UART_GetError

ARM GAS  /tmp/ccvRU0nC.s 			page 40


UNDEFINED SYMBOLS
HAL_RCC_GetPCLK2Freq
HAL_RCC_GetPCLK1Freq
HAL_GetTick
HAL_DMA_Start_IT
HAL_DMA_Abort
HAL_DMA_GetError
HAL_DMA_Abort_IT
