ARM GAS  /tmp/ccqdNIjG.s 			page 1


   1              		.syntax unified
   2              		.cpu cortex-m3
   3              		.fpu softvfp
   4              		.eabi_attribute 20, 1
   5              		.eabi_attribute 21, 1
   6              		.eabi_attribute 23, 3
   7              		.eabi_attribute 24, 1
   8              		.eabi_attribute 25, 1
   9              		.eabi_attribute 26, 1
  10              		.eabi_attribute 30, 4
  11              		.eabi_attribute 34, 1
  12              		.eabi_attribute 18, 4
  13              		.thumb
  14              		.file	"stm32f1xx_hal.c"
  15              		.section	.text.HAL_MspInit,"ax",%progbits
  16              		.align	1
  17              		.weak	HAL_MspInit
  18              		.thumb
  19              		.thumb_func
  21              	HAL_MspInit:
  22              		@ args = 0, pretend = 0, frame = 0
  23              		@ frame_needed = 0, uses_anonymous_args = 0
  24              		@ link register save eliminated.
  25 0000 7047     		bx	lr
  27              		.section	.text.HAL_MspDeInit,"ax",%progbits
  28              		.align	1
  29              		.weak	HAL_MspDeInit
  30              		.thumb
  31              		.thumb_func
  33              	HAL_MspDeInit:
  34              		@ args = 0, pretend = 0, frame = 0
  35              		@ frame_needed = 0, uses_anonymous_args = 0
  36              		@ link register save eliminated.
  37 0000 7047     		bx	lr
  39              		.section	.text.HAL_DeInit,"ax",%progbits
  40              		.align	1
  41              		.global	HAL_DeInit
  42              		.thumb
  43              		.thumb_func
  45              	HAL_DeInit:
  46              		@ args = 0, pretend = 0, frame = 0
  47              		@ frame_needed = 0, uses_anonymous_args = 0
  48 0000 10B5     		push	{r4, lr}
  49 0002 064B     		ldr	r3, .L4
  50 0004 4FF0FF32 		mov	r2, #-1
  51 0008 0024     		movs	r4, #0
  52 000a DA60     		str	r2, [r3, #12]
  53 000c 1C61     		str	r4, [r3, #16]
  54 000e DA60     		str	r2, [r3, #12]
  55 0010 DC60     		str	r4, [r3, #12]
  56 0012 FFF7FEFF 		bl	HAL_MspDeInit
  57 0016 2046     		mov	r0, r4
  58 0018 10BD     		pop	{r4, pc}
  59              	.L5:
  60 001a 00BF     		.align	2
  61              	.L4:
  62 001c 00100240 		.word	1073876992
ARM GAS  /tmp/ccqdNIjG.s 			page 2


  64              		.section	.text.HAL_InitTick,"ax",%progbits
  65              		.align	1
  66              		.weak	HAL_InitTick
  67              		.thumb
  68              		.thumb_func
  70              	HAL_InitTick:
  71              		@ args = 0, pretend = 0, frame = 0
  72              		@ frame_needed = 0, uses_anonymous_args = 0
  73 0000 38B5     		push	{r3, r4, r5, lr}
  74 0002 0E4B     		ldr	r3, .L11
  75 0004 0546     		mov	r5, r0
  76 0006 1878     		ldrb	r0, [r3]	@ zero_extendqisi2
  77 0008 4FF47A73 		mov	r3, #1000
  78 000c B3FBF0F3 		udiv	r3, r3, r0
  79 0010 0B4A     		ldr	r2, .L11+4
  80 0012 1068     		ldr	r0, [r2]
  81 0014 B0FBF3F0 		udiv	r0, r0, r3
  82 0018 FFF7FEFF 		bl	HAL_SYSTICK_Config
  83 001c 0446     		mov	r4, r0
  84 001e 58B9     		cbnz	r0, .L9
  85 0020 0F2D     		cmp	r5, #15
  86 0022 09D8     		bhi	.L9
  87 0024 4FF0FF30 		mov	r0, #-1
  88 0028 2946     		mov	r1, r5
  89 002a 2246     		mov	r2, r4
  90 002c FFF7FEFF 		bl	HAL_NVIC_SetPriority
  91 0030 044B     		ldr	r3, .L11+8
  92 0032 2046     		mov	r0, r4
  93 0034 1D60     		str	r5, [r3]
  94 0036 38BD     		pop	{r3, r4, r5, pc}
  95              	.L9:
  96 0038 0120     		movs	r0, #1
  97 003a 38BD     		pop	{r3, r4, r5, pc}
  98              	.L12:
  99              		.align	2
 100              	.L11:
 101 003c 00000000 		.word	.LANCHOR0
 102 0040 00000000 		.word	SystemCoreClock
 103 0044 00000000 		.word	.LANCHOR1
 105              		.section	.text.HAL_Init,"ax",%progbits
 106              		.align	1
 107              		.global	HAL_Init
 108              		.thumb
 109              		.thumb_func
 111              	HAL_Init:
 112              		@ args = 0, pretend = 0, frame = 0
 113              		@ frame_needed = 0, uses_anonymous_args = 0
 114 0000 08B5     		push	{r3, lr}
 115 0002 0320     		movs	r0, #3
 116 0004 FFF7FEFF 		bl	HAL_NVIC_SetPriorityGrouping
 117 0008 0F20     		movs	r0, #15
 118 000a FFF7FEFF 		bl	HAL_InitTick
 119 000e FFF7FEFF 		bl	HAL_MspInit
 120 0012 0020     		movs	r0, #0
 121 0014 08BD     		pop	{r3, pc}
 123              		.section	.text.HAL_IncTick,"ax",%progbits
 124              		.align	1
ARM GAS  /tmp/ccqdNIjG.s 			page 3


 125              		.weak	HAL_IncTick
 126              		.thumb
 127              		.thumb_func
 129              	HAL_IncTick:
 130              		@ args = 0, pretend = 0, frame = 0
 131              		@ frame_needed = 0, uses_anonymous_args = 0
 132              		@ link register save eliminated.
 133 0000 034A     		ldr	r2, .L15
 134 0002 0449     		ldr	r1, .L15+4
 135 0004 1368     		ldr	r3, [r2]
 136 0006 0978     		ldrb	r1, [r1]	@ zero_extendqisi2
 137 0008 0B44     		add	r3, r3, r1
 138 000a 1360     		str	r3, [r2]
 139 000c 7047     		bx	lr
 140              	.L16:
 141 000e 00BF     		.align	2
 142              	.L15:
 143 0010 00000000 		.word	uwTick
 144 0014 00000000 		.word	.LANCHOR0
 146              		.section	.text.HAL_GetTick,"ax",%progbits
 147              		.align	1
 148              		.weak	HAL_GetTick
 149              		.thumb
 150              		.thumb_func
 152              	HAL_GetTick:
 153              		@ args = 0, pretend = 0, frame = 0
 154              		@ frame_needed = 0, uses_anonymous_args = 0
 155              		@ link register save eliminated.
 156 0000 014B     		ldr	r3, .L18
 157 0002 1868     		ldr	r0, [r3]
 158 0004 7047     		bx	lr
 159              	.L19:
 160 0006 00BF     		.align	2
 161              	.L18:
 162 0008 00000000 		.word	uwTick
 164              		.section	.text.HAL_GetTickPrio,"ax",%progbits
 165              		.align	1
 166              		.global	HAL_GetTickPrio
 167              		.thumb
 168              		.thumb_func
 170              	HAL_GetTickPrio:
 171              		@ args = 0, pretend = 0, frame = 0
 172              		@ frame_needed = 0, uses_anonymous_args = 0
 173              		@ link register save eliminated.
 174 0000 014B     		ldr	r3, .L21
 175 0002 1868     		ldr	r0, [r3]
 176 0004 7047     		bx	lr
 177              	.L22:
 178 0006 00BF     		.align	2
 179              	.L21:
 180 0008 00000000 		.word	.LANCHOR1
 182              		.section	.text.HAL_SetTickFreq,"ax",%progbits
 183              		.align	1
 184              		.global	HAL_SetTickFreq
 185              		.thumb
 186              		.thumb_func
 188              	HAL_SetTickFreq:
ARM GAS  /tmp/ccqdNIjG.s 			page 4


 189              		@ args = 0, pretend = 0, frame = 0
 190              		@ frame_needed = 0, uses_anonymous_args = 0
 191 0000 38B5     		push	{r3, r4, r5, lr}
 192 0002 074C     		ldr	r4, .L26
 193 0004 0546     		mov	r5, r0
 194 0006 2378     		ldrb	r3, [r4]	@ zero_extendqisi2
 195 0008 8342     		cmp	r3, r0
 196 000a 06D0     		beq	.L25
 197 000c 054B     		ldr	r3, .L26+4
 198 000e 1868     		ldr	r0, [r3]
 199 0010 FFF7FEFF 		bl	HAL_InitTick
 200 0014 10B9     		cbnz	r0, .L24
 201 0016 2570     		strb	r5, [r4]
 202 0018 38BD     		pop	{r3, r4, r5, pc}
 203              	.L25:
 204 001a 0020     		movs	r0, #0
 205              	.L24:
 206 001c 38BD     		pop	{r3, r4, r5, pc}
 207              	.L27:
 208 001e 00BF     		.align	2
 209              	.L26:
 210 0020 00000000 		.word	.LANCHOR0
 211 0024 00000000 		.word	.LANCHOR1
 213              		.section	.text.HAL_GetTickFreq,"ax",%progbits
 214              		.align	1
 215              		.global	HAL_GetTickFreq
 216              		.thumb
 217              		.thumb_func
 219              	HAL_GetTickFreq:
 220              		@ args = 0, pretend = 0, frame = 0
 221              		@ frame_needed = 0, uses_anonymous_args = 0
 222              		@ link register save eliminated.
 223 0000 014B     		ldr	r3, .L29
 224 0002 1878     		ldrb	r0, [r3]	@ zero_extendqisi2
 225 0004 7047     		bx	lr
 226              	.L30:
 227 0006 00BF     		.align	2
 228              	.L29:
 229 0008 00000000 		.word	.LANCHOR0
 231              		.section	.text.HAL_Delay,"ax",%progbits
 232              		.align	1
 233              		.weak	HAL_Delay
 234              		.thumb
 235              		.thumb_func
 237              	HAL_Delay:
 238              		@ args = 0, pretend = 0, frame = 0
 239              		@ frame_needed = 0, uses_anonymous_args = 0
 240 0000 38B5     		push	{r3, r4, r5, lr}
 241 0002 0446     		mov	r4, r0
 242 0004 FFF7FEFF 		bl	HAL_GetTick
 243 0008 0546     		mov	r5, r0
 244 000a 631C     		adds	r3, r4, #1
 245 000c 1EBF     		ittt	ne
 246 000e 044B     		ldrne	r3, .L38
 247 0010 1B78     		ldrbne	r3, [r3]	@ zero_extendqisi2
 248 0012 E418     		addne	r4, r4, r3
 249              	.L33:
ARM GAS  /tmp/ccqdNIjG.s 			page 5


 250 0014 FFF7FEFF 		bl	HAL_GetTick
 251 0018 401B     		subs	r0, r0, r5
 252 001a A042     		cmp	r0, r4
 253 001c FAD3     		bcc	.L33
 254 001e 38BD     		pop	{r3, r4, r5, pc}
 255              	.L39:
 256              		.align	2
 257              	.L38:
 258 0020 00000000 		.word	.LANCHOR0
 260              		.section	.text.HAL_SuspendTick,"ax",%progbits
 261              		.align	1
 262              		.weak	HAL_SuspendTick
 263              		.thumb
 264              		.thumb_func
 266              	HAL_SuspendTick:
 267              		@ args = 0, pretend = 0, frame = 0
 268              		@ frame_needed = 0, uses_anonymous_args = 0
 269              		@ link register save eliminated.
 270 0000 024A     		ldr	r2, .L41
 271 0002 1368     		ldr	r3, [r2]
 272 0004 23F00203 		bic	r3, r3, #2
 273 0008 1360     		str	r3, [r2]
 274 000a 7047     		bx	lr
 275              	.L42:
 276              		.align	2
 277              	.L41:
 278 000c 10E000E0 		.word	-536813552
 280              		.section	.text.HAL_ResumeTick,"ax",%progbits
 281              		.align	1
 282              		.weak	HAL_ResumeTick
 283              		.thumb
 284              		.thumb_func
 286              	HAL_ResumeTick:
 287              		@ args = 0, pretend = 0, frame = 0
 288              		@ frame_needed = 0, uses_anonymous_args = 0
 289              		@ link register save eliminated.
 290 0000 024A     		ldr	r2, .L44
 291 0002 1368     		ldr	r3, [r2]
 292 0004 43F00203 		orr	r3, r3, #2
 293 0008 1360     		str	r3, [r2]
 294 000a 7047     		bx	lr
 295              	.L45:
 296              		.align	2
 297              	.L44:
 298 000c 10E000E0 		.word	-536813552
 300              		.section	.text.HAL_GetHalVersion,"ax",%progbits
 301              		.align	1
 302              		.global	HAL_GetHalVersion
 303              		.thumb
 304              		.thumb_func
 306              	HAL_GetHalVersion:
 307              		@ args = 0, pretend = 0, frame = 0
 308              		@ frame_needed = 0, uses_anonymous_args = 0
 309              		@ link register save eliminated.
 310 0000 0048     		ldr	r0, .L47
 311 0002 7047     		bx	lr
 312              	.L48:
ARM GAS  /tmp/ccqdNIjG.s 			page 6


 313              		.align	2
 314              	.L47:
 315 0004 00040101 		.word	16843776
 317              		.section	.text.HAL_GetREVID,"ax",%progbits
 318              		.align	1
 319              		.global	HAL_GetREVID
 320              		.thumb
 321              		.thumb_func
 323              	HAL_GetREVID:
 324              		@ args = 0, pretend = 0, frame = 0
 325              		@ frame_needed = 0, uses_anonymous_args = 0
 326              		@ link register save eliminated.
 327 0000 014B     		ldr	r3, .L50
 328 0002 1868     		ldr	r0, [r3]
 329 0004 000C     		lsrs	r0, r0, #16
 330 0006 7047     		bx	lr
 331              	.L51:
 332              		.align	2
 333              	.L50:
 334 0008 002004E0 		.word	-536600576
 336              		.section	.text.HAL_GetDEVID,"ax",%progbits
 337              		.align	1
 338              		.global	HAL_GetDEVID
 339              		.thumb
 340              		.thumb_func
 342              	HAL_GetDEVID:
 343              		@ args = 0, pretend = 0, frame = 0
 344              		@ frame_needed = 0, uses_anonymous_args = 0
 345              		@ link register save eliminated.
 346 0000 024B     		ldr	r3, .L53
 347 0002 1868     		ldr	r0, [r3]
 348 0004 C0F30B00 		ubfx	r0, r0, #0, #12
 349 0008 7047     		bx	lr
 350              	.L54:
 351 000a 00BF     		.align	2
 352              	.L53:
 353 000c 002004E0 		.word	-536600576
 355              		.section	.text.HAL_GetUIDw0,"ax",%progbits
 356              		.align	1
 357              		.global	HAL_GetUIDw0
 358              		.thumb
 359              		.thumb_func
 361              	HAL_GetUIDw0:
 362              		@ args = 0, pretend = 0, frame = 0
 363              		@ frame_needed = 0, uses_anonymous_args = 0
 364              		@ link register save eliminated.
 365 0000 014B     		ldr	r3, .L56
 366 0002 1868     		ldr	r0, [r3]
 367 0004 7047     		bx	lr
 368              	.L57:
 369 0006 00BF     		.align	2
 370              	.L56:
 371 0008 E8F7FF1F 		.word	536868840
 373              		.section	.text.HAL_GetUIDw1,"ax",%progbits
 374              		.align	1
 375              		.global	HAL_GetUIDw1
 376              		.thumb
ARM GAS  /tmp/ccqdNIjG.s 			page 7


 377              		.thumb_func
 379              	HAL_GetUIDw1:
 380              		@ args = 0, pretend = 0, frame = 0
 381              		@ frame_needed = 0, uses_anonymous_args = 0
 382              		@ link register save eliminated.
 383 0000 014B     		ldr	r3, .L59
 384 0002 1868     		ldr	r0, [r3]
 385 0004 7047     		bx	lr
 386              	.L60:
 387 0006 00BF     		.align	2
 388              	.L59:
 389 0008 ECF7FF1F 		.word	536868844
 391              		.section	.text.HAL_GetUIDw2,"ax",%progbits
 392              		.align	1
 393              		.global	HAL_GetUIDw2
 394              		.thumb
 395              		.thumb_func
 397              	HAL_GetUIDw2:
 398              		@ args = 0, pretend = 0, frame = 0
 399              		@ frame_needed = 0, uses_anonymous_args = 0
 400              		@ link register save eliminated.
 401 0000 014B     		ldr	r3, .L62
 402 0002 1868     		ldr	r0, [r3]
 403 0004 7047     		bx	lr
 404              	.L63:
 405 0006 00BF     		.align	2
 406              	.L62:
 407 0008 F0F7FF1F 		.word	536868848
 409              		.section	.text.HAL_DBGMCU_EnableDBGSleepMode,"ax",%progbits
 410              		.align	1
 411              		.global	HAL_DBGMCU_EnableDBGSleepMode
 412              		.thumb
 413              		.thumb_func
 415              	HAL_DBGMCU_EnableDBGSleepMode:
 416              		@ args = 0, pretend = 0, frame = 0
 417              		@ frame_needed = 0, uses_anonymous_args = 0
 418              		@ link register save eliminated.
 419 0000 024A     		ldr	r2, .L65
 420 0002 5368     		ldr	r3, [r2, #4]
 421 0004 43F00103 		orr	r3, r3, #1
 422 0008 5360     		str	r3, [r2, #4]
 423 000a 7047     		bx	lr
 424              	.L66:
 425              		.align	2
 426              	.L65:
 427 000c 002004E0 		.word	-536600576
 429              		.section	.text.HAL_DBGMCU_DisableDBGSleepMode,"ax",%progbits
 430              		.align	1
 431              		.global	HAL_DBGMCU_DisableDBGSleepMode
 432              		.thumb
 433              		.thumb_func
 435              	HAL_DBGMCU_DisableDBGSleepMode:
 436              		@ args = 0, pretend = 0, frame = 0
 437              		@ frame_needed = 0, uses_anonymous_args = 0
 438              		@ link register save eliminated.
 439 0000 024A     		ldr	r2, .L68
 440 0002 5368     		ldr	r3, [r2, #4]
ARM GAS  /tmp/ccqdNIjG.s 			page 8


 441 0004 23F00103 		bic	r3, r3, #1
 442 0008 5360     		str	r3, [r2, #4]
 443 000a 7047     		bx	lr
 444              	.L69:
 445              		.align	2
 446              	.L68:
 447 000c 002004E0 		.word	-536600576
 449              		.section	.text.HAL_DBGMCU_EnableDBGStopMode,"ax",%progbits
 450              		.align	1
 451              		.global	HAL_DBGMCU_EnableDBGStopMode
 452              		.thumb
 453              		.thumb_func
 455              	HAL_DBGMCU_EnableDBGStopMode:
 456              		@ args = 0, pretend = 0, frame = 0
 457              		@ frame_needed = 0, uses_anonymous_args = 0
 458              		@ link register save eliminated.
 459 0000 024A     		ldr	r2, .L71
 460 0002 5368     		ldr	r3, [r2, #4]
 461 0004 43F00203 		orr	r3, r3, #2
 462 0008 5360     		str	r3, [r2, #4]
 463 000a 7047     		bx	lr
 464              	.L72:
 465              		.align	2
 466              	.L71:
 467 000c 002004E0 		.word	-536600576
 469              		.section	.text.HAL_DBGMCU_DisableDBGStopMode,"ax",%progbits
 470              		.align	1
 471              		.global	HAL_DBGMCU_DisableDBGStopMode
 472              		.thumb
 473              		.thumb_func
 475              	HAL_DBGMCU_DisableDBGStopMode:
 476              		@ args = 0, pretend = 0, frame = 0
 477              		@ frame_needed = 0, uses_anonymous_args = 0
 478              		@ link register save eliminated.
 479 0000 024A     		ldr	r2, .L74
 480 0002 5368     		ldr	r3, [r2, #4]
 481 0004 23F00203 		bic	r3, r3, #2
 482 0008 5360     		str	r3, [r2, #4]
 483 000a 7047     		bx	lr
 484              	.L75:
 485              		.align	2
 486              	.L74:
 487 000c 002004E0 		.word	-536600576
 489              		.section	.text.HAL_DBGMCU_EnableDBGStandbyMode,"ax",%progbits
 490              		.align	1
 491              		.global	HAL_DBGMCU_EnableDBGStandbyMode
 492              		.thumb
 493              		.thumb_func
 495              	HAL_DBGMCU_EnableDBGStandbyMode:
 496              		@ args = 0, pretend = 0, frame = 0
 497              		@ frame_needed = 0, uses_anonymous_args = 0
 498              		@ link register save eliminated.
 499 0000 024A     		ldr	r2, .L77
 500 0002 5368     		ldr	r3, [r2, #4]
 501 0004 43F00403 		orr	r3, r3, #4
 502 0008 5360     		str	r3, [r2, #4]
 503 000a 7047     		bx	lr
ARM GAS  /tmp/ccqdNIjG.s 			page 9


 504              	.L78:
 505              		.align	2
 506              	.L77:
 507 000c 002004E0 		.word	-536600576
 509              		.section	.text.HAL_DBGMCU_DisableDBGStandbyMode,"ax",%progbits
 510              		.align	1
 511              		.global	HAL_DBGMCU_DisableDBGStandbyMode
 512              		.thumb
 513              		.thumb_func
 515              	HAL_DBGMCU_DisableDBGStandbyMode:
 516              		@ args = 0, pretend = 0, frame = 0
 517              		@ frame_needed = 0, uses_anonymous_args = 0
 518              		@ link register save eliminated.
 519 0000 024A     		ldr	r2, .L80
 520 0002 5368     		ldr	r3, [r2, #4]
 521 0004 23F00403 		bic	r3, r3, #4
 522 0008 5360     		str	r3, [r2, #4]
 523 000a 7047     		bx	lr
 524              	.L81:
 525              		.align	2
 526              	.L80:
 527 000c 002004E0 		.word	-536600576
 529              		.global	uwTickFreq
 530              		.global	uwTickPrio
 531              		.comm	uwTick,4,4
 532              		.section	.data.uwTickPrio,"aw",%progbits
 533              		.align	2
 534              		.set	.LANCHOR1,. + 0
 537              	uwTickPrio:
 538 0000 10000000 		.word	16
 539              		.section	.data.uwTickFreq,"aw",%progbits
 540              		.set	.LANCHOR0,. + 0
 543              	uwTickFreq:
 544 0000 01       		.byte	1
 545              		.ident	"GCC: (15:4.9.3+svn231177-1) 4.9.3 20150529 (prerelease)"
ARM GAS  /tmp/ccqdNIjG.s 			page 10


DEFINED SYMBOLS
                            *ABS*:0000000000000000 stm32f1xx_hal.c
     /tmp/ccqdNIjG.s:16     .text.HAL_MspInit:0000000000000000 $t
     /tmp/ccqdNIjG.s:21     .text.HAL_MspInit:0000000000000000 HAL_MspInit
     /tmp/ccqdNIjG.s:28     .text.HAL_MspDeInit:0000000000000000 $t
     /tmp/ccqdNIjG.s:33     .text.HAL_MspDeInit:0000000000000000 HAL_MspDeInit
     /tmp/ccqdNIjG.s:40     .text.HAL_DeInit:0000000000000000 $t
     /tmp/ccqdNIjG.s:45     .text.HAL_DeInit:0000000000000000 HAL_DeInit
     /tmp/ccqdNIjG.s:62     .text.HAL_DeInit:000000000000001c $d
     /tmp/ccqdNIjG.s:65     .text.HAL_InitTick:0000000000000000 $t
     /tmp/ccqdNIjG.s:70     .text.HAL_InitTick:0000000000000000 HAL_InitTick
     /tmp/ccqdNIjG.s:101    .text.HAL_InitTick:000000000000003c $d
     /tmp/ccqdNIjG.s:106    .text.HAL_Init:0000000000000000 $t
     /tmp/ccqdNIjG.s:111    .text.HAL_Init:0000000000000000 HAL_Init
     /tmp/ccqdNIjG.s:124    .text.HAL_IncTick:0000000000000000 $t
     /tmp/ccqdNIjG.s:129    .text.HAL_IncTick:0000000000000000 HAL_IncTick
     /tmp/ccqdNIjG.s:143    .text.HAL_IncTick:0000000000000010 $d
                            *COM*:0000000000000004 uwTick
     /tmp/ccqdNIjG.s:147    .text.HAL_GetTick:0000000000000000 $t
     /tmp/ccqdNIjG.s:152    .text.HAL_GetTick:0000000000000000 HAL_GetTick
     /tmp/ccqdNIjG.s:162    .text.HAL_GetTick:0000000000000008 $d
     /tmp/ccqdNIjG.s:165    .text.HAL_GetTickPrio:0000000000000000 $t
     /tmp/ccqdNIjG.s:170    .text.HAL_GetTickPrio:0000000000000000 HAL_GetTickPrio
     /tmp/ccqdNIjG.s:180    .text.HAL_GetTickPrio:0000000000000008 $d
     /tmp/ccqdNIjG.s:183    .text.HAL_SetTickFreq:0000000000000000 $t
     /tmp/ccqdNIjG.s:188    .text.HAL_SetTickFreq:0000000000000000 HAL_SetTickFreq
     /tmp/ccqdNIjG.s:210    .text.HAL_SetTickFreq:0000000000000020 $d
     /tmp/ccqdNIjG.s:214    .text.HAL_GetTickFreq:0000000000000000 $t
     /tmp/ccqdNIjG.s:219    .text.HAL_GetTickFreq:0000000000000000 HAL_GetTickFreq
     /tmp/ccqdNIjG.s:229    .text.HAL_GetTickFreq:0000000000000008 $d
     /tmp/ccqdNIjG.s:232    .text.HAL_Delay:0000000000000000 $t
     /tmp/ccqdNIjG.s:237    .text.HAL_Delay:0000000000000000 HAL_Delay
     /tmp/ccqdNIjG.s:258    .text.HAL_Delay:0000000000000020 $d
     /tmp/ccqdNIjG.s:261    .text.HAL_SuspendTick:0000000000000000 $t
     /tmp/ccqdNIjG.s:266    .text.HAL_SuspendTick:0000000000000000 HAL_SuspendTick
     /tmp/ccqdNIjG.s:278    .text.HAL_SuspendTick:000000000000000c $d
     /tmp/ccqdNIjG.s:281    .text.HAL_ResumeTick:0000000000000000 $t
     /tmp/ccqdNIjG.s:286    .text.HAL_ResumeTick:0000000000000000 HAL_ResumeTick
     /tmp/ccqdNIjG.s:298    .text.HAL_ResumeTick:000000000000000c $d
     /tmp/ccqdNIjG.s:301    .text.HAL_GetHalVersion:0000000000000000 $t
     /tmp/ccqdNIjG.s:306    .text.HAL_GetHalVersion:0000000000000000 HAL_GetHalVersion
     /tmp/ccqdNIjG.s:315    .text.HAL_GetHalVersion:0000000000000004 $d
     /tmp/ccqdNIjG.s:318    .text.HAL_GetREVID:0000000000000000 $t
     /tmp/ccqdNIjG.s:323    .text.HAL_GetREVID:0000000000000000 HAL_GetREVID
     /tmp/ccqdNIjG.s:334    .text.HAL_GetREVID:0000000000000008 $d
     /tmp/ccqdNIjG.s:337    .text.HAL_GetDEVID:0000000000000000 $t
     /tmp/ccqdNIjG.s:342    .text.HAL_GetDEVID:0000000000000000 HAL_GetDEVID
     /tmp/ccqdNIjG.s:353    .text.HAL_GetDEVID:000000000000000c $d
     /tmp/ccqdNIjG.s:356    .text.HAL_GetUIDw0:0000000000000000 $t
     /tmp/ccqdNIjG.s:361    .text.HAL_GetUIDw0:0000000000000000 HAL_GetUIDw0
     /tmp/ccqdNIjG.s:371    .text.HAL_GetUIDw0:0000000000000008 $d
     /tmp/ccqdNIjG.s:374    .text.HAL_GetUIDw1:0000000000000000 $t
     /tmp/ccqdNIjG.s:379    .text.HAL_GetUIDw1:0000000000000000 HAL_GetUIDw1
     /tmp/ccqdNIjG.s:389    .text.HAL_GetUIDw1:0000000000000008 $d
     /tmp/ccqdNIjG.s:392    .text.HAL_GetUIDw2:0000000000000000 $t
     /tmp/ccqdNIjG.s:397    .text.HAL_GetUIDw2:0000000000000000 HAL_GetUIDw2
     /tmp/ccqdNIjG.s:407    .text.HAL_GetUIDw2:0000000000000008 $d
ARM GAS  /tmp/ccqdNIjG.s 			page 11


     /tmp/ccqdNIjG.s:410    .text.HAL_DBGMCU_EnableDBGSleepMode:0000000000000000 $t
     /tmp/ccqdNIjG.s:415    .text.HAL_DBGMCU_EnableDBGSleepMode:0000000000000000 HAL_DBGMCU_EnableDBGSleepMode
     /tmp/ccqdNIjG.s:427    .text.HAL_DBGMCU_EnableDBGSleepMode:000000000000000c $d
     /tmp/ccqdNIjG.s:430    .text.HAL_DBGMCU_DisableDBGSleepMode:0000000000000000 $t
     /tmp/ccqdNIjG.s:435    .text.HAL_DBGMCU_DisableDBGSleepMode:0000000000000000 HAL_DBGMCU_DisableDBGSleepMode
     /tmp/ccqdNIjG.s:447    .text.HAL_DBGMCU_DisableDBGSleepMode:000000000000000c $d
     /tmp/ccqdNIjG.s:450    .text.HAL_DBGMCU_EnableDBGStopMode:0000000000000000 $t
     /tmp/ccqdNIjG.s:455    .text.HAL_DBGMCU_EnableDBGStopMode:0000000000000000 HAL_DBGMCU_EnableDBGStopMode
     /tmp/ccqdNIjG.s:467    .text.HAL_DBGMCU_EnableDBGStopMode:000000000000000c $d
     /tmp/ccqdNIjG.s:470    .text.HAL_DBGMCU_DisableDBGStopMode:0000000000000000 $t
     /tmp/ccqdNIjG.s:475    .text.HAL_DBGMCU_DisableDBGStopMode:0000000000000000 HAL_DBGMCU_DisableDBGStopMode
     /tmp/ccqdNIjG.s:487    .text.HAL_DBGMCU_DisableDBGStopMode:000000000000000c $d
     /tmp/ccqdNIjG.s:490    .text.HAL_DBGMCU_EnableDBGStandbyMode:0000000000000000 $t
     /tmp/ccqdNIjG.s:495    .text.HAL_DBGMCU_EnableDBGStandbyMode:0000000000000000 HAL_DBGMCU_EnableDBGStandbyMode
     /tmp/ccqdNIjG.s:507    .text.HAL_DBGMCU_EnableDBGStandbyMode:000000000000000c $d
     /tmp/ccqdNIjG.s:510    .text.HAL_DBGMCU_DisableDBGStandbyMode:0000000000000000 $t
     /tmp/ccqdNIjG.s:515    .text.HAL_DBGMCU_DisableDBGStandbyMode:0000000000000000 HAL_DBGMCU_DisableDBGStandbyMode
     /tmp/ccqdNIjG.s:527    .text.HAL_DBGMCU_DisableDBGStandbyMode:000000000000000c $d
     /tmp/ccqdNIjG.s:543    .data.uwTickFreq:0000000000000000 uwTickFreq
     /tmp/ccqdNIjG.s:537    .data.uwTickPrio:0000000000000000 uwTickPrio
     /tmp/ccqdNIjG.s:533    .data.uwTickPrio:0000000000000000 $d

UNDEFINED SYMBOLS
HAL_SYSTICK_Config
HAL_NVIC_SetPriority
SystemCoreClock
HAL_NVIC_SetPriorityGrouping
