ARM GAS  /tmp/ccJGgE4Y.s 			page 1


   1              		.syntax unified
   2              		.cpu cortex-m3
   3              		.fpu softvfp
   4              		.eabi_attribute 20, 1
   5              		.eabi_attribute 21, 1
   6              		.eabi_attribute 23, 3
   7              		.eabi_attribute 24, 1
   8              		.eabi_attribute 25, 1
   9              		.eabi_attribute 26, 1
  10              		.eabi_attribute 30, 4
  11              		.eabi_attribute 34, 1
  12              		.eabi_attribute 18, 4
  13              		.thumb
  14              		.file	"stm32f1xx_hal_adc_ex.c"
  15              		.section	.text.HAL_ADCEx_Calibration_Start,"ax",%progbits
  16              		.align	1
  17              		.global	HAL_ADCEx_Calibration_Start
  18              		.thumb
  19              		.thumb_func
  21              	HAL_ADCEx_Calibration_Start:
  22              		@ args = 0, pretend = 0, frame = 8
  23              		@ frame_needed = 0, uses_anonymous_args = 0
  24 0000 73B5     		push	{r0, r1, r4, r5, r6, lr}
  25 0002 0023     		movs	r3, #0
  26 0004 0193     		str	r3, [sp, #4]
  27 0006 90F82430 		ldrb	r3, [r0, #36]	@ zero_extendqisi2
  28 000a 0446     		mov	r4, r0
  29 000c 012B     		cmp	r3, #1
  30 000e 59D0     		beq	.L10
  31 0010 0123     		movs	r3, #1
  32 0012 80F82430 		strb	r3, [r0, #36]
  33 0016 FFF7FEFF 		bl	ADC_ConversionStop_Disable
  34 001a 0546     		mov	r5, r0
  35 001c 0028     		cmp	r0, #0
  36 001e 4CD1     		bne	.L3
  37 0020 A36A     		ldr	r3, [r4, #40]
  38 0022 0220     		movs	r0, #2
  39 0024 23F48853 		bic	r3, r3, #4352
  40 0028 23F00203 		bic	r3, r3, #2
  41 002c 43F00203 		orr	r3, r3, #2
  42 0030 A362     		str	r3, [r4, #40]
  43 0032 264B     		ldr	r3, .L18
  44 0034 1E68     		ldr	r6, [r3]
  45 0036 FFF7FEFF 		bl	HAL_RCCEx_GetPeriphCLKFreq
  46 003a B6FBF0F0 		udiv	r0, r6, r0
  47 003e 4000     		lsls	r0, r0, #1
  48 0040 0190     		str	r0, [sp, #4]
  49              	.L4:
  50 0042 019B     		ldr	r3, [sp, #4]
  51 0044 1BB1     		cbz	r3, .L15
  52 0046 019B     		ldr	r3, [sp, #4]
  53 0048 013B     		subs	r3, r3, #1
  54 004a 0193     		str	r3, [sp, #4]
  55 004c F9E7     		b	.L4
  56              	.L15:
  57 004e 2046     		mov	r0, r4
  58 0050 FFF7FEFF 		bl	ADC_Enable
ARM GAS  /tmp/ccJGgE4Y.s 			page 2


  59 0054 2268     		ldr	r2, [r4]
  60 0056 9368     		ldr	r3, [r2, #8]
  61 0058 43F00803 		orr	r3, r3, #8
  62 005c 9360     		str	r3, [r2, #8]
  63 005e FFF7FEFF 		bl	HAL_GetTick
  64 0062 0646     		mov	r6, r0
  65              	.L6:
  66 0064 2368     		ldr	r3, [r4]
  67 0066 9A68     		ldr	r2, [r3, #8]
  68 0068 1207     		lsls	r2, r2, #28
  69 006a 05D5     		bpl	.L16
  70 006c FFF7FEFF 		bl	HAL_GetTick
  71 0070 801B     		subs	r0, r0, r6
  72 0072 0A28     		cmp	r0, #10
  73 0074 F6D9     		bls	.L6
  74 0076 0FE0     		b	.L13
  75              	.L16:
  76 0078 9A68     		ldr	r2, [r3, #8]
  77 007a 42F00402 		orr	r2, r2, #4
  78 007e 9A60     		str	r2, [r3, #8]
  79 0080 FFF7FEFF 		bl	HAL_GetTick
  80 0084 0646     		mov	r6, r0
  81              	.L8:
  82 0086 2368     		ldr	r3, [r4]
  83 0088 9B68     		ldr	r3, [r3, #8]
  84 008a 5B07     		lsls	r3, r3, #29
  85 008c 0FD5     		bpl	.L17
  86 008e FFF7FEFF 		bl	HAL_GetTick
  87 0092 801B     		subs	r0, r0, r6
  88 0094 0A28     		cmp	r0, #10
  89 0096 F6D9     		bls	.L8
  90              	.L13:
  91 0098 A36A     		ldr	r3, [r4, #40]
  92 009a 0120     		movs	r0, #1
  93 009c 23F01203 		bic	r3, r3, #18
  94 00a0 43F01003 		orr	r3, r3, #16
  95 00a4 A362     		str	r3, [r4, #40]
  96 00a6 0023     		movs	r3, #0
  97 00a8 84F82430 		strb	r3, [r4, #36]
  98 00ac 0BE0     		b	.L2
  99              	.L17:
 100 00ae A36A     		ldr	r3, [r4, #40]
 101 00b0 23F00303 		bic	r3, r3, #3
 102 00b4 43F00103 		orr	r3, r3, #1
 103 00b8 A362     		str	r3, [r4, #40]
 104              	.L3:
 105 00ba 0023     		movs	r3, #0
 106 00bc 84F82430 		strb	r3, [r4, #36]
 107 00c0 2846     		mov	r0, r5
 108 00c2 00E0     		b	.L2
 109              	.L10:
 110 00c4 0220     		movs	r0, #2
 111              	.L2:
 112 00c6 02B0     		add	sp, sp, #8
 113              		@ sp needed
 114 00c8 70BD     		pop	{r4, r5, r6, pc}
 115              	.L19:
ARM GAS  /tmp/ccJGgE4Y.s 			page 3


 116 00ca 00BF     		.align	2
 117              	.L18:
 118 00cc 00000000 		.word	SystemCoreClock
 120              		.section	.text.HAL_ADCEx_InjectedStart,"ax",%progbits
 121              		.align	1
 122              		.global	HAL_ADCEx_InjectedStart
 123              		.thumb
 124              		.thumb_func
 126              	HAL_ADCEx_InjectedStart:
 127              		@ args = 0, pretend = 0, frame = 0
 128              		@ frame_needed = 0, uses_anonymous_args = 0
 129 0000 90F82430 		ldrb	r3, [r0, #36]	@ zero_extendqisi2
 130 0004 10B5     		push	{r4, lr}
 131 0006 012B     		cmp	r3, #1
 132 0008 0446     		mov	r4, r0
 133 000a 32D0     		beq	.L25
 134 000c 0123     		movs	r3, #1
 135 000e 80F82430 		strb	r3, [r0, #36]
 136 0012 FFF7FEFF 		bl	ADC_Enable
 137 0016 40BB     		cbnz	r0, .L22
 138 0018 A36A     		ldr	r3, [r4, #40]
 139 001a 2268     		ldr	r2, [r4]
 140 001c 23F44053 		bic	r3, r3, #12288
 141 0020 23F00103 		bic	r3, r3, #1
 142 0024 43F48053 		orr	r3, r3, #4096
 143 0028 A362     		str	r3, [r4, #40]
 144 002a A36A     		ldr	r3, [r4, #40]
 145 002c 6FF00401 		mvn	r1, #4
 146 0030 23F48013 		bic	r3, r3, #1048576
 147 0034 A362     		str	r3, [r4, #40]
 148 0036 A36A     		ldr	r3, [r4, #40]
 149 0038 13F48073 		ands	r3, r3, #256
 150 003c 08BF     		it	eq
 151 003e E362     		streq	r3, [r4, #44]
 152 0040 0023     		movs	r3, #0
 153 0042 84F82430 		strb	r3, [r4, #36]
 154 0046 1160     		str	r1, [r2]
 155 0048 5068     		ldr	r0, [r2, #4]
 156 004a 10F48060 		ands	r0, r0, #1024
 157 004e 12D1     		bne	.L26
 158 0050 9368     		ldr	r3, [r2, #8]
 159 0052 03F4E043 		and	r3, r3, #28672
 160 0056 B3F5E04F 		cmp	r3, #28672
 161 005a 9368     		ldr	r3, [r2, #8]
 162 005c 0CBF     		ite	eq
 163 005e 43F40213 		orreq	r3, r3, #2129920
 164 0062 43F40043 		orrne	r3, r3, #32768
 165 0066 9360     		str	r3, [r2, #8]
 166 0068 10BD     		pop	{r4, pc}
 167              	.L22:
 168 006a 0023     		movs	r3, #0
 169 006c 84F82430 		strb	r3, [r4, #36]
 170 0070 10BD     		pop	{r4, pc}
 171              	.L25:
 172 0072 0220     		movs	r0, #2
 173 0074 10BD     		pop	{r4, pc}
 174              	.L26:
ARM GAS  /tmp/ccJGgE4Y.s 			page 4


 175 0076 1846     		mov	r0, r3
 176 0078 10BD     		pop	{r4, pc}
 178              		.section	.text.HAL_ADCEx_InjectedStop,"ax",%progbits
 179              		.align	1
 180              		.global	HAL_ADCEx_InjectedStop
 181              		.thumb
 182              		.thumb_func
 184              	HAL_ADCEx_InjectedStop:
 185              		@ args = 0, pretend = 0, frame = 0
 186              		@ frame_needed = 0, uses_anonymous_args = 0
 187 0000 90F82430 		ldrb	r3, [r0, #36]	@ zero_extendqisi2
 188 0004 10B5     		push	{r4, lr}
 189 0006 012B     		cmp	r3, #1
 190 0008 0446     		mov	r4, r0
 191 000a 1ED0     		beq	.L32
 192 000c 0123     		movs	r3, #1
 193 000e 80F82430 		strb	r3, [r0, #36]
 194 0012 836A     		ldr	r3, [r0, #40]
 195 0014 DA05     		lsls	r2, r3, #23
 196 0016 0FD4     		bmi	.L30
 197 0018 0368     		ldr	r3, [r0]
 198 001a 5B68     		ldr	r3, [r3, #4]
 199 001c 5B05     		lsls	r3, r3, #21
 200 001e 0BD4     		bmi	.L30
 201 0020 FFF7FEFF 		bl	ADC_ConversionStop_Disable
 202 0024 68B9     		cbnz	r0, .L31
 203 0026 A36A     		ldr	r3, [r4, #40]
 204 0028 23F48853 		bic	r3, r3, #4352
 205 002c 23F00103 		bic	r3, r3, #1
 206 0030 43F00103 		orr	r3, r3, #1
 207 0034 A362     		str	r3, [r4, #40]
 208 0036 04E0     		b	.L31
 209              	.L30:
 210 0038 A36A     		ldr	r3, [r4, #40]
 211 003a 0120     		movs	r0, #1
 212 003c 43F02003 		orr	r3, r3, #32
 213 0040 A362     		str	r3, [r4, #40]
 214              	.L31:
 215 0042 0023     		movs	r3, #0
 216 0044 84F82430 		strb	r3, [r4, #36]
 217 0048 10BD     		pop	{r4, pc}
 218              	.L32:
 219 004a 0220     		movs	r0, #2
 220 004c 10BD     		pop	{r4, pc}
 222              		.section	.text.HAL_ADCEx_InjectedPollForConversion,"ax",%progbits
 223              		.align	1
 224              		.global	HAL_ADCEx_InjectedPollForConversion
 225              		.thumb
 226              		.thumb_func
 228              	HAL_ADCEx_InjectedPollForConversion:
 229              		@ args = 0, pretend = 0, frame = 8
 230              		@ frame_needed = 0, uses_anonymous_args = 0
 231 0000 F7B5     		push	{r0, r1, r2, r4, r5, r6, r7, lr}
 232 0002 0446     		mov	r4, r0
 233 0004 0023     		movs	r3, #0
 234 0006 0193     		str	r3, [sp, #4]
 235 0008 0D46     		mov	r5, r1
ARM GAS  /tmp/ccJGgE4Y.s 			page 5


 236 000a FFF7FEFF 		bl	HAL_GetTick
 237 000e 2368     		ldr	r3, [r4]
 238 0010 0746     		mov	r7, r0
 239 0012 9B6B     		ldr	r3, [r3, #56]
 240 0014 13F4401F 		tst	r3, #3145728
 241 0018 0DD1     		bne	.L72
 242              	.L34:
 243 001a 2268     		ldr	r2, [r4]
 244              	.L36:
 245 001c 1368     		ldr	r3, [r2]
 246 001e 5807     		lsls	r0, r3, #29
 247 0020 2AD4     		bmi	.L51
 248 0022 6E1C     		adds	r6, r5, #1
 249 0024 FAD0     		beq	.L36
 250 0026 002D     		cmp	r5, #0
 251 0028 52D0     		beq	.L49
 252 002a FFF7FEFF 		bl	HAL_GetTick
 253 002e C01B     		subs	r0, r0, r7
 254 0030 A842     		cmp	r0, r5
 255 0032 F2D9     		bls	.L34
 256 0034 4CE0     		b	.L49
 257              	.L72:
 258 0036 3D4B     		ldr	r3, .L73
 259 0038 0220     		movs	r0, #2
 260 003a 1E68     		ldr	r6, [r3]
 261 003c FFF7FEFF 		bl	HAL_RCCEx_GetPeriphCLKFreq
 262 0040 2368     		ldr	r3, [r4]
 263 0042 3B4A     		ldr	r2, .L73+4
 264 0044 1969     		ldr	r1, [r3, #16]
 265 0046 B6FBF0F0 		udiv	r0, r6, r0
 266 004a 0A40     		ands	r2, r2, r1
 267 004c 1ABB     		cbnz	r2, .L43
 268 004e D968     		ldr	r1, [r3, #12]
 269 0050 384A     		ldr	r2, .L73+8
 270 0052 0A40     		ands	r2, r2, r1
 271 0054 FAB9     		cbnz	r2, .L43
 272 0056 1969     		ldr	r1, [r3, #16]
 273 0058 374A     		ldr	r2, .L73+12
 274 005a 0A40     		ands	r2, r2, r1
 275 005c 002A     		cmp	r2, #0
 276 005e 2ED1     		bne	.L54
 277 0060 DA68     		ldr	r2, [r3, #12]
 278 0062 364B     		ldr	r3, .L73+16
 279 0064 1340     		ands	r3, r3, r2
 280 0066 002B     		cmp	r3, #0
 281 0068 14BF     		ite	ne
 282 006a 2923     		movne	r3, #41
 283 006c 1423     		moveq	r3, #20
 284              	.L44:
 285 006e 00FB03F6 		mul	r6, r0, r3
 286              	.L46:
 287 0072 019B     		ldr	r3, [sp, #4]
 288 0074 B342     		cmp	r3, r6
 289 0076 28D3     		bcc	.L50
 290              	.L51:
 291 0078 2368     		ldr	r3, [r4]
 292 007a 6FF00E02 		mvn	r2, #14
ARM GAS  /tmp/ccJGgE4Y.s 			page 6


 293 007e 1A60     		str	r2, [r3]
 294 0080 A26A     		ldr	r2, [r4, #40]
 295 0082 42F40052 		orr	r2, r2, #8192
 296 0086 A262     		str	r2, [r4, #40]
 297 0088 9A68     		ldr	r2, [r3, #8]
 298 008a 02F4E042 		and	r2, r2, #28672
 299 008e B2F5E04F 		cmp	r2, #28672
 300 0092 2FD1     		bne	.L71
 301 0094 3CE0     		b	.L41
 302              	.L43:
 303 0096 1969     		ldr	r1, [r3, #16]
 304 0098 274A     		ldr	r2, .L73+12
 305 009a 0A40     		ands	r2, r2, r1
 306 009c 1AB9     		cbnz	r2, .L45
 307 009e D968     		ldr	r1, [r3, #12]
 308 00a0 264A     		ldr	r2, .L73+16
 309 00a2 0A40     		ands	r2, r2, r1
 310 00a4 6AB1     		cbz	r2, .L56
 311              	.L45:
 312 00a6 1969     		ldr	r1, [r3, #16]
 313 00a8 254A     		ldr	r2, .L73+20
 314 00aa 0A40     		ands	r2, r2, r1
 315 00ac 5AB9     		cbnz	r2, .L57
 316 00ae DA68     		ldr	r2, [r3, #12]
 317 00b0 234B     		ldr	r3, .L73+20
 318 00b2 1340     		ands	r3, r3, r2
 319 00b4 002B     		cmp	r3, #0
 320 00b6 14BF     		ite	ne
 321 00b8 FC23     		movne	r3, #252
 322 00ba 5423     		moveq	r3, #84
 323 00bc D7E7     		b	.L44
 324              	.L54:
 325 00be 2923     		movs	r3, #41
 326 00c0 D5E7     		b	.L44
 327              	.L56:
 328 00c2 5423     		movs	r3, #84
 329 00c4 D3E7     		b	.L44
 330              	.L57:
 331 00c6 FC23     		movs	r3, #252
 332 00c8 D1E7     		b	.L44
 333              	.L50:
 334 00ca 691C     		adds	r1, r5, #1
 335 00cc 0ED0     		beq	.L59
 336 00ce 45B9     		cbnz	r5, .L48
 337              	.L49:
 338 00d0 A36A     		ldr	r3, [r4, #40]
 339 00d2 0320     		movs	r0, #3
 340 00d4 43F00403 		orr	r3, r3, #4
 341 00d8 A362     		str	r3, [r4, #40]
 342 00da 0023     		movs	r3, #0
 343 00dc 84F82430 		strb	r3, [r4, #36]
 344 00e0 22E0     		b	.L38
 345              	.L48:
 346 00e2 FFF7FEFF 		bl	HAL_GetTick
 347 00e6 C01B     		subs	r0, r0, r7
 348 00e8 A842     		cmp	r0, r5
 349 00ea F1D8     		bhi	.L49
ARM GAS  /tmp/ccJGgE4Y.s 			page 7


 350              	.L59:
 351 00ec 019B     		ldr	r3, [sp, #4]
 352 00ee 0133     		adds	r3, r3, #1
 353 00f0 0193     		str	r3, [sp, #4]
 354 00f2 BEE7     		b	.L46
 355              	.L71:
 356 00f4 5A68     		ldr	r2, [r3, #4]
 357 00f6 5205     		lsls	r2, r2, #21
 358 00f8 01D5     		bpl	.L52
 359              	.L53:
 360 00fa 0020     		movs	r0, #0
 361 00fc 14E0     		b	.L38
 362              	.L52:
 363 00fe 9B68     		ldr	r3, [r3, #8]
 364 0100 03F46023 		and	r3, r3, #917504
 365 0104 B3F5602F 		cmp	r3, #917504
 366 0108 F7D1     		bne	.L53
 367 010a 237B     		ldrb	r3, [r4, #12]	@ zero_extendqisi2
 368 010c 002B     		cmp	r3, #0
 369 010e F4D1     		bne	.L53
 370              	.L41:
 371 0110 A36A     		ldr	r3, [r4, #40]
 372 0112 23F48053 		bic	r3, r3, #4096
 373 0116 A362     		str	r3, [r4, #40]
 374 0118 A06A     		ldr	r0, [r4, #40]
 375 011a 10F48070 		ands	r0, r0, #256
 376 011e ECD1     		bne	.L53
 377 0120 A36A     		ldr	r3, [r4, #40]
 378 0122 43F00103 		orr	r3, r3, #1
 379 0126 A362     		str	r3, [r4, #40]
 380              	.L38:
 381 0128 03B0     		add	sp, sp, #12
 382              		@ sp needed
 383 012a F0BD     		pop	{r4, r5, r6, r7, pc}
 384              	.L74:
 385              		.align	2
 386              	.L73:
 387 012c 00000000 		.word	SystemCoreClock
 388 0130 24499224 		.word	613566756
 389 0134 24499200 		.word	9586980
 390 0138 92244912 		.word	306783378
 391 013c 92244900 		.word	4793490
 392 0140 49922400 		.word	2396745
 394              		.section	.text.HAL_ADCEx_InjectedStart_IT,"ax",%progbits
 395              		.align	1
 396              		.global	HAL_ADCEx_InjectedStart_IT
 397              		.thumb
 398              		.thumb_func
 400              	HAL_ADCEx_InjectedStart_IT:
 401              		@ args = 0, pretend = 0, frame = 0
 402              		@ frame_needed = 0, uses_anonymous_args = 0
 403 0000 90F82430 		ldrb	r3, [r0, #36]	@ zero_extendqisi2
 404 0004 10B5     		push	{r4, lr}
 405 0006 012B     		cmp	r3, #1
 406 0008 0446     		mov	r4, r0
 407 000a 36D0     		beq	.L80
 408 000c 0123     		movs	r3, #1
ARM GAS  /tmp/ccJGgE4Y.s 			page 8


 409 000e 80F82430 		strb	r3, [r0, #36]
 410 0012 FFF7FEFF 		bl	ADC_Enable
 411 0016 60BB     		cbnz	r0, .L77
 412 0018 A36A     		ldr	r3, [r4, #40]
 413 001a 2268     		ldr	r2, [r4]
 414 001c 23F44053 		bic	r3, r3, #12288
 415 0020 23F00103 		bic	r3, r3, #1
 416 0024 43F48053 		orr	r3, r3, #4096
 417 0028 A362     		str	r3, [r4, #40]
 418 002a A36A     		ldr	r3, [r4, #40]
 419 002c 6FF00401 		mvn	r1, #4
 420 0030 23F48013 		bic	r3, r3, #1048576
 421 0034 A362     		str	r3, [r4, #40]
 422 0036 A36A     		ldr	r3, [r4, #40]
 423 0038 13F48073 		ands	r3, r3, #256
 424 003c 08BF     		it	eq
 425 003e E362     		streq	r3, [r4, #44]
 426 0040 0023     		movs	r3, #0
 427 0042 84F82430 		strb	r3, [r4, #36]
 428 0046 1160     		str	r1, [r2]
 429 0048 5168     		ldr	r1, [r2, #4]
 430 004a 41F08001 		orr	r1, r1, #128
 431 004e 5160     		str	r1, [r2, #4]
 432 0050 5068     		ldr	r0, [r2, #4]
 433 0052 10F48060 		ands	r0, r0, #1024
 434 0056 12D1     		bne	.L81
 435 0058 9368     		ldr	r3, [r2, #8]
 436 005a 03F4E043 		and	r3, r3, #28672
 437 005e B3F5E04F 		cmp	r3, #28672
 438 0062 9368     		ldr	r3, [r2, #8]
 439 0064 0CBF     		ite	eq
 440 0066 43F40213 		orreq	r3, r3, #2129920
 441 006a 43F40043 		orrne	r3, r3, #32768
 442 006e 9360     		str	r3, [r2, #8]
 443 0070 10BD     		pop	{r4, pc}
 444              	.L77:
 445 0072 0023     		movs	r3, #0
 446 0074 84F82430 		strb	r3, [r4, #36]
 447 0078 10BD     		pop	{r4, pc}
 448              	.L80:
 449 007a 0220     		movs	r0, #2
 450 007c 10BD     		pop	{r4, pc}
 451              	.L81:
 452 007e 1846     		mov	r0, r3
 453 0080 10BD     		pop	{r4, pc}
 455              		.section	.text.HAL_ADCEx_InjectedStop_IT,"ax",%progbits
 456              		.align	1
 457              		.global	HAL_ADCEx_InjectedStop_IT
 458              		.thumb
 459              		.thumb_func
 461              	HAL_ADCEx_InjectedStop_IT:
 462              		@ args = 0, pretend = 0, frame = 0
 463              		@ frame_needed = 0, uses_anonymous_args = 0
 464 0000 90F82430 		ldrb	r3, [r0, #36]	@ zero_extendqisi2
 465 0004 10B5     		push	{r4, lr}
 466 0006 012B     		cmp	r3, #1
 467 0008 0446     		mov	r4, r0
ARM GAS  /tmp/ccJGgE4Y.s 			page 9


 468 000a 23D0     		beq	.L87
 469 000c 0123     		movs	r3, #1
 470 000e 80F82430 		strb	r3, [r0, #36]
 471 0012 836A     		ldr	r3, [r0, #40]
 472 0014 DA05     		lsls	r2, r3, #23
 473 0016 14D4     		bmi	.L85
 474 0018 0368     		ldr	r3, [r0]
 475 001a 5B68     		ldr	r3, [r3, #4]
 476 001c 5B05     		lsls	r3, r3, #21
 477 001e 10D4     		bmi	.L85
 478 0020 FFF7FEFF 		bl	ADC_ConversionStop_Disable
 479 0024 90B9     		cbnz	r0, .L86
 480 0026 2268     		ldr	r2, [r4]
 481 0028 5368     		ldr	r3, [r2, #4]
 482 002a 23F08003 		bic	r3, r3, #128
 483 002e 5360     		str	r3, [r2, #4]
 484 0030 A36A     		ldr	r3, [r4, #40]
 485 0032 23F48853 		bic	r3, r3, #4352
 486 0036 23F00103 		bic	r3, r3, #1
 487 003a 43F00103 		orr	r3, r3, #1
 488 003e A362     		str	r3, [r4, #40]
 489 0040 04E0     		b	.L86
 490              	.L85:
 491 0042 A36A     		ldr	r3, [r4, #40]
 492 0044 0120     		movs	r0, #1
 493 0046 43F02003 		orr	r3, r3, #32
 494 004a A362     		str	r3, [r4, #40]
 495              	.L86:
 496 004c 0023     		movs	r3, #0
 497 004e 84F82430 		strb	r3, [r4, #36]
 498 0052 10BD     		pop	{r4, pc}
 499              	.L87:
 500 0054 0220     		movs	r0, #2
 501 0056 10BD     		pop	{r4, pc}
 503              		.section	.text.HAL_ADCEx_InjectedGetValue,"ax",%progbits
 504              		.align	1
 505              		.global	HAL_ADCEx_InjectedGetValue
 506              		.thumb
 507              		.thumb_func
 509              	HAL_ADCEx_InjectedGetValue:
 510              		@ args = 0, pretend = 0, frame = 0
 511              		@ frame_needed = 0, uses_anonymous_args = 0
 512              		@ link register save eliminated.
 513 0000 0329     		cmp	r1, #3
 514 0002 0368     		ldr	r3, [r0]
 515 0004 07D0     		beq	.L90
 516 0006 0429     		cmp	r1, #4
 517 0008 03D0     		beq	.L91
 518 000a 0229     		cmp	r1, #2
 519 000c 05D1     		bne	.L94
 520 000e 186C     		ldr	r0, [r3, #64]
 521 0010 7047     		bx	lr
 522              	.L91:
 523 0012 986C     		ldr	r0, [r3, #72]
 524 0014 7047     		bx	lr
 525              	.L90:
 526 0016 586C     		ldr	r0, [r3, #68]
ARM GAS  /tmp/ccJGgE4Y.s 			page 10


 527 0018 7047     		bx	lr
 528              	.L94:
 529 001a D86B     		ldr	r0, [r3, #60]
 530 001c 7047     		bx	lr
 532              		.section	.text.HAL_ADCEx_InjectedConvCpltCallback,"ax",%progbits
 533              		.align	1
 534              		.weak	HAL_ADCEx_InjectedConvCpltCallback
 535              		.thumb
 536              		.thumb_func
 538              	HAL_ADCEx_InjectedConvCpltCallback:
 539              		@ args = 0, pretend = 0, frame = 0
 540              		@ frame_needed = 0, uses_anonymous_args = 0
 541              		@ link register save eliminated.
 542 0000 7047     		bx	lr
 544              		.section	.text.HAL_ADCEx_InjectedConfigChannel,"ax",%progbits
 545              		.align	1
 546              		.global	HAL_ADCEx_InjectedConfigChannel
 547              		.thumb
 548              		.thumb_func
 550              	HAL_ADCEx_InjectedConfigChannel:
 551              		@ args = 0, pretend = 0, frame = 8
 552              		@ frame_needed = 0, uses_anonymous_args = 0
 553 0000 F7B5     		push	{r0, r1, r2, r4, r5, r6, r7, lr}
 554 0002 90F82430 		ldrb	r3, [r0, #36]	@ zero_extendqisi2
 555 0006 0022     		movs	r2, #0
 556 0008 012B     		cmp	r3, #1
 557 000a 0192     		str	r2, [sp, #4]
 558 000c 00F0EB80 		beq	.L119
 559 0010 D0F808E0 		ldr	lr, [r0, #8]
 560 0014 0125     		movs	r5, #1
 561 0016 80F82450 		strb	r5, [r0, #36]
 562 001a 4F68     		ldr	r7, [r1, #4]
 563 001c 0368     		ldr	r3, [r0]
 564 001e 0E68     		ldr	r6, [r1]
 565 0020 BEF1000F 		cmp	lr, #0
 566 0024 10D1     		bne	.L98
 567 0026 AF42     		cmp	r7, r5
 568 0028 09BF     		itett	eq
 569 002a 9C6B     		ldreq	r4, [r3, #56]
 570 002c 846A     		ldrne	r4, [r0, #40]
 571 002e A40D     		lsreq	r4, r4, #22
 572 0030 A405     		lsleq	r4, r4, #22
 573 0032 09BF     		itett	eq
 574 0034 44EAC634 		orreq	r4, r4, r6, lsl #15
 575 0038 44F02004 		orrne	r4, r4, #32
 576 003c 9C63     		streq	r4, [r3, #56]
 577 003e 7246     		moveq	r2, lr
 578 0040 1CBF     		itt	ne
 579 0042 8462     		strne	r4, [r0, #40]
 580 0044 2A46     		movne	r2, r5
 581 0046 27E0     		b	.L100
 582              	.L98:
 583 0048 D1F810E0 		ldr	lr, [r1, #16]
 584 004c 7745     		cmp	r7, lr
 585 004e CEEB0704 		rsb	r4, lr, r7
 586 0052 14D8     		bhi	.L101
 587 0054 04EB8404 		add	r4, r4, r4, lsl #2
ARM GAS  /tmp/ccJGgE4Y.s 			page 11


 588 0058 0F34     		adds	r4, r4, #15
 589 005a 06FA04FC 		lsl	ip, r6, r4
 590 005e 0EF1FF3E 		add	lr, lr, #-1
 591 0062 4CEA0E5C 		orr	ip, ip, lr, lsl #20
 592 0066 4FF01F0E 		mov	lr, #31
 593 006a 9D6B     		ldr	r5, [r3, #56]
 594 006c 0EFA04F4 		lsl	r4, lr, r4
 595 0070 44F44014 		orr	r4, r4, #3145728
 596 0074 25EA0404 		bic	r4, r5, r4
 597 0078 4CEA0404 		orr	r4, ip, r4
 598 007c 0BE0     		b	.L121
 599              	.L101:
 600 007e 04EB8404 		add	r4, r4, r4, lsl #2
 601 0082 0F34     		adds	r4, r4, #15
 602 0084 1F25     		movs	r5, #31
 603 0086 D3F838E0 		ldr	lr, [r3, #56]
 604 008a 05FA04F4 		lsl	r4, r5, r4
 605 008e 44F44014 		orr	r4, r4, #3145728
 606 0092 2EEA0404 		bic	r4, lr, r4
 607              	.L121:
 608 0096 9C63     		str	r4, [r3, #56]
 609              	.L100:
 610 0098 9C68     		ldr	r4, [r3, #8]
 611 009a E407     		lsls	r4, r4, #31
 612 009c 5FBF     		itttt	pl
 613 009e 9C68     		ldrpl	r4, [r3, #8]
 614 00a0 8D69     		ldrpl	r5, [r1, #24]
 615 00a2 24F4E044 		bicpl	r4, r4, #28672
 616 00a6 24F00104 		bicpl	r4, r4, #1
 617 00aa 5CBF     		itt	pl
 618 00ac 2C43     		orrpl	r4, r4, r5
 619 00ae 9C60     		strpl	r4, [r3, #8]
 620 00b0 4C7D     		ldrb	r4, [r1, #21]	@ zero_extendqisi2
 621 00b2 012C     		cmp	r4, #1
 622 00b4 0DD1     		bne	.L103
 623 00b6 8D69     		ldr	r5, [r1, #24]
 624 00b8 B5F5E04F 		cmp	r5, #28672
 625 00bc 17BF     		itett	ne
 626 00be 826A     		ldrne	r2, [r0, #40]
 627 00c0 5D68     		ldreq	r5, [r3, #4]
 628 00c2 42F02002 		orrne	r2, r2, #32
 629 00c6 8262     		strne	r2, [r0, #40]
 630 00c8 12BF     		itee	ne
 631 00ca 2246     		movne	r2, r4
 632 00cc 45F48065 		orreq	r5, r5, #1024
 633 00d0 5D60     		streq	r5, [r3, #4]
 634              	.L103:
 635 00d2 0D7D     		ldrb	r5, [r1, #20]	@ zero_extendqisi2
 636 00d4 012D     		cmp	r5, #1
 637 00d6 0AD1     		bne	.L105
 638 00d8 24B9     		cbnz	r4, .L106
 639 00da 5C68     		ldr	r4, [r3, #4]
 640 00dc 44F48054 		orr	r4, r4, #4096
 641 00e0 5C60     		str	r4, [r3, #4]
 642 00e2 04E0     		b	.L105
 643              	.L106:
 644 00e4 826A     		ldr	r2, [r0, #40]
ARM GAS  /tmp/ccJGgE4Y.s 			page 12


 645 00e6 42F02002 		orr	r2, r2, #32
 646 00ea 8262     		str	r2, [r0, #40]
 647 00ec 2A46     		mov	r2, r5
 648              	.L105:
 649 00ee 092E     		cmp	r6, #9
 650 00f0 4FEA4605 		lsl	r5, r6, #1
 651 00f4 8C68     		ldr	r4, [r1, #8]
 652 00f6 0ED9     		bls	.L107
 653 00f8 3544     		add	r5, r5, r6
 654 00fa D3F80CC0 		ldr	ip, [r3, #12]
 655 00fe 1E3D     		subs	r5, r5, #30
 656 0100 4FF0070E 		mov	lr, #7
 657 0104 0EFA05FE 		lsl	lr, lr, r5
 658 0108 2CEA0E0E 		bic	lr, ip, lr
 659 010c AC40     		lsls	r4, r4, r5
 660 010e 4EEA0404 		orr	r4, lr, r4
 661 0112 DC60     		str	r4, [r3, #12]
 662 0114 0CE0     		b	.L108
 663              	.L107:
 664 0116 D3F810C0 		ldr	ip, [r3, #16]
 665 011a 3544     		add	r5, r5, r6
 666 011c 4FF0070E 		mov	lr, #7
 667 0120 0EFA05FE 		lsl	lr, lr, r5
 668 0124 2CEA0E0E 		bic	lr, ip, lr
 669 0128 AC40     		lsls	r4, r4, r5
 670 012a 4EEA0404 		orr	r4, lr, r4
 671 012e 1C61     		str	r4, [r3, #16]
 672              	.L108:
 673 0130 A6F1100E 		sub	lr, r6, #16
 674 0134 BEF1010F 		cmp	lr, #1
 675 0138 98BF     		it	ls
 676 013a 9C68     		ldrls	r4, [r3, #8]
 677 013c D1F80CC0 		ldr	ip, [r1, #12]
 678 0140 9CBF     		itt	ls
 679 0142 44F40004 		orrls	r4, r4, #8388608
 680 0146 9C60     		strls	r4, [r3, #8]
 681 0148 022F     		cmp	r7, #2
 682 014a 0CD0     		beq	.L111
 683 014c 032F     		cmp	r7, #3
 684 014e 13D0     		beq	.L112
 685 0150 012F     		cmp	r7, #1
 686 0152 1AD1     		bne	.L120
 687 0154 5F69     		ldr	r7, [r3, #20]
 688 0156 27F47F65 		bic	r5, r7, #4080
 689 015a 25F00F05 		bic	r5, r5, #15
 690 015e 45EA0C05 		orr	r5, r5, ip
 691 0162 5D61     		str	r5, [r3, #20]
 692 0164 19E0     		b	.L114
 693              	.L111:
 694 0166 9D69     		ldr	r5, [r3, #24]
 695 0168 25F47F64 		bic	r4, r5, #4080
 696 016c 24F00F04 		bic	r4, r4, #15
 697 0170 44EA0C04 		orr	r4, r4, ip
 698 0174 9C61     		str	r4, [r3, #24]
 699 0176 10E0     		b	.L114
 700              	.L112:
 701 0178 DC69     		ldr	r4, [r3, #28]
ARM GAS  /tmp/ccJGgE4Y.s 			page 13


 702 017a 24F47F61 		bic	r1, r4, #4080
 703 017e 21F00F01 		bic	r1, r1, #15
 704 0182 41EA0C01 		orr	r1, r1, ip
 705 0186 D961     		str	r1, [r3, #28]
 706 0188 07E0     		b	.L114
 707              	.L120:
 708 018a 196A     		ldr	r1, [r3, #32]
 709 018c 21F47F61 		bic	r1, r1, #4080
 710 0190 21F00F01 		bic	r1, r1, #15
 711 0194 41EA0C01 		orr	r1, r1, ip
 712 0198 1962     		str	r1, [r3, #32]
 713              	.L114:
 714 019a BEF1010F 		cmp	lr, #1
 715 019e 1DD8     		bhi	.L115
 716 01a0 1249     		ldr	r1, .L123
 717 01a2 8B42     		cmp	r3, r1
 718 01a4 15D1     		bne	.L116
 719 01a6 9968     		ldr	r1, [r3, #8]
 720 01a8 0902     		lsls	r1, r1, #8
 721 01aa 17D4     		bmi	.L115
 722 01ac 9968     		ldr	r1, [r3, #8]
 723 01ae 102E     		cmp	r6, #16
 724 01b0 41F40001 		orr	r1, r1, #8388608
 725 01b4 9960     		str	r1, [r3, #8]
 726 01b6 11D1     		bne	.L115
 727 01b8 0D4B     		ldr	r3, .L123+4
 728 01ba 0E49     		ldr	r1, .L123+8
 729 01bc 1B68     		ldr	r3, [r3]
 730 01be B3FBF1F1 		udiv	r1, r3, r1
 731 01c2 0A23     		movs	r3, #10
 732 01c4 4B43     		muls	r3, r1, r3
 733              	.L122:
 734 01c6 0193     		str	r3, [sp, #4]
 735 01c8 019B     		ldr	r3, [sp, #4]
 736 01ca 3BB1     		cbz	r3, .L115
 737 01cc 019B     		ldr	r3, [sp, #4]
 738 01ce 013B     		subs	r3, r3, #1
 739 01d0 F9E7     		b	.L122
 740              	.L116:
 741 01d2 836A     		ldr	r3, [r0, #40]
 742 01d4 0122     		movs	r2, #1
 743 01d6 43F02003 		orr	r3, r3, #32
 744 01da 8362     		str	r3, [r0, #40]
 745              	.L115:
 746 01dc 0023     		movs	r3, #0
 747 01de 80F82430 		strb	r3, [r0, #36]
 748 01e2 1046     		mov	r0, r2
 749 01e4 00E0     		b	.L97
 750              	.L119:
 751 01e6 0220     		movs	r0, #2
 752              	.L97:
 753 01e8 03B0     		add	sp, sp, #12
 754              		@ sp needed
 755 01ea F0BD     		pop	{r4, r5, r6, r7, pc}
 756              	.L124:
 757              		.align	2
 758              	.L123:
ARM GAS  /tmp/ccJGgE4Y.s 			page 14


 759 01ec 00240140 		.word	1073816576
 760 01f0 00000000 		.word	SystemCoreClock
 761 01f4 40420F00 		.word	1000000
 763              		.ident	"GCC: (15:4.9.3+svn231177-1) 4.9.3 20150529 (prerelease)"
ARM GAS  /tmp/ccJGgE4Y.s 			page 15


DEFINED SYMBOLS
                            *ABS*:0000000000000000 stm32f1xx_hal_adc_ex.c
     /tmp/ccJGgE4Y.s:16     .text.HAL_ADCEx_Calibration_Start:0000000000000000 $t
     /tmp/ccJGgE4Y.s:21     .text.HAL_ADCEx_Calibration_Start:0000000000000000 HAL_ADCEx_Calibration_Start
     /tmp/ccJGgE4Y.s:118    .text.HAL_ADCEx_Calibration_Start:00000000000000cc $d
     /tmp/ccJGgE4Y.s:121    .text.HAL_ADCEx_InjectedStart:0000000000000000 $t
     /tmp/ccJGgE4Y.s:126    .text.HAL_ADCEx_InjectedStart:0000000000000000 HAL_ADCEx_InjectedStart
     /tmp/ccJGgE4Y.s:179    .text.HAL_ADCEx_InjectedStop:0000000000000000 $t
     /tmp/ccJGgE4Y.s:184    .text.HAL_ADCEx_InjectedStop:0000000000000000 HAL_ADCEx_InjectedStop
     /tmp/ccJGgE4Y.s:223    .text.HAL_ADCEx_InjectedPollForConversion:0000000000000000 $t
     /tmp/ccJGgE4Y.s:228    .text.HAL_ADCEx_InjectedPollForConversion:0000000000000000 HAL_ADCEx_InjectedPollForConversion
     /tmp/ccJGgE4Y.s:387    .text.HAL_ADCEx_InjectedPollForConversion:000000000000012c $d
     /tmp/ccJGgE4Y.s:395    .text.HAL_ADCEx_InjectedStart_IT:0000000000000000 $t
     /tmp/ccJGgE4Y.s:400    .text.HAL_ADCEx_InjectedStart_IT:0000000000000000 HAL_ADCEx_InjectedStart_IT
     /tmp/ccJGgE4Y.s:456    .text.HAL_ADCEx_InjectedStop_IT:0000000000000000 $t
     /tmp/ccJGgE4Y.s:461    .text.HAL_ADCEx_InjectedStop_IT:0000000000000000 HAL_ADCEx_InjectedStop_IT
     /tmp/ccJGgE4Y.s:504    .text.HAL_ADCEx_InjectedGetValue:0000000000000000 $t
     /tmp/ccJGgE4Y.s:509    .text.HAL_ADCEx_InjectedGetValue:0000000000000000 HAL_ADCEx_InjectedGetValue
     /tmp/ccJGgE4Y.s:533    .text.HAL_ADCEx_InjectedConvCpltCallback:0000000000000000 $t
     /tmp/ccJGgE4Y.s:538    .text.HAL_ADCEx_InjectedConvCpltCallback:0000000000000000 HAL_ADCEx_InjectedConvCpltCallback
     /tmp/ccJGgE4Y.s:545    .text.HAL_ADCEx_InjectedConfigChannel:0000000000000000 $t
     /tmp/ccJGgE4Y.s:550    .text.HAL_ADCEx_InjectedConfigChannel:0000000000000000 HAL_ADCEx_InjectedConfigChannel
     /tmp/ccJGgE4Y.s:759    .text.HAL_ADCEx_InjectedConfigChannel:00000000000001ec $d

UNDEFINED SYMBOLS
ADC_ConversionStop_Disable
HAL_RCCEx_GetPeriphCLKFreq
ADC_Enable
HAL_GetTick
SystemCoreClock
